../tools/closure-library/closure/bin/build/closurebuilder.py: Scanning paths...
../tools/closure-library/closure/bin/build/closurebuilder.py: 987 sources scanned.
../tools/closure-library/closure/bin/build/closurebuilder.py: Building dependency tree..
../tools/closure-library/closure/bin/build/closurebuilder.py: Compiling with the following command: java -d32 -client -jar ../tools/closure-compiler/compiler.jar --js goog/base.js --js pearson/brix/utils/utils.js --js goog/debug/relativetimeprovider.js --js goog/string/string.js --js goog/debug/formatter.js --js goog/useragent/useragent.js --js goog/structs/collection.js --js goog/object/object.js --js goog/dom/nodetype.js --js goog/debug/error.js --js goog/asserts/asserts.js --js goog/array/array.js --js goog/structs/structs.js --js goog/functions/functions.js --js goog/math/math.js --js goog/iter/iter.js --js goog/structs/map.js --js goog/structs/set.js --js goog/debug/debug.js --js goog/debug/logrecord.js --js goog/debug/logbuffer.js --js goog/debug/logger.js --js goog/debug/console.js --js pearson/brix/widget-base.js --js pearson/utils/eventmanager.js --js pearson/brix/widget-sketch.js --js pearson/brix/widget-checkgroup.js --js pearson/brix/mortar/mortar-base.js --js pearson/brix/mortar/mortar-dataswap.js --js pearson/brix/widget-piechart.js --js pearson/brix/mortar/mortar-agestructure.js --js pearson/brix/brix-labelselector.js --js pearson/brix/widget-image.js --js pearson/brix/brix-labelcarousel.js --js pearson/brix/widget-journal.js --js pearson/brix/widget-legend.js --js goog/uri/utils.js --js goog/disposable/idisposable.js --js goog/disposable/disposable.js --js goog/events/eventid.js --js goog/events/listenable.js --js goog/events/listener.js --js goog/events/listenermap.js --js goog/events/browserfeature.js --js goog/debug/entrypointregistry.js --js goog/events/eventtype.js --js goog/events/event.js --js goog/reflect/reflect.js --js goog/events/browserevent.js --js goog/events/events.js --js goog/events/eventtarget.js --js goog/timer/timer.js --js goog/net/errorcode.js --js goog/net/httpstatus.js --js goog/json/json.js --js goog/net/xhrlike.js --js goog/net/xmlhttpfactory.js --js goog/net/wrapperxmlhttpfactory.js --js goog/net/xmlhttp.js --js goog/net/eventtype.js --js goog/log/log.js --js goog/net/xhrio.js --js pearson/brix/utils/ipsproxy.js --js pearson/brix/utils/answerman.js --js pearson/brix/utils/localanswerman.js --js pearson/utils/size.js --js pearson/brix/bricworks.js --js pearson/utils/utils.js --js pearson/brix/utils/submitmanager.js --js pearson/brix/widget-multiplechoicequestion.js --js pearson/brix/widget-numeric.js --js pearson/brix/widget-prototype-axes.js --js pearson/brix/widget-button.js --js pearson/utils/messagebroker.js --js pearson/brix/brix-pyramidchart.js --js pearson/brix/widget-selectgroup.js --js pearson/brix/mortar/mortar-hilite.js --js pearson/utils/rect.js --js pearson/brix/widget-barchart.js --js goog/math/coordinate.js --js goog/math/box.js --js goog/math/size.js --js goog/math/rect.js --js goog/dom/vendor.js --js goog/dom/classes.js --js goog/dom/tagname.js --js goog/dom/browserfeature.js --js goog/dom/dom.js --js goog/style/style.js --js goog/events/eventhandler.js --js goog/ui/idgenerator.js --js goog/ui/component.js --js goog/a11y/aria/roles.js --js goog/style/bidi.js --js goog/fx/dragger.js --js goog/events/keycodes.js --js goog/async/delay.js --js goog/async/animationdelay.js --js goog/fx/anim/anim.js --js goog/fx/transition.js --js goog/fx/transitionbase.js --js goog/fx/animation.js --js goog/color/names.js --js goog/color/color.js --js goog/fx/dom.js --js goog/events/keyhandler.js --js goog/fx/animationqueue.js --js goog/a11y/aria/attributes.js --js goog/a11y/aria/datatables.js --js goog/a11y/aria/aria.js --js goog/dom/classlist.js --js goog/events/mousewheelhandler.js --js goog/ui/rangemodel.js --js goog/ui/sliderbase.js --js goog/ui/slider.js --js pearson/brix/widget-slider.js --js pearson/brix/widget-linegraph.js --js pearson/brix/widget-multiselectquestion.js --js pearson/brix/widget-numericquestion.js --js pearson/brix/widget-callouts.js --js pearson/brix/widget-markergroup.js --js pearson/brix/widget-carousel.js --js pearson/brix/mortar/mortar-waveform.js --js pearson/brix/mortar/seriesselection.js --js pearson/brix/widget-imageviewer.js --js pearson/brix/widget-radiogroup.js --js pearson/brix/widget-labelgroup.js --js pearson/brix/briclayer.js --js pearson/brix/utils/ipc.js --js pearson/utils/domhelper.js --js pearson/brix/utils/answermanpolling.js --compilation_level=SIMPLE_OPTIMIZATIONS --source_map_format=V3 --create_source_map=../build/brixlib-compiled.js.map --language_in=ECMASCRIPT5_STRICT --warning_level=VERBOSE --jscomp_warning=checkTypes --jscomp_warning=accessControls --jscomp_warning=const --extra_annotation_name=abstract --extra_annotation_name=virtual --extra_annotation_name=note --output_wrapper=(function(){%output%}).call(this); --externs=externs/d3.v3.externs.js --externs=externs/jquery-1.8.externs.js --generate_exports --js=goog/deps.js
pearson/brix/brix-labelcarousel.js:32: WARNING - Suspicious code. This code lacks side-effects. Is there a bug?
(function()
 ^

pearson/brix/brix-labelselector.js:23: WARNING - Suspicious code. This code lacks side-effects. Is there a bug?
(function()
 ^

pearson/brix/brix-pyramidchart.js:25: WARNING - Suspicious code. This code lacks side-effects. Is there a bug?
(function()
 ^

pearson/brix/brix-pyramidchart.js:82: WARNING - Property pyramidId_ never defined on pearson.brix.PyramidChart
	config.id = this.pyramidId_ + '_base';
	            ^

pearson/brix/brix-pyramidchart.js:83: WARNING - Function pearson.brix.SvgBric.call: called with 3 argument(s). Function requires at least 0 argument(s) and no more than 1 argument(s).
	goog.base(this, config, eventManager);
	^

pearson/brix/brix-pyramidchart.js:314: WARNING - Property getBBox never defined on Element
	var leftWidth = leftGroup.node().getBBox().width;
	                ^

pearson/brix/brix-pyramidchart.js:316: WARNING - Property getBBox never defined on Element
	var yAxisWidth = leftGroup.select('.y.axis').node().getBBox().width;
	                 ^

pearson/brix/brix-pyramidchart.js:580: WARNING - Property clearLastdrawn_ never defined on pearson.brix.PyramidChart
		this.clearLastdrawn_();
		^

pearson/brix/brix-pyramidchart.js:637: WARNING - Function pearson.brix.BarChart.prototype.lite: called with 0 argument(s). Function requires at least 1 argument(s) and no more than 1 argument(s).
	this.rightGraph.lite();
	^

pearson/brix/brix-pyramidchart.js:638: WARNING - Function pearson.brix.BarChart.prototype.lite: called with 0 argument(s). Function requires at least 1 argument(s) and no more than 1 argument(s).
	this.leftGraph.lite();
	^

pearson/brix/utils/ipc.js:235: WARNING - Property ipsBaseUrl never defined on Object
    if (!config.ipsBaseUrl)
         ^

pearson/brix/widget-barchart.js:29: WARNING - Suspicious code. This code lacks side-effects. Is there a bug?
(function()
 ^

pearson/brix/widget-barchart.js:647: WARNING - Property clearLastdrawn_ never defined on pearson.brix.BarChart
		this.clearLastdrawn_();
		^

pearson/brix/widget-button.js:24: WARNING - Suspicious code. This code lacks side-effects. Is there a bug?
(function()
 ^

pearson/brix/widget-callouts.js:26: WARNING - Suspicious code. This code lacks side-effects. Is there a bug?
(function()
 ^

pearson/brix/widget-carousel.js:23: WARNING - Suspicious code. This code lacks side-effects. Is there a bug?
(function()
 ^

pearson/brix/widget-checkgroup.js:26: WARNING - Suspicious code. This code lacks side-effects. Is there a bug?
(function()
 ^

pearson/brix/widget-image.js:26: WARNING - Suspicious code. This code lacks side-effects. Is there a bug?
(function()
 ^

pearson/brix/widget-imageviewer.js:29: WARNING - Suspicious code. This code lacks side-effects. Is there a bug?
(function()
 ^

pearson/brix/widget-journal.js:26: WARNING - Suspicious code. This code lacks side-effects. Is there a bug?
(function()
 ^

pearson/brix/widget-labelgroup.js:25: WARNING - Suspicious code. This code lacks side-effects. Is there a bug?
(function()
 ^

pearson/brix/widget-legend.js:24: WARNING - Suspicious code. This code lacks side-effects. Is there a bug?
(function()
 ^

pearson/brix/widget-legend.js:327: WARNING - Property getBBox never defined on ?
	this.boxWid = longBox.node().getBBox().width + inset/2 + boxLength + 10;
	              ^

pearson/brix/widget-linegraph.js:32: WARNING - Suspicious code. This code lacks side-effects. Is there a bug?
(function()
 ^

pearson/brix/widget-markergroup.js:23: WARNING - Suspicious code. This code lacks side-effects. Is there a bug?
(function()
 ^

pearson/brix/widget-multiplechoicequestion.js:31: WARNING - Suspicious code. This code lacks side-effects. Is there a bug?
(function()
 ^

pearson/brix/widget-multiplechoicequestion.js:89: WARNING - Bad type annotation. Unknown type pearson.brix.IQuestionBric
 * @implements {pearson.brix.IQuestionBric}
                ^

pearson/brix/widget-multiselectquestion.js:26: WARNING - Suspicious code. This code lacks side-effects. Is there a bug?
(function()
 ^

pearson/brix/widget-multiselectquestion.js:99: WARNING - Bad type annotation. Unknown type pearson.brix.IQuestionBric
 * @implements {pearson.brix.IQuestionBric}
                ^

pearson/brix/widget-numericquestion.js:26: WARNING - Suspicious code. This code lacks side-effects. Is there a bug?
(function()
 ^

pearson/brix/widget-numericquestion.js:55: WARNING - Bad type annotation. Unknown type pearson.brix.IQuestionBric
 * @implements {pearson.brix.IQuestionBric}
                ^

pearson/brix/widget-piechart.js:23: WARNING - Suspicious code. This code lacks side-effects. Is there a bug?
(function()
 ^

pearson/brix/widget-piechart.js:405: WARNING - Property outerRadius never defined on ?
	var arc = d3.svg.arc()  
	          ^

pearson/brix/widget-piechart.js:487: WARNING - Property clearLastdrawn_ never defined on pearson.brix.PieChart
		this.clearLastdrawn_();
		^

pearson/brix/widget-prototype-axes.js:369: WARNING - Property orient never defined on ?
		this.xAxis = d3.svg.axis() //a function that will create the axis and ticks and text labels
		             ^

pearson/brix/widget-prototype-axes.js:369: WARNING - Property tickPadding never defined on ?
		this.xAxis = d3.svg.axis() //a function that will create the axis and ticks and text labels
		             ^

pearson/brix/widget-prototype-axes.js:369: WARNING - Property tickSize never defined on ?
		this.xAxis = d3.svg.axis() //a function that will create the axis and ticks and text labels
		             ^

pearson/brix/widget-prototype-axes.js:421: WARNING - Property getBBox never defined on Element
			var xaxisDims = this.xaxis.node().getBBox();
			                ^

pearson/brix/widget-prototype-axes.js:433: WARNING - Property getBBox never defined on Element
		var xHt = d3.round(this.group.select(".x.axis").node().getBBox().height);
		                   ^

pearson/brix/widget-prototype-axes.js:466: WARNING - Suspicious code. This code lacks side-effects. Is there a bug?
				(this.yFmt.mode === "reverse") ? yExtent.reverse() : null;
				                                                     ^

pearson/brix/widget-prototype-axes.js:477: WARNING - Property orient never defined on ?
		this.yAxis = d3.svg.axis() //a function that will create the axis and ticks and text labels
		             ^

pearson/brix/widget-prototype-axes.js:477: WARNING - Property tickPadding never defined on ?
		this.yAxis = d3.svg.axis() //a function that will create the axis and ticks and text labels
		             ^

pearson/brix/widget-prototype-axes.js:477: WARNING - Property tickSize never defined on ?
		this.yAxis = d3.svg.axis() //a function that will create the axis and ticks and text labels
		             ^

pearson/brix/widget-prototype-axes.js:506: WARNING - Property getBBox never defined on Element
			var yaxisDims = this.yaxis.node().getBBox();
			                ^

pearson/brix/widget-prototype-axes.js:524: WARNING - Property getBBox never defined on Element
		var yWid = d3.round(this.group.select(".y.axis").node().getBBox().width);
		                    ^

pearson/brix/widget-prototype-axes.js:527: WARNING - Property getBBox never defined on Element
	var axesDims = this.group.node().getBBox();
	               ^

pearson/brix/widget-radiogroup.js:25: WARNING - Suspicious code. This code lacks side-effects. Is there a bug?
(function()
 ^

pearson/brix/widget-radiogroup.js:399: WARNING - actual parameter 1 of d3.select does not match formal parameter
found   : (Node|null)
required: (Element|null|string)
    var inputParent = d3.select(selectedInput.node().parentNode);
                                ^

pearson/brix/widget-selectgroup.js:23: WARNING - Suspicious code. This code lacks side-effects. Is there a bug?
(function()
 ^

pearson/brix/widget-sketch.js:24: WARNING - Suspicious code. This code lacks side-effects. Is there a bug?
(function()
 ^

pearson/brix/widget-sketch.js:321: WARNING - Property points never defined on d
				for (i = 0; i < d.points.length; i++)
				                ^

pearson/brix/widget-sketch.js:323: WARNING - Property points never defined on d
					d.points[i][0] = d.points[i][0] + xOffset;
					^

pearson/brix/widget-sketch.js:323: WARNING - Property points never defined on d
					d.points[i][0] = d.points[i][0] + xOffset;
					                 ^

pearson/brix/widget-sketch.js:324: WARNING - Property points never defined on d
					d.points[i][1] = d.points[i][1] + yOffset;
					^

pearson/brix/widget-sketch.js:324: WARNING - Property points never defined on d
					d.points[i][1] = d.points[i][1] + yOffset;
					                 ^

pearson/brix/widget-sketch.js:326: WARNING - Property points never defined on d
				return pearson.brix.Sketch.pointString(d.points, xScale, yScale);
				                                       ^

pearson/brix/widget-sketch.js:338: WARNING - Property maskid never defined on d
				var mask = sketchContainer.select("#" + d.maskid);
				                                        ^

pearson/brix/widget-sketch.js:523: WARNING - Property points never defined on d
				for (i = 0; i < d.points.length; i++)
				                ^

pearson/brix/widget-sketch.js:528: WARNING - Property points never defined on d
						d.points[i][0] = pearson.brix.Sketch.reflectValue(d.points[i][0], xLine);
						^

pearson/brix/widget-sketch.js:528: WARNING - Property points never defined on d
						d.points[i][0] = pearson.brix.Sketch.reflectValue(d.points[i][0], xLine);
						                                                  ^

pearson/brix/widget-sketch.js:533: WARNING - Property points never defined on d
						d.points[i][1] = pearson.brix.Sketch.reflectValue(d.points[i][1], yLine);
						^

pearson/brix/widget-sketch.js:533: WARNING - Property points never defined on d
						d.points[i][1] = pearson.brix.Sketch.reflectValue(d.points[i][1], yLine);
						                                                  ^

pearson/brix/widget-sketch.js:538: WARNING - Property points never defined on d
				return pearson.brix.Sketch.pointString(d.points, xScale, yScale);
				                                       ^

pearson/brix/widget-sketch.js:561: WARNING - Property maskid never defined on d
					var mask = sketchContainer.select("#" + d.maskid);
					                                        ^

pearson/brix/widget-sketch.js:841: WARNING - Property points never defined on d
					return pearson.brix.Sketch.pointString(d.points, xScale, yScale);
					                                       ^

pearson/brix/widget-sketch.js:857: WARNING - Property points never defined on d
				return pearson.brix.Sketch.pointString(d.points, xScale, yScale);
				                                       ^

pearson/brix/widget-sketch.js:874: WARNING - Property points never defined on d
				return pearson.brix.Sketch.pointString(d.points, xScale, yScale);
				                                       ^

pearson/brix/widget-sketch.js:898: WARNING - Property maskid never defined on d
					.attr("id", d.maskid);
					            ^

pearson/brix/widget-sketch.js:929: WARNING - Property maskid never defined on d
				hash.style("mask", "url(#" + d.maskid + ")");
				                             ^

pearson/brix/widget-sketch.js:973: WARNING - Property d never defined on d
	paths.attr("d", function(d) { return d.d});
	                                     ^

pearson/brix/widget-slider.js:30: WARNING - Suspicious code. This code lacks side-effects. Is there a bug?
(function()
 ^

0 error(s), 71 warning(s), 94.0% typed
../tools/closure-library/closure/bin/build/closurebuilder.py: JavaScript compilation succeeded.
