PAFAssignment uuid: 1308b6c8-90d6-4849-a799-df4dce4d8b76
	chapter: CHAPTER 11 RACE and ETHNICITY
	module: 1
	quiz: Quiz: What is the Difference between Race and Ethnicity?
	activities in assignment: 5
	json filename: Quiz_1.assignment.json
	PAFActivity uuid: 4aa6d6f2-f1e4-4735-99c2-8d5ec6322994 filename: Rev.11.1.1.html
		quiz: Quiz: What is the Difference between Race and Ethnicity?
		json filename: Rev.11.1.1.activity.json
	PAFActivity uuid: 22c251ee-8b16-4cd8-96be-937bc6023725 filename: Rev.11.1.2.html
		quiz: Quiz: What is the Difference between Race and Ethnicity?
		json filename: Rev.11.1.2.activity.json
	PAFActivity uuid: 971e1b1d-d5ea-4b9b-abaa-c8656059aa34 filename: Rev.11.1.3.html
		quiz: Quiz: What is the Difference between Race and Ethnicity?
		json filename: Rev.11.1.3.activity.json
	PAFActivity uuid: 15ddcabb-e45c-4401-87d9-b00d27d17184 filename: Rev.11.1.4.html
		quiz: Quiz: What is the Difference between Race and Ethnicity?
		json filename: Rev.11.1.4.activity.json
	PAFActivity uuid: f8e11a79-d71c-4a22-8458-8ed1a56f51a8 filename: Rev.11.1.5.html
		quiz: Quiz: What is the Difference between Race and Ethnicity?
		json filename: Rev.11.1.5.activity.json
PAFAssignment uuid: e5a009a7-582e-4bf0-9c95-29fe1c1a6f82
	chapter: CHAPTER 11 RACE and ETHNICITY
	module: 2
	quiz: Quiz: Is Race Real?
	activities in assignment: 5
	json filename: Quiz_2.assignment.json
	PAFActivity uuid: 0e1b9216-e2de-4309-a4ca-4c9b55faf22e filename: Rev.11.2.1.html
		quiz: Quiz: Is Race Real?
		json filename: Rev.11.2.1.activity.json
	PAFActivity uuid: 1e5345d0-47f9-49b3-b80d-ec223846985f filename: Rev.11.2.2.html
		quiz: Quiz: Is Race Real?
		json filename: Rev.11.2.2.activity.json
	PAFActivity uuid: c145ad58-a49c-400d-a6a3-78474f8b78bb filename: Rev.11.2.3.html
		quiz: Quiz: Is Race Real?
		json filename: Rev.11.2.3.activity.json
	PAFActivity uuid: 2037e253-0997-47ec-9c9c-927efdeeb52d filename: Rev.11.2.4.html
		quiz: Quiz: Is Race Real?
		json filename: Rev.11.2.4.activity.json
	PAFActivity uuid: 93079fdc-edc0-4a56-b7bb-7601d70e1251 filename: Rev.11.2.5.html
		quiz: Quiz: Is Race Real?
		json filename: Rev.11.2.5.activity.json
PAFAssignment uuid: d5819c1a-3730-4000-b2ae-36a9d5bc0c84
	chapter: CHAPTER 11 RACE and ETHNICITY
	module: 3
	quiz: Quiz: What is Racism?
	activities in assignment: 5
	json filename: Quiz_3.assignment.json
	PAFActivity uuid: 8361b9cf-772a-4787-a50f-cba716a941f4 filename: Rev.11.3.1.html
		quiz: Quiz: What is Racism?
		json filename: Rev.11.3.1.activity.json
	PAFActivity uuid: b80680d7-3a33-4508-ada6-22e7cbb96e49 filename: Rev.11.3.2.html
		quiz: Quiz: What is Racism?
		json filename: Rev.11.3.2.activity.json
	PAFActivity uuid: 7adba5a5-051a-43c2-ad75-f119512755e3 filename: Rev.11.3.3.html
		quiz: Quiz: What is Racism?
		json filename: Rev.11.3.3.activity.json
	PAFActivity uuid: 0704fd90-9a99-4beb-a6d2-4d7375da6d0e filename: Rev.11.3.4.html
		quiz: Quiz: What is Racism?
		json filename: Rev.11.3.4.activity.json
	PAFActivity uuid: 3f997d8c-e1fb-4de6-80cb-8dfceb324df2 filename: Rev.11.3.5.html
		quiz: Quiz: What is Racism?
		json filename: Rev.11.3.5.activity.json
PAFAssignment uuid: 01e2f802-7206-4d70-835c-24d3260c04e6
	chapter: CHAPTER 11 RACE and ETHNICITY
	module: 4
	quiz: Quiz: Do Race and Ethnicity Matter Anymore?
	activities in assignment: 5
	json filename: Quiz_4.assignment.json
	PAFActivity uuid: dbf15d2d-a743-4d39-83b3-a867aa3f02b7 filename: Rev.11.4.1.html
		quiz: Quiz: Do Race and Ethnicity Matter Anymore?
		json filename: Rev.11.4.1.activity.json
	PAFActivity uuid: 0bd064e9-c57c-4a47-8eb4-aa28df3aa389 filename: Rev.11.4.2.html
		quiz: Quiz: Do Race and Ethnicity Matter Anymore?
		json filename: Rev.11.4.2.activity.json
	PAFActivity uuid: 128d33dd-e5c9-48fa-a3ae-d7bf82984ed2 filename: Rev.11.4.3.html
		quiz: Quiz: Do Race and Ethnicity Matter Anymore?
		json filename: Rev.11.4.3.activity.json
	PAFActivity uuid: 14676c1e-51d4-42fa-ad52-ea81388aac3a filename: Rev.11.4.4.html
		quiz: Quiz: Do Race and Ethnicity Matter Anymore?
		json filename: Rev.11.4.4.activity.json
	PAFActivity uuid: df25d79f-3714-4e01-899b-c74d208bd515 filename: Rev.11.4.5.html
		quiz: Quiz: Do Race and Ethnicity Matter Anymore?
		json filename: Rev.11.4.5.activity.json
PAFAssignment uuid: 71bc6441-7425-4ecd-8ec3-f5b0ac852920
	chapter: CHAPTER 11 RACE and ETHNICITY
	module: 5
	quiz: Quiz: How are Race and Ethnicity Changing in the Twenty-First Century?
	activities in assignment: 5
	json filename: Quiz_5.assignment.json
	PAFActivity uuid: b74ca84a-5fe1-4665-ae0d-07d5c61b149b filename: Rev.11.5.1.html
		quiz: Quiz: How are Race and Ethnicity Changing in the Twenty-First Century?
		json filename: Rev.11.5.1.activity.json
	PAFActivity uuid: 15297d3f-0c3a-4645-8a18-a9a451cad301 filename: Rev.11.5.2.html
		quiz: Quiz: How are Race and Ethnicity Changing in the Twenty-First Century?
		json filename: Rev.11.5.2.activity.json
	PAFActivity uuid: 4f73b223-71a0-4345-b4f7-fb3d93d44f7e filename: Rev.11.5.3.html
		quiz: Quiz: How are Race and Ethnicity Changing in the Twenty-First Century?
		json filename: Rev.11.5.3.activity.json
	PAFActivity uuid: 2756fd6e-5d59-432e-964c-94ad0e6a76ef filename: Rev.11.5.4.html
		quiz: Quiz: How are Race and Ethnicity Changing in the Twenty-First Century?
		json filename: Rev.11.5.4.activity.json
	PAFActivity uuid: 5b6928d9-abe2-4bf8-831c-c410add66e08 filename: Rev.11.5.5.html
		quiz: Quiz: How are Race and Ethnicity Changing in the Twenty-First Century?
		json filename: Rev.11.5.5.activity.json
PAFAssignment uuid: 28f52dfa-16a7-4f10-9e1d-134c6008c00f
	chapter: CHAPTER 11 RACE and ETHNICITY
	module: 5
	quiz: A Changing Population
	activities in assignment: 1
	json filename: Quiz_6.assignment.json
	PAFActivity uuid: ab974aaa-fd1f-4556-98f6-3aba7bc1f3c9 filename: IN11.5.5b.html
		quiz: A Changing Population
		json filename: IN11.5.5b.activity.json
PAFAssignment uuid: 53968952-1238-4d7f-87da-c502c6555f8c
	chapter: CHAPTER 11 RACE and ETHNICITY
	module: NA
	quiz: Quiz: Race and Ethnicity
	activities in assignment: 25
	json filename: Quiz_7.assignment.json
	PAFActivity uuid: c60cf4fe-a347-4da2-8bd6-54fc50cc9d2c filename: CE.11.01.html
		quiz: Quiz: Race and Ethnicity
		json filename: CE.11.01.activity.json
	PAFActivity uuid: 57b04aad-de21-4f0f-9719-0ca375e1ee10 filename: CE.11.02.html
		quiz: Quiz: Race and Ethnicity
		json filename: CE.11.02.activity.json
	PAFActivity uuid: 55011ce6-747d-447e-8655-4da44338a379 filename: CE.11.03.html
		quiz: Quiz: Race and Ethnicity
		json filename: CE.11.03.activity.json
	PAFActivity uuid: 130cf7af-010f-430d-a797-4c1f205a9abc filename: CE.11.04.html
		quiz: Quiz: Race and Ethnicity
		json filename: CE.11.04.activity.json
	PAFActivity uuid: d33668b0-a037-4c97-acf5-a593272ae152 filename: CE.11.05.html
		quiz: Quiz: Race and Ethnicity
		json filename: CE.11.05.activity.json
	PAFActivity uuid: a03448ea-ab86-4cde-b458-c79ee86c8d5e filename: CE.11.06.html
		quiz: Quiz: Race and Ethnicity
		json filename: CE.11.06.activity.json
	PAFActivity uuid: e462f90b-4c04-4c10-8342-5f59e00c36c1 filename: CE.11.07.html
		quiz: Quiz: Race and Ethnicity
		json filename: CE.11.07.activity.json
	PAFActivity uuid: 488ae88f-6e90-4e93-af35-015b441b161d filename: CE.11.08.html
		quiz: Quiz: Race and Ethnicity
		json filename: CE.11.08.activity.json
	PAFActivity uuid: 5673fc88-ff41-4f88-94e5-bc6dc50b3de8 filename: CE.11.09.html
		quiz: Quiz: Race and Ethnicity
		json filename: CE.11.09.activity.json
	PAFActivity uuid: 7c1fe35b-3dd5-4864-b124-9574c8b97666 filename: CE.11.10.html
		quiz: Quiz: Race and Ethnicity
		json filename: CE.11.10.activity.json
	PAFActivity uuid: 1bb85e2f-94c5-497c-8a42-a248b060d7b3 filename: CE.11.11.html
		quiz: Quiz: Race and Ethnicity
		json filename: CE.11.11.activity.json
	PAFActivity uuid: 07298afa-cde6-4bc8-b480-1269c804dcdb filename: CE.11.12.html
		quiz: Quiz: Race and Ethnicity
		json filename: CE.11.12.activity.json
	PAFActivity uuid: f9e4b944-0f67-4056-8851-519a1192c554 filename: CE.11.13.html
		quiz: Quiz: Race and Ethnicity
		json filename: CE.11.13.activity.json
	PAFActivity uuid: fe3e22be-efc8-468f-a152-1c4779c7df8a filename: CE.11.14.html
		quiz: Quiz: Race and Ethnicity
		json filename: CE.11.14.activity.json
	PAFActivity uuid: 39db7896-fa41-4587-8527-586b9ea97fb5 filename: CE.11.15.html
		quiz: Quiz: Race and Ethnicity
		json filename: CE.11.15.activity.json
	PAFActivity uuid: 59b28f0e-8e1c-4074-9589-ab0e82d84c28 filename: CE.11.16.html
		quiz: Quiz: Race and Ethnicity
		json filename: CE.11.16.activity.json
	PAFActivity uuid: 0cca1d12-262c-4d50-aba9-c64f9e90fa99 filename: CE.11.17.html
		quiz: Quiz: Race and Ethnicity
		json filename: CE.11.17.activity.json
	PAFActivity uuid: e863742d-4cdc-4ff2-a2de-28bdbe4933b0 filename: CE.11.18.html
		quiz: Quiz: Race and Ethnicity
		json filename: CE.11.18.activity.json
	PAFActivity uuid: eb1a1f2c-4c9a-4a13-988b-c05cc91519ee filename: CE.11.19.html
		quiz: Quiz: Race and Ethnicity
		json filename: CE.11.19.activity.json
	PAFActivity uuid: fc55a1a9-dfdf-4ebf-ae74-7896f4c00b75 filename: CE.11.20.html
		quiz: Quiz: Race and Ethnicity
		json filename: CE.11.20.activity.json
	PAFActivity uuid: d6f9913c-89cf-48ae-97a7-56367bd87575 filename: CE.11.21.html
		quiz: Quiz: Race and Ethnicity
		json filename: CE.11.21.activity.json
	PAFActivity uuid: 4bb5e26e-104f-4a7d-a807-065de149a00d filename: CE.11.22.html
		quiz: Quiz: Race and Ethnicity
		json filename: CE.11.22.activity.json
	PAFActivity uuid: 978788f1-52d3-424f-b1fe-42a6be66a72a filename: CE.11.23.html
		quiz: Quiz: Race and Ethnicity
		json filename: CE.11.23.activity.json
	PAFActivity uuid: 56e3d175-f675-486a-a00f-7156a74bd5b9 filename: CE.11.24.html
		quiz: Quiz: Race and Ethnicity
		json filename: CE.11.24.activity.json
	PAFActivity uuid: 8bef7bb3-c58c-4a55-ac18-307565573355 filename: CE.11.25.html
		quiz: Quiz: Race and Ethnicity
		json filename: CE.11.25.activity.json
writing  Quiz_1.assignment.json
writing  Rev.11.1.1.activity.json
writing  Rev.11.1.2.activity.json
writing  Rev.11.1.3.activity.json
writing  Rev.11.1.4.activity.json
writing  Rev.11.1.5.activity.json
writing  Quiz_2.assignment.json
writing  Rev.11.2.1.activity.json
writing  Rev.11.2.2.activity.json
writing  Rev.11.2.3.activity.json
writing  Rev.11.2.4.activity.json
writing  Rev.11.2.5.activity.json
writing  Quiz_3.assignment.json
writing  Rev.11.3.1.activity.json
writing  Rev.11.3.2.activity.json
writing  Rev.11.3.3.activity.json
writing  Rev.11.3.4.activity.json
writing  Rev.11.3.5.activity.json
writing  Quiz_4.assignment.json
writing  Rev.11.4.1.activity.json
writing  Rev.11.4.2.activity.json
writing  Rev.11.4.3.activity.json
writing  Rev.11.4.4.activity.json
writing  Rev.11.4.5.activity.json
writing  Quiz_5.assignment.json
writing  Rev.11.5.1.activity.json
writing  Rev.11.5.2.activity.json
writing  Rev.11.5.3.activity.json
writing  Rev.11.5.4.activity.json
writing  Rev.11.5.5.activity.json
writing  Quiz_6.assignment.json
writing  IN11.5.5b.activity.json
writing  Quiz_7.assignment.json
writing  CE.11.01.activity.json
writing  CE.11.02.activity.json
writing  CE.11.03.activity.json
writing  CE.11.04.activity.json
writing  CE.11.05.activity.json
writing  CE.11.06.activity.json
writing  CE.11.07.activity.json
writing  CE.11.08.activity.json
writing  CE.11.09.activity.json
writing  CE.11.10.activity.json
writing  CE.11.11.activity.json
writing  CE.11.12.activity.json
writing  CE.11.13.activity.json
writing  CE.11.14.activity.json
writing  CE.11.15.activity.json
writing  CE.11.16.activity.json
writing  CE.11.17.activity.json
writing  CE.11.18.activity.json
writing  CE.11.19.activity.json
writing  CE.11.20.activity.json
writing  CE.11.21.activity.json
writing  CE.11.22.activity.json
writing  CE.11.23.activity.json
writing  CE.11.24.activity.json
writing  CE.11.25.activity.json
