Fri Jan 31 13:57:18 EST 2014
importing ../Manza/MC/json/Quiz_1.assignment.json to PAF...
Tool to make signed request to PAF (ver 0.3c (2013/12/19))
[IN] Parameters:
	url: http://repo.paf.cert.pearsoncmg.com/paf-repo/resources/activities
	header: Content-Type: application/vnd.pearson.paf.v1.envelope+json;body="application/vnd.pearson.paf.v1.assignment+json"
	data source: ../Manza/MC/json/Quiz_1.assignment.json
	data content: '{
  "@context": "http://purl.org/pearson/content/v1/ctx/metadata/envelope", 
  ...
	method: POST
	osecret: 897***
	oconsumer: eco***

[OUT] Server response:
{
	"statusCode": "Created (201)",
	"body":[{"guid":"1308b6c8-90d6-4849-a799-df4dce4d8b76","@context":"http://purl.org/pearson/content/v1/ctx/metadata/MetadataId","@id":"http://repo.paf.cert.pearsoncmg.com/paf-repo/resources/activities/1308b6c8-90d6-4849-a799-df4dce4d8b76","@type":"Metadata"}]
}
...importing ../Manza/MC/json/Quiz_1.assignment.json to PAF was successful
Fri Jan 31 13:57:26 EST 2014
importing ../Manza/MC/json/Quiz_2.assignment.json to PAF...
Tool to make signed request to PAF (ver 0.3c (2013/12/19))
[IN] Parameters:
	url: http://repo.paf.cert.pearsoncmg.com/paf-repo/resources/activities
	header: Content-Type: application/vnd.pearson.paf.v1.envelope+json;body="application/vnd.pearson.paf.v1.assignment+json"
	data source: ../Manza/MC/json/Quiz_2.assignment.json
	data content: '{
  "@context": "http://purl.org/pearson/content/v1/ctx/metadata/envelope", 
  ...
	method: POST
	osecret: 897***
	oconsumer: eco***

[OUT] Server response:
{
	"statusCode": "Created (201)",
	"body":[{"guid":"e5a009a7-582e-4bf0-9c95-29fe1c1a6f82","@context":"http://purl.org/pearson/content/v1/ctx/metadata/MetadataId","@id":"http://repo.paf.cert.pearsoncmg.com/paf-repo/resources/activities/e5a009a7-582e-4bf0-9c95-29fe1c1a6f82","@type":"Metadata"}]
}
...importing ../Manza/MC/json/Quiz_2.assignment.json to PAF was successful
Fri Jan 31 13:57:27 EST 2014
importing ../Manza/MC/json/Quiz_3.assignment.json to PAF...
Tool to make signed request to PAF (ver 0.3c (2013/12/19))
[IN] Parameters:
	url: http://repo.paf.cert.pearsoncmg.com/paf-repo/resources/activities
	header: Content-Type: application/vnd.pearson.paf.v1.envelope+json;body="application/vnd.pearson.paf.v1.assignment+json"
	data source: ../Manza/MC/json/Quiz_3.assignment.json
	data content: '{
  "@context": "http://purl.org/pearson/content/v1/ctx/metadata/envelope", 
  ...
	method: POST
	osecret: 897***
	oconsumer: eco***

[OUT] Server response:
{
	"statusCode": "Created (201)",
	"body":[{"guid":"d5819c1a-3730-4000-b2ae-36a9d5bc0c84","@context":"http://purl.org/pearson/content/v1/ctx/metadata/MetadataId","@id":"http://repo.paf.cert.pearsoncmg.com/paf-repo/resources/activities/d5819c1a-3730-4000-b2ae-36a9d5bc0c84","@type":"Metadata"}]
}
...importing ../Manza/MC/json/Quiz_3.assignment.json to PAF was successful
Fri Jan 31 13:57:28 EST 2014
importing ../Manza/MC/json/Quiz_4.assignment.json to PAF...
Tool to make signed request to PAF (ver 0.3c (2013/12/19))
[IN] Parameters:
	url: http://repo.paf.cert.pearsoncmg.com/paf-repo/resources/activities
	header: Content-Type: application/vnd.pearson.paf.v1.envelope+json;body="application/vnd.pearson.paf.v1.assignment+json"
	data source: ../Manza/MC/json/Quiz_4.assignment.json
	data content: '{
  "@context": "http://purl.org/pearson/content/v1/ctx/metadata/envelope", 
  ...
	method: POST
	osecret: 897***
	oconsumer: eco***

[OUT] Server response:
{
	"statusCode": "Created (201)",
	"body":[{"guid":"01e2f802-7206-4d70-835c-24d3260c04e6","@context":"http://purl.org/pearson/content/v1/ctx/metadata/MetadataId","@id":"http://repo.paf.cert.pearsoncmg.com/paf-repo/resources/activities/01e2f802-7206-4d70-835c-24d3260c04e6","@type":"Metadata"}]
}
...importing ../Manza/MC/json/Quiz_4.assignment.json to PAF was successful
Fri Jan 31 13:57:29 EST 2014
importing ../Manza/MC/json/Quiz_5.assignment.json to PAF...
Tool to make signed request to PAF (ver 0.3c (2013/12/19))
[IN] Parameters:
	url: http://repo.paf.cert.pearsoncmg.com/paf-repo/resources/activities
	header: Content-Type: application/vnd.pearson.paf.v1.envelope+json;body="application/vnd.pearson.paf.v1.assignment+json"
	data source: ../Manza/MC/json/Quiz_5.assignment.json
	data content: '{
  "@context": "http://purl.org/pearson/content/v1/ctx/metadata/envelope", 
  ...
	method: POST
	osecret: 897***
	oconsumer: eco***

[OUT] Server response:
{
	"statusCode": "Created (201)",
	"body":[{"guid":"71bc6441-7425-4ecd-8ec3-f5b0ac852920","@context":"http://purl.org/pearson/content/v1/ctx/metadata/MetadataId","@id":"http://repo.paf.cert.pearsoncmg.com/paf-repo/resources/activities/71bc6441-7425-4ecd-8ec3-f5b0ac852920","@type":"Metadata"}]
}
...importing ../Manza/MC/json/Quiz_5.assignment.json to PAF was successful
Fri Jan 31 13:57:30 EST 2014
importing ../Manza/MC/json/Quiz_7.assignment.json to PAF...
Tool to make signed request to PAF (ver 0.3c (2013/12/19))
[IN] Parameters:
	url: http://repo.paf.cert.pearsoncmg.com/paf-repo/resources/activities
	header: Content-Type: application/vnd.pearson.paf.v1.envelope+json;body="application/vnd.pearson.paf.v1.assignment+json"
	data source: ../Manza/MC/json/Quiz_7.assignment.json
	data content: '{
  "@context": "http://purl.org/pearson/content/v1/ctx/metadata/envelope", 
  ...
	method: POST
	osecret: 897***
	oconsumer: eco***

[OUT] Server response:
{
	"statusCode": "Created (201)",
	"body":[{"guid":"53968952-1238-4d7f-87da-c502c6555f8c","@context":"http://purl.org/pearson/content/v1/ctx/metadata/MetadataId","@id":"http://repo.paf.cert.pearsoncmg.com/paf-repo/resources/activities/53968952-1238-4d7f-87da-c502c6555f8c","@type":"Metadata"}]
}
...importing ../Manza/MC/json/Quiz_7.assignment.json to PAF was successful
Fri Jan 31 13:57:31 EST 2014
Fri Jan 31 13:59:08 EST 2014
importing ../Manza/MC/json/CE.11.01.activity.json to PAF...
Tool to make signed request to PAF (ver 0.3c (2013/12/19))
[IN] Parameters:
	url: http://repo.paf.cert.pearsoncmg.com/paf-repo/resources/activities
	header: Content-Type: application/vnd.pearson.paf.v1.envelope+json;body="application/vnd.pearson.sanvan.v1.activity"
	data source: ../Manza/MC/json/CE.11.01.activity.json
	data content: '{
  "@context": "http://purl.org/pearson/content/v1/ctx/metadata/envelope", 
  ...
	method: POST
	osecret: 897***
	oconsumer: eco***

[OUT] Server response:
{
	"statusCode": "Created (201)",
	"body":[{"guid":"c60cf4fe-a347-4da2-8bd6-54fc50cc9d2c","@context":"http://purl.org/pearson/content/v1/ctx/metadata/MetadataId","@id":"http://repo.paf.cert.pearsoncmg.com/paf-repo/resources/activities/c60cf4fe-a347-4da2-8bd6-54fc50cc9d2c","@type":"Metadata"}]
}
...importing ../Manza/MC/json/CE.11.01.activity.json to PAF was successful
Fri Jan 31 13:59:10 EST 2014
importing ../Manza/MC/json/CE.11.02.activity.json to PAF...
Tool to make signed request to PAF (ver 0.3c (2013/12/19))
[IN] Parameters:
	url: http://repo.paf.cert.pearsoncmg.com/paf-repo/resources/activities
	header: Content-Type: application/vnd.pearson.paf.v1.envelope+json;body="application/vnd.pearson.sanvan.v1.activity"
	data source: ../Manza/MC/json/CE.11.02.activity.json
	data content: '{
  "@context": "http://purl.org/pearson/content/v1/ctx/metadata/envelope", 
  ...
	method: POST
	osecret: 897***
	oconsumer: eco***

[OUT] Server response:
{
	"statusCode": "Created (201)",
	"body":[{"guid":"57b04aad-de21-4f0f-9719-0ca375e1ee10","@context":"http://purl.org/pearson/content/v1/ctx/metadata/MetadataId","@id":"http://repo.paf.cert.pearsoncmg.com/paf-repo/resources/activities/57b04aad-de21-4f0f-9719-0ca375e1ee10","@type":"Metadata"}]
}
...importing ../Manza/MC/json/CE.11.02.activity.json to PAF was successful
Fri Jan 31 13:59:11 EST 2014
importing ../Manza/MC/json/CE.11.03.activity.json to PAF...
Tool to make signed request to PAF (ver 0.3c (2013/12/19))
[IN] Parameters:
	url: http://repo.paf.cert.pearsoncmg.com/paf-repo/resources/activities
	header: Content-Type: application/vnd.pearson.paf.v1.envelope+json;body="application/vnd.pearson.sanvan.v1.activity"
	data source: ../Manza/MC/json/CE.11.03.activity.json
	data content: '{
  "@context": "http://purl.org/pearson/content/v1/ctx/metadata/envelope", 
  ...
	method: POST
	osecret: 897***
	oconsumer: eco***

[OUT] Server response:
{
	"statusCode": "Created (201)",
	"body":[{"guid":"55011ce6-747d-447e-8655-4da44338a379","@context":"http://purl.org/pearson/content/v1/ctx/metadata/MetadataId","@id":"http://repo.paf.cert.pearsoncmg.com/paf-repo/resources/activities/55011ce6-747d-447e-8655-4da44338a379","@type":"Metadata"}]
}
...importing ../Manza/MC/json/CE.11.03.activity.json to PAF was successful
Fri Jan 31 13:59:12 EST 2014
importing ../Manza/MC/json/CE.11.04.activity.json to PAF...
Tool to make signed request to PAF (ver 0.3c (2013/12/19))
[IN] Parameters:
	url: http://repo.paf.cert.pearsoncmg.com/paf-repo/resources/activities
	header: Content-Type: application/vnd.pearson.paf.v1.envelope+json;body="application/vnd.pearson.sanvan.v1.activity"
	data source: ../Manza/MC/json/CE.11.04.activity.json
	data content: '{
  "@context": "http://purl.org/pearson/content/v1/ctx/metadata/envelope", 
  ...
	method: POST
	osecret: 897***
	oconsumer: eco***

[OUT] Server response:
{
	"statusCode": "Created (201)",
	"body":[{"guid":"130cf7af-010f-430d-a797-4c1f205a9abc","@context":"http://purl.org/pearson/content/v1/ctx/metadata/MetadataId","@id":"http://repo.paf.cert.pearsoncmg.com/paf-repo/resources/activities/130cf7af-010f-430d-a797-4c1f205a9abc","@type":"Metadata"}]
}
...importing ../Manza/MC/json/CE.11.04.activity.json to PAF was successful
Fri Jan 31 13:59:12 EST 2014
importing ../Manza/MC/json/CE.11.05.activity.json to PAF...
Tool to make signed request to PAF (ver 0.3c (2013/12/19))
[IN] Parameters:
	url: http://repo.paf.cert.pearsoncmg.com/paf-repo/resources/activities
	header: Content-Type: application/vnd.pearson.paf.v1.envelope+json;body="application/vnd.pearson.sanvan.v1.activity"
	data source: ../Manza/MC/json/CE.11.05.activity.json
	data content: '{
  "@context": "http://purl.org/pearson/content/v1/ctx/metadata/envelope", 
  ...
	method: POST
	osecret: 897***
	oconsumer: eco***

[OUT] Server response:
{
	"statusCode": "Created (201)",
	"body":[{"guid":"d33668b0-a037-4c97-acf5-a593272ae152","@context":"http://purl.org/pearson/content/v1/ctx/metadata/MetadataId","@id":"http://repo.paf.cert.pearsoncmg.com/paf-repo/resources/activities/d33668b0-a037-4c97-acf5-a593272ae152","@type":"Metadata"}]
}
...importing ../Manza/MC/json/CE.11.05.activity.json to PAF was successful
Fri Jan 31 13:59:13 EST 2014
importing ../Manza/MC/json/CE.11.06.activity.json to PAF...
Tool to make signed request to PAF (ver 0.3c (2013/12/19))
[IN] Parameters:
	url: http://repo.paf.cert.pearsoncmg.com/paf-repo/resources/activities
	header: Content-Type: application/vnd.pearson.paf.v1.envelope+json;body="application/vnd.pearson.sanvan.v1.activity"
	data source: ../Manza/MC/json/CE.11.06.activity.json
	data content: '{
  "@context": "http://purl.org/pearson/content/v1/ctx/metadata/envelope", 
  ...
	method: POST
	osecret: 897***
	oconsumer: eco***

[OUT] Server response:
{
	"statusCode": "Created (201)",
	"body":[{"guid":"a03448ea-ab86-4cde-b458-c79ee86c8d5e","@context":"http://purl.org/pearson/content/v1/ctx/metadata/MetadataId","@id":"http://repo.paf.cert.pearsoncmg.com/paf-repo/resources/activities/a03448ea-ab86-4cde-b458-c79ee86c8d5e","@type":"Metadata"}]
}
...importing ../Manza/MC/json/CE.11.06.activity.json to PAF was successful
Fri Jan 31 13:59:14 EST 2014
importing ../Manza/MC/json/CE.11.07.activity.json to PAF...
Tool to make signed request to PAF (ver 0.3c (2013/12/19))
[IN] Parameters:
	url: http://repo.paf.cert.pearsoncmg.com/paf-repo/resources/activities
	header: Content-Type: application/vnd.pearson.paf.v1.envelope+json;body="application/vnd.pearson.sanvan.v1.activity"
	data source: ../Manza/MC/json/CE.11.07.activity.json
	data content: '{
  "@context": "http://purl.org/pearson/content/v1/ctx/metadata/envelope", 
  ...
	method: POST
	osecret: 897***
	oconsumer: eco***

[OUT] Server response:
{
	"statusCode": "Created (201)",
	"body":[{"guid":"e462f90b-4c04-4c10-8342-5f59e00c36c1","@context":"http://purl.org/pearson/content/v1/ctx/metadata/MetadataId","@id":"http://repo.paf.cert.pearsoncmg.com/paf-repo/resources/activities/e462f90b-4c04-4c10-8342-5f59e00c36c1","@type":"Metadata"}]
}
...importing ../Manza/MC/json/CE.11.07.activity.json to PAF was successful
Fri Jan 31 13:59:15 EST 2014
importing ../Manza/MC/json/CE.11.08.activity.json to PAF...
Tool to make signed request to PAF (ver 0.3c (2013/12/19))
[IN] Parameters:
	url: http://repo.paf.cert.pearsoncmg.com/paf-repo/resources/activities
	header: Content-Type: application/vnd.pearson.paf.v1.envelope+json;body="application/vnd.pearson.sanvan.v1.activity"
	data source: ../Manza/MC/json/CE.11.08.activity.json
	data content: '{
  "@context": "http://purl.org/pearson/content/v1/ctx/metadata/envelope", 
  ...
	method: POST
	osecret: 897***
	oconsumer: eco***

[OUT] Server response:
{
	"statusCode": "Created (201)",
	"body":[{"guid":"488ae88f-6e90-4e93-af35-015b441b161d","@context":"http://purl.org/pearson/content/v1/ctx/metadata/MetadataId","@id":"http://repo.paf.cert.pearsoncmg.com/paf-repo/resources/activities/488ae88f-6e90-4e93-af35-015b441b161d","@type":"Metadata"}]
}
...importing ../Manza/MC/json/CE.11.08.activity.json to PAF was successful
Fri Jan 31 13:59:16 EST 2014
importing ../Manza/MC/json/CE.11.09.activity.json to PAF...
Tool to make signed request to PAF (ver 0.3c (2013/12/19))
[IN] Parameters:
	url: http://repo.paf.cert.pearsoncmg.com/paf-repo/resources/activities
	header: Content-Type: application/vnd.pearson.paf.v1.envelope+json;body="application/vnd.pearson.sanvan.v1.activity"
	data source: ../Manza/MC/json/CE.11.09.activity.json
	data content: '{
  "@context": "http://purl.org/pearson/content/v1/ctx/metadata/envelope", 
  ...
	method: POST
	osecret: 897***
	oconsumer: eco***

[OUT] Server response:
{
	"statusCode": "Created (201)",
	"body":[{"guid":"5673fc88-ff41-4f88-94e5-bc6dc50b3de8","@context":"http://purl.org/pearson/content/v1/ctx/metadata/MetadataId","@id":"http://repo.paf.cert.pearsoncmg.com/paf-repo/resources/activities/5673fc88-ff41-4f88-94e5-bc6dc50b3de8","@type":"Metadata"}]
}
...importing ../Manza/MC/json/CE.11.09.activity.json to PAF was successful
Fri Jan 31 13:59:17 EST 2014
importing ../Manza/MC/json/CE.11.10.activity.json to PAF...
Tool to make signed request to PAF (ver 0.3c (2013/12/19))
[IN] Parameters:
	url: http://repo.paf.cert.pearsoncmg.com/paf-repo/resources/activities
	header: Content-Type: application/vnd.pearson.paf.v1.envelope+json;body="application/vnd.pearson.sanvan.v1.activity"
	data source: ../Manza/MC/json/CE.11.10.activity.json
	data content: '{
  "@context": "http://purl.org/pearson/content/v1/ctx/metadata/envelope", 
  ...
	method: POST
	osecret: 897***
	oconsumer: eco***

[OUT] Server response:
{
	"statusCode": "Created (201)",
	"body":[{"guid":"7c1fe35b-3dd5-4864-b124-9574c8b97666","@context":"http://purl.org/pearson/content/v1/ctx/metadata/MetadataId","@id":"http://repo.paf.cert.pearsoncmg.com/paf-repo/resources/activities/7c1fe35b-3dd5-4864-b124-9574c8b97666","@type":"Metadata"}]
}
...importing ../Manza/MC/json/CE.11.10.activity.json to PAF was successful
Fri Jan 31 13:59:18 EST 2014
importing ../Manza/MC/json/CE.11.11.activity.json to PAF...
Tool to make signed request to PAF (ver 0.3c (2013/12/19))
[IN] Parameters:
	url: http://repo.paf.cert.pearsoncmg.com/paf-repo/resources/activities
	header: Content-Type: application/vnd.pearson.paf.v1.envelope+json;body="application/vnd.pearson.sanvan.v1.activity"
	data source: ../Manza/MC/json/CE.11.11.activity.json
	data content: '{
  "@context": "http://purl.org/pearson/content/v1/ctx/metadata/envelope", 
  ...
	method: POST
	osecret: 897***
	oconsumer: eco***

[OUT] Server response:
{
	"statusCode": "Created (201)",
	"body":[{"guid":"1bb85e2f-94c5-497c-8a42-a248b060d7b3","@context":"http://purl.org/pearson/content/v1/ctx/metadata/MetadataId","@id":"http://repo.paf.cert.pearsoncmg.com/paf-repo/resources/activities/1bb85e2f-94c5-497c-8a42-a248b060d7b3","@type":"Metadata"}]
}
...importing ../Manza/MC/json/CE.11.11.activity.json to PAF was successful
Fri Jan 31 13:59:19 EST 2014
importing ../Manza/MC/json/CE.11.12.activity.json to PAF...
Tool to make signed request to PAF (ver 0.3c (2013/12/19))
[IN] Parameters:
	url: http://repo.paf.cert.pearsoncmg.com/paf-repo/resources/activities
	header: Content-Type: application/vnd.pearson.paf.v1.envelope+json;body="application/vnd.pearson.sanvan.v1.activity"
	data source: ../Manza/MC/json/CE.11.12.activity.json
	data content: '{
  "@context": "http://purl.org/pearson/content/v1/ctx/metadata/envelope", 
  ...
	method: POST
	osecret: 897***
	oconsumer: eco***

[OUT] Server response:
{
	"statusCode": "Created (201)",
	"body":[{"guid":"07298afa-cde6-4bc8-b480-1269c804dcdb","@context":"http://purl.org/pearson/content/v1/ctx/metadata/MetadataId","@id":"http://repo.paf.cert.pearsoncmg.com/paf-repo/resources/activities/07298afa-cde6-4bc8-b480-1269c804dcdb","@type":"Metadata"}]
}
...importing ../Manza/MC/json/CE.11.12.activity.json to PAF was successful
Fri Jan 31 13:59:19 EST 2014
importing ../Manza/MC/json/CE.11.13.activity.json to PAF...
Tool to make signed request to PAF (ver 0.3c (2013/12/19))
[IN] Parameters:
	url: http://repo.paf.cert.pearsoncmg.com/paf-repo/resources/activities
	header: Content-Type: application/vnd.pearson.paf.v1.envelope+json;body="application/vnd.pearson.sanvan.v1.activity"
	data source: ../Manza/MC/json/CE.11.13.activity.json
	data content: '{
  "@context": "http://purl.org/pearson/content/v1/ctx/metadata/envelope", 
  ...
	method: POST
	osecret: 897***
	oconsumer: eco***

[OUT] Server response:
{
	"statusCode": "Created (201)",
	"body":[{"guid":"f9e4b944-0f67-4056-8851-519a1192c554","@context":"http://purl.org/pearson/content/v1/ctx/metadata/MetadataId","@id":"http://repo.paf.cert.pearsoncmg.com/paf-repo/resources/activities/f9e4b944-0f67-4056-8851-519a1192c554","@type":"Metadata"}]
}
...importing ../Manza/MC/json/CE.11.13.activity.json to PAF was successful
Fri Jan 31 13:59:20 EST 2014
importing ../Manza/MC/json/CE.11.14.activity.json to PAF...
Tool to make signed request to PAF (ver 0.3c (2013/12/19))
[IN] Parameters:
	url: http://repo.paf.cert.pearsoncmg.com/paf-repo/resources/activities
	header: Content-Type: application/vnd.pearson.paf.v1.envelope+json;body="application/vnd.pearson.sanvan.v1.activity"
	data source: ../Manza/MC/json/CE.11.14.activity.json
	data content: '{
  "@context": "http://purl.org/pearson/content/v1/ctx/metadata/envelope", 
  ...
	method: POST
	osecret: 897***
	oconsumer: eco***

[OUT] Server response:
{
	"statusCode": "Created (201)",
	"body":[{"guid":"fe3e22be-efc8-468f-a152-1c4779c7df8a","@context":"http://purl.org/pearson/content/v1/ctx/metadata/MetadataId","@id":"http://repo.paf.cert.pearsoncmg.com/paf-repo/resources/activities/fe3e22be-efc8-468f-a152-1c4779c7df8a","@type":"Metadata"}]
}
...importing ../Manza/MC/json/CE.11.14.activity.json to PAF was successful
Fri Jan 31 13:59:21 EST 2014
importing ../Manza/MC/json/CE.11.15.activity.json to PAF...
Tool to make signed request to PAF (ver 0.3c (2013/12/19))
[IN] Parameters:
	url: http://repo.paf.cert.pearsoncmg.com/paf-repo/resources/activities
	header: Content-Type: application/vnd.pearson.paf.v1.envelope+json;body="application/vnd.pearson.sanvan.v1.activity"
	data source: ../Manza/MC/json/CE.11.15.activity.json
	data content: '{
  "@context": "http://purl.org/pearson/content/v1/ctx/metadata/envelope", 
  ...
	method: POST
	osecret: 897***
	oconsumer: eco***

[OUT] Server response:
{
	"statusCode": "Created (201)",
	"body":[{"guid":"39db7896-fa41-4587-8527-586b9ea97fb5","@context":"http://purl.org/pearson/content/v1/ctx/metadata/MetadataId","@id":"http://repo.paf.cert.pearsoncmg.com/paf-repo/resources/activities/39db7896-fa41-4587-8527-586b9ea97fb5","@type":"Metadata"}]
}
...importing ../Manza/MC/json/CE.11.15.activity.json to PAF was successful
Fri Jan 31 13:59:22 EST 2014
importing ../Manza/MC/json/CE.11.16.activity.json to PAF...
Tool to make signed request to PAF (ver 0.3c (2013/12/19))
[IN] Parameters:
	url: http://repo.paf.cert.pearsoncmg.com/paf-repo/resources/activities
	header: Content-Type: application/vnd.pearson.paf.v1.envelope+json;body="application/vnd.pearson.sanvan.v1.activity"
	data source: ../Manza/MC/json/CE.11.16.activity.json
	data content: '{
  "@context": "http://purl.org/pearson/content/v1/ctx/metadata/envelope", 
  ...
	method: POST
	osecret: 897***
	oconsumer: eco***

[OUT] Server response:
{
	"statusCode": "Created (201)",
	"body":[{"guid":"59b28f0e-8e1c-4074-9589-ab0e82d84c28","@context":"http://purl.org/pearson/content/v1/ctx/metadata/MetadataId","@id":"http://repo.paf.cert.pearsoncmg.com/paf-repo/resources/activities/59b28f0e-8e1c-4074-9589-ab0e82d84c28","@type":"Metadata"}]
}
...importing ../Manza/MC/json/CE.11.16.activity.json to PAF was successful
Fri Jan 31 13:59:23 EST 2014
importing ../Manza/MC/json/CE.11.17.activity.json to PAF...
Tool to make signed request to PAF (ver 0.3c (2013/12/19))
[IN] Parameters:
	url: http://repo.paf.cert.pearsoncmg.com/paf-repo/resources/activities
	header: Content-Type: application/vnd.pearson.paf.v1.envelope+json;body="application/vnd.pearson.sanvan.v1.activity"
	data source: ../Manza/MC/json/CE.11.17.activity.json
	data content: '{
  "@context": "http://purl.org/pearson/content/v1/ctx/metadata/envelope", 
  ...
	method: POST
	osecret: 897***
	oconsumer: eco***

[OUT] Server response:
{
	"statusCode": "Created (201)",
	"body":[{"guid":"0cca1d12-262c-4d50-aba9-c64f9e90fa99","@context":"http://purl.org/pearson/content/v1/ctx/metadata/MetadataId","@id":"http://repo.paf.cert.pearsoncmg.com/paf-repo/resources/activities/0cca1d12-262c-4d50-aba9-c64f9e90fa99","@type":"Metadata"}]
}
...importing ../Manza/MC/json/CE.11.17.activity.json to PAF was successful
Fri Jan 31 13:59:24 EST 2014
importing ../Manza/MC/json/CE.11.18.activity.json to PAF...
Tool to make signed request to PAF (ver 0.3c (2013/12/19))
[IN] Parameters:
	url: http://repo.paf.cert.pearsoncmg.com/paf-repo/resources/activities
	header: Content-Type: application/vnd.pearson.paf.v1.envelope+json;body="application/vnd.pearson.sanvan.v1.activity"
	data source: ../Manza/MC/json/CE.11.18.activity.json
	data content: '{
  "@context": "http://purl.org/pearson/content/v1/ctx/metadata/envelope", 
  ...
	method: POST
	osecret: 897***
	oconsumer: eco***

[OUT] Server response:
{
	"statusCode": "Created (201)",
	"body":[{"guid":"e863742d-4cdc-4ff2-a2de-28bdbe4933b0","@context":"http://purl.org/pearson/content/v1/ctx/metadata/MetadataId","@id":"http://repo.paf.cert.pearsoncmg.com/paf-repo/resources/activities/e863742d-4cdc-4ff2-a2de-28bdbe4933b0","@type":"Metadata"}]
}
...importing ../Manza/MC/json/CE.11.18.activity.json to PAF was successful
Fri Jan 31 13:59:25 EST 2014
importing ../Manza/MC/json/CE.11.19.activity.json to PAF...
Tool to make signed request to PAF (ver 0.3c (2013/12/19))
[IN] Parameters:
	url: http://repo.paf.cert.pearsoncmg.com/paf-repo/resources/activities
	header: Content-Type: application/vnd.pearson.paf.v1.envelope+json;body="application/vnd.pearson.sanvan.v1.activity"
	data source: ../Manza/MC/json/CE.11.19.activity.json
	data content: '{
  "@context": "http://purl.org/pearson/content/v1/ctx/metadata/envelope", 
  ...
	method: POST
	osecret: 897***
	oconsumer: eco***

[OUT] Server response:
{
	"statusCode": "Created (201)",
	"body":[{"guid":"eb1a1f2c-4c9a-4a13-988b-c05cc91519ee","@context":"http://purl.org/pearson/content/v1/ctx/metadata/MetadataId","@id":"http://repo.paf.cert.pearsoncmg.com/paf-repo/resources/activities/eb1a1f2c-4c9a-4a13-988b-c05cc91519ee","@type":"Metadata"}]
}
...importing ../Manza/MC/json/CE.11.19.activity.json to PAF was successful
Fri Jan 31 13:59:26 EST 2014
importing ../Manza/MC/json/CE.11.20.activity.json to PAF...
Tool to make signed request to PAF (ver 0.3c (2013/12/19))
[IN] Parameters:
	url: http://repo.paf.cert.pearsoncmg.com/paf-repo/resources/activities
	header: Content-Type: application/vnd.pearson.paf.v1.envelope+json;body="application/vnd.pearson.sanvan.v1.activity"
	data source: ../Manza/MC/json/CE.11.20.activity.json
	data content: '{
  "@context": "http://purl.org/pearson/content/v1/ctx/metadata/envelope", 
  ...
	method: POST
	osecret: 897***
	oconsumer: eco***

[OUT] Server response:
{
	"statusCode": "Created (201)",
	"body":[{"guid":"fc55a1a9-dfdf-4ebf-ae74-7896f4c00b75","@context":"http://purl.org/pearson/content/v1/ctx/metadata/MetadataId","@id":"http://repo.paf.cert.pearsoncmg.com/paf-repo/resources/activities/fc55a1a9-dfdf-4ebf-ae74-7896f4c00b75","@type":"Metadata"}]
}
...importing ../Manza/MC/json/CE.11.20.activity.json to PAF was successful
Fri Jan 31 13:59:27 EST 2014
importing ../Manza/MC/json/CE.11.21.activity.json to PAF...
Tool to make signed request to PAF (ver 0.3c (2013/12/19))
[IN] Parameters:
	url: http://repo.paf.cert.pearsoncmg.com/paf-repo/resources/activities
	header: Content-Type: application/vnd.pearson.paf.v1.envelope+json;body="application/vnd.pearson.sanvan.v1.activity"
	data source: ../Manza/MC/json/CE.11.21.activity.json
	data content: '{
  "@context": "http://purl.org/pearson/content/v1/ctx/metadata/envelope", 
  ...
	method: POST
	osecret: 897***
	oconsumer: eco***

[OUT] Server response:
{
	"statusCode": "Created (201)",
	"body":[{"guid":"d6f9913c-89cf-48ae-97a7-56367bd87575","@context":"http://purl.org/pearson/content/v1/ctx/metadata/MetadataId","@id":"http://repo.paf.cert.pearsoncmg.com/paf-repo/resources/activities/d6f9913c-89cf-48ae-97a7-56367bd87575","@type":"Metadata"}]
}
...importing ../Manza/MC/json/CE.11.21.activity.json to PAF was successful
Fri Jan 31 13:59:28 EST 2014
importing ../Manza/MC/json/CE.11.22.activity.json to PAF...
Tool to make signed request to PAF (ver 0.3c (2013/12/19))
[IN] Parameters:
	url: http://repo.paf.cert.pearsoncmg.com/paf-repo/resources/activities
	header: Content-Type: application/vnd.pearson.paf.v1.envelope+json;body="application/vnd.pearson.sanvan.v1.activity"
	data source: ../Manza/MC/json/CE.11.22.activity.json
	data content: '{
  "@context": "http://purl.org/pearson/content/v1/ctx/metadata/envelope", 
  ...
	method: POST
	osecret: 897***
	oconsumer: eco***

[OUT] Server response:
{
	"statusCode": "Created (201)",
	"body":[{"guid":"4bb5e26e-104f-4a7d-a807-065de149a00d","@context":"http://purl.org/pearson/content/v1/ctx/metadata/MetadataId","@id":"http://repo.paf.cert.pearsoncmg.com/paf-repo/resources/activities/4bb5e26e-104f-4a7d-a807-065de149a00d","@type":"Metadata"}]
}
...importing ../Manza/MC/json/CE.11.22.activity.json to PAF was successful
Fri Jan 31 13:59:29 EST 2014
importing ../Manza/MC/json/CE.11.23.activity.json to PAF...
Tool to make signed request to PAF (ver 0.3c (2013/12/19))
[IN] Parameters:
	url: http://repo.paf.cert.pearsoncmg.com/paf-repo/resources/activities
	header: Content-Type: application/vnd.pearson.paf.v1.envelope+json;body="application/vnd.pearson.sanvan.v1.activity"
	data source: ../Manza/MC/json/CE.11.23.activity.json
	data content: '{
  "@context": "http://purl.org/pearson/content/v1/ctx/metadata/envelope", 
  ...
	method: POST
	osecret: 897***
	oconsumer: eco***

[OUT] Server response:
{
	"statusCode": "Created (201)",
	"body":[{"guid":"978788f1-52d3-424f-b1fe-42a6be66a72a","@context":"http://purl.org/pearson/content/v1/ctx/metadata/MetadataId","@id":"http://repo.paf.cert.pearsoncmg.com/paf-repo/resources/activities/978788f1-52d3-424f-b1fe-42a6be66a72a","@type":"Metadata"}]
}
...importing ../Manza/MC/json/CE.11.23.activity.json to PAF was successful
Fri Jan 31 13:59:30 EST 2014
importing ../Manza/MC/json/CE.11.24.activity.json to PAF...
Tool to make signed request to PAF (ver 0.3c (2013/12/19))
[IN] Parameters:
	url: http://repo.paf.cert.pearsoncmg.com/paf-repo/resources/activities
	header: Content-Type: application/vnd.pearson.paf.v1.envelope+json;body="application/vnd.pearson.sanvan.v1.activity"
	data source: ../Manza/MC/json/CE.11.24.activity.json
	data content: '{
  "@context": "http://purl.org/pearson/content/v1/ctx/metadata/envelope", 
  ...
	method: POST
	osecret: 897***
	oconsumer: eco***

[OUT] Server response:
{
	"statusCode": "Created (201)",
	"body":[{"guid":"56e3d175-f675-486a-a00f-7156a74bd5b9","@context":"http://purl.org/pearson/content/v1/ctx/metadata/MetadataId","@id":"http://repo.paf.cert.pearsoncmg.com/paf-repo/resources/activities/56e3d175-f675-486a-a00f-7156a74bd5b9","@type":"Metadata"}]
}
...importing ../Manza/MC/json/CE.11.24.activity.json to PAF was successful
Fri Jan 31 13:59:30 EST 2014
importing ../Manza/MC/json/CE.11.25.activity.json to PAF...
Tool to make signed request to PAF (ver 0.3c (2013/12/19))
[IN] Parameters:
	url: http://repo.paf.cert.pearsoncmg.com/paf-repo/resources/activities
	header: Content-Type: application/vnd.pearson.paf.v1.envelope+json;body="application/vnd.pearson.sanvan.v1.activity"
	data source: ../Manza/MC/json/CE.11.25.activity.json
	data content: '{
  "@context": "http://purl.org/pearson/content/v1/ctx/metadata/envelope", 
  ...
	method: POST
	osecret: 897***
	oconsumer: eco***

[OUT] Server response:
{
	"statusCode": "Created (201)",
	"body":[{"guid":"8bef7bb3-c58c-4a55-ac18-307565573355","@context":"http://purl.org/pearson/content/v1/ctx/metadata/MetadataId","@id":"http://repo.paf.cert.pearsoncmg.com/paf-repo/resources/activities/8bef7bb3-c58c-4a55-ac18-307565573355","@type":"Metadata"}]
}
...importing ../Manza/MC/json/CE.11.25.activity.json to PAF was successful
Fri Jan 31 13:59:31 EST 2014
importing ../Manza/MC/json/Rev.11.1.1.activity.json to PAF...
Tool to make signed request to PAF (ver 0.3c (2013/12/19))
[IN] Parameters:
	url: http://repo.paf.cert.pearsoncmg.com/paf-repo/resources/activities
	header: Content-Type: application/vnd.pearson.paf.v1.envelope+json;body="application/vnd.pearson.sanvan.v1.activity"
	data source: ../Manza/MC/json/Rev.11.1.1.activity.json
	data content: '{
  "@context": "http://purl.org/pearson/content/v1/ctx/metadata/envelope", 
  ...
	method: POST
	osecret: 897***
	oconsumer: eco***

[OUT] Server response:
{
	"statusCode": "Created (201)",
	"body":[{"guid":"4aa6d6f2-f1e4-4735-99c2-8d5ec6322994","@context":"http://purl.org/pearson/content/v1/ctx/metadata/MetadataId","@id":"http://repo.paf.cert.pearsoncmg.com/paf-repo/resources/activities/4aa6d6f2-f1e4-4735-99c2-8d5ec6322994","@type":"Metadata"}]
}
...importing ../Manza/MC/json/Rev.11.1.1.activity.json to PAF was successful
Fri Jan 31 13:59:32 EST 2014
importing ../Manza/MC/json/Rev.11.1.2.activity.json to PAF...
Tool to make signed request to PAF (ver 0.3c (2013/12/19))
[IN] Parameters:
	url: http://repo.paf.cert.pearsoncmg.com/paf-repo/resources/activities
	header: Content-Type: application/vnd.pearson.paf.v1.envelope+json;body="application/vnd.pearson.sanvan.v1.activity"
	data source: ../Manza/MC/json/Rev.11.1.2.activity.json
	data content: '{
  "@context": "http://purl.org/pearson/content/v1/ctx/metadata/envelope", 
  ...
	method: POST
	osecret: 897***
	oconsumer: eco***

[OUT] Server response:
{
	"statusCode": "Created (201)",
	"body":[{"guid":"22c251ee-8b16-4cd8-96be-937bc6023725","@context":"http://purl.org/pearson/content/v1/ctx/metadata/MetadataId","@id":"http://repo.paf.cert.pearsoncmg.com/paf-repo/resources/activities/22c251ee-8b16-4cd8-96be-937bc6023725","@type":"Metadata"}]
}
...importing ../Manza/MC/json/Rev.11.1.2.activity.json to PAF was successful
Fri Jan 31 13:59:33 EST 2014
importing ../Manza/MC/json/Rev.11.1.3.activity.json to PAF...
Tool to make signed request to PAF (ver 0.3c (2013/12/19))
[IN] Parameters:
	url: http://repo.paf.cert.pearsoncmg.com/paf-repo/resources/activities
	header: Content-Type: application/vnd.pearson.paf.v1.envelope+json;body="application/vnd.pearson.sanvan.v1.activity"
	data source: ../Manza/MC/json/Rev.11.1.3.activity.json
	data content: '{
  "@context": "http://purl.org/pearson/content/v1/ctx/metadata/envelope", 
  ...
	method: POST
	osecret: 897***
	oconsumer: eco***

[OUT] Server response:
{
	"statusCode": "Created (201)",
	"body":[{"guid":"971e1b1d-d5ea-4b9b-abaa-c8656059aa34","@context":"http://purl.org/pearson/content/v1/ctx/metadata/MetadataId","@id":"http://repo.paf.cert.pearsoncmg.com/paf-repo/resources/activities/971e1b1d-d5ea-4b9b-abaa-c8656059aa34","@type":"Metadata"}]
}
...importing ../Manza/MC/json/Rev.11.1.3.activity.json to PAF was successful
Fri Jan 31 13:59:34 EST 2014
importing ../Manza/MC/json/Rev.11.1.4.activity.json to PAF...
Tool to make signed request to PAF (ver 0.3c (2013/12/19))
[IN] Parameters:
	url: http://repo.paf.cert.pearsoncmg.com/paf-repo/resources/activities
	header: Content-Type: application/vnd.pearson.paf.v1.envelope+json;body="application/vnd.pearson.sanvan.v1.activity"
	data source: ../Manza/MC/json/Rev.11.1.4.activity.json
	data content: '{
  "@context": "http://purl.org/pearson/content/v1/ctx/metadata/envelope", 
  ...
	method: POST
	osecret: 897***
	oconsumer: eco***

[OUT] Server response:
{
	"statusCode": "Created (201)",
	"body":[{"guid":"15ddcabb-e45c-4401-87d9-b00d27d17184","@context":"http://purl.org/pearson/content/v1/ctx/metadata/MetadataId","@id":"http://repo.paf.cert.pearsoncmg.com/paf-repo/resources/activities/15ddcabb-e45c-4401-87d9-b00d27d17184","@type":"Metadata"}]
}
...importing ../Manza/MC/json/Rev.11.1.4.activity.json to PAF was successful
Fri Jan 31 13:59:35 EST 2014
importing ../Manza/MC/json/Rev.11.1.5.activity.json to PAF...
Tool to make signed request to PAF (ver 0.3c (2013/12/19))
[IN] Parameters:
	url: http://repo.paf.cert.pearsoncmg.com/paf-repo/resources/activities
	header: Content-Type: application/vnd.pearson.paf.v1.envelope+json;body="application/vnd.pearson.sanvan.v1.activity"
	data source: ../Manza/MC/json/Rev.11.1.5.activity.json
	data content: '{
  "@context": "http://purl.org/pearson/content/v1/ctx/metadata/envelope", 
  ...
	method: POST
	osecret: 897***
	oconsumer: eco***

[OUT] Server response:
{
	"statusCode": "Created (201)",
	"body":[{"guid":"f8e11a79-d71c-4a22-8458-8ed1a56f51a8","@context":"http://purl.org/pearson/content/v1/ctx/metadata/MetadataId","@id":"http://repo.paf.cert.pearsoncmg.com/paf-repo/resources/activities/f8e11a79-d71c-4a22-8458-8ed1a56f51a8","@type":"Metadata"}]
}
...importing ../Manza/MC/json/Rev.11.1.5.activity.json to PAF was successful
Fri Jan 31 13:59:36 EST 2014
importing ../Manza/MC/json/Rev.11.2.1.activity.json to PAF...
Tool to make signed request to PAF (ver 0.3c (2013/12/19))
[IN] Parameters:
	url: http://repo.paf.cert.pearsoncmg.com/paf-repo/resources/activities
	header: Content-Type: application/vnd.pearson.paf.v1.envelope+json;body="application/vnd.pearson.sanvan.v1.activity"
	data source: ../Manza/MC/json/Rev.11.2.1.activity.json
	data content: '{
  "@context": "http://purl.org/pearson/content/v1/ctx/metadata/envelope", 
  ...
	method: POST
	osecret: 897***
	oconsumer: eco***

[OUT] Server response:
{
	"statusCode": "Created (201)",
	"body":[{"guid":"0e1b9216-e2de-4309-a4ca-4c9b55faf22e","@context":"http://purl.org/pearson/content/v1/ctx/metadata/MetadataId","@id":"http://repo.paf.cert.pearsoncmg.com/paf-repo/resources/activities/0e1b9216-e2de-4309-a4ca-4c9b55faf22e","@type":"Metadata"}]
}
...importing ../Manza/MC/json/Rev.11.2.1.activity.json to PAF was successful
Fri Jan 31 13:59:37 EST 2014
importing ../Manza/MC/json/Rev.11.2.2.activity.json to PAF...
Tool to make signed request to PAF (ver 0.3c (2013/12/19))
[IN] Parameters:
	url: http://repo.paf.cert.pearsoncmg.com/paf-repo/resources/activities
	header: Content-Type: application/vnd.pearson.paf.v1.envelope+json;body="application/vnd.pearson.sanvan.v1.activity"
	data source: ../Manza/MC/json/Rev.11.2.2.activity.json
	data content: '{
  "@context": "http://purl.org/pearson/content/v1/ctx/metadata/envelope", 
  ...
	method: POST
	osecret: 897***
	oconsumer: eco***

[OUT] Server response:
{
	"statusCode": "Created (201)",
	"body":[{"guid":"1e5345d0-47f9-49b3-b80d-ec223846985f","@context":"http://purl.org/pearson/content/v1/ctx/metadata/MetadataId","@id":"http://repo.paf.cert.pearsoncmg.com/paf-repo/resources/activities/1e5345d0-47f9-49b3-b80d-ec223846985f","@type":"Metadata"}]
}
...importing ../Manza/MC/json/Rev.11.2.2.activity.json to PAF was successful
Fri Jan 31 13:59:38 EST 2014
importing ../Manza/MC/json/Rev.11.2.3.activity.json to PAF...
Tool to make signed request to PAF (ver 0.3c (2013/12/19))
[IN] Parameters:
	url: http://repo.paf.cert.pearsoncmg.com/paf-repo/resources/activities
	header: Content-Type: application/vnd.pearson.paf.v1.envelope+json;body="application/vnd.pearson.sanvan.v1.activity"
	data source: ../Manza/MC/json/Rev.11.2.3.activity.json
	data content: '{
  "@context": "http://purl.org/pearson/content/v1/ctx/metadata/envelope", 
  ...
	method: POST
	osecret: 897***
	oconsumer: eco***

[OUT] Server response:
{
	"statusCode": "Created (201)",
	"body":[{"guid":"c145ad58-a49c-400d-a6a3-78474f8b78bb","@context":"http://purl.org/pearson/content/v1/ctx/metadata/MetadataId","@id":"http://repo.paf.cert.pearsoncmg.com/paf-repo/resources/activities/c145ad58-a49c-400d-a6a3-78474f8b78bb","@type":"Metadata"}]
}
...importing ../Manza/MC/json/Rev.11.2.3.activity.json to PAF was successful
Fri Jan 31 13:59:39 EST 2014
importing ../Manza/MC/json/Rev.11.2.4.activity.json to PAF...
Tool to make signed request to PAF (ver 0.3c (2013/12/19))
[IN] Parameters:
	url: http://repo.paf.cert.pearsoncmg.com/paf-repo/resources/activities
	header: Content-Type: application/vnd.pearson.paf.v1.envelope+json;body="application/vnd.pearson.sanvan.v1.activity"
	data source: ../Manza/MC/json/Rev.11.2.4.activity.json
	data content: '{
  "@context": "http://purl.org/pearson/content/v1/ctx/metadata/envelope", 
  ...
	method: POST
	osecret: 897***
	oconsumer: eco***

[OUT] Server response:
{
	"statusCode": "Created (201)",
	"body":[{"guid":"2037e253-0997-47ec-9c9c-927efdeeb52d","@context":"http://purl.org/pearson/content/v1/ctx/metadata/MetadataId","@id":"http://repo.paf.cert.pearsoncmg.com/paf-repo/resources/activities/2037e253-0997-47ec-9c9c-927efdeeb52d","@type":"Metadata"}]
}
...importing ../Manza/MC/json/Rev.11.2.4.activity.json to PAF was successful
Fri Jan 31 13:59:40 EST 2014
importing ../Manza/MC/json/Rev.11.2.5.activity.json to PAF...
Tool to make signed request to PAF (ver 0.3c (2013/12/19))
[IN] Parameters:
	url: http://repo.paf.cert.pearsoncmg.com/paf-repo/resources/activities
	header: Content-Type: application/vnd.pearson.paf.v1.envelope+json;body="application/vnd.pearson.sanvan.v1.activity"
	data source: ../Manza/MC/json/Rev.11.2.5.activity.json
	data content: '{
  "@context": "http://purl.org/pearson/content/v1/ctx/metadata/envelope", 
  ...
	method: POST
	osecret: 897***
	oconsumer: eco***

[OUT] Server response:
{
	"statusCode": "Created (201)",
	"body":[{"guid":"93079fdc-edc0-4a56-b7bb-7601d70e1251","@context":"http://purl.org/pearson/content/v1/ctx/metadata/MetadataId","@id":"http://repo.paf.cert.pearsoncmg.com/paf-repo/resources/activities/93079fdc-edc0-4a56-b7bb-7601d70e1251","@type":"Metadata"}]
}
...importing ../Manza/MC/json/Rev.11.2.5.activity.json to PAF was successful
Fri Jan 31 13:59:41 EST 2014
importing ../Manza/MC/json/Rev.11.3.1.activity.json to PAF...
Tool to make signed request to PAF (ver 0.3c (2013/12/19))
[IN] Parameters:
	url: http://repo.paf.cert.pearsoncmg.com/paf-repo/resources/activities
	header: Content-Type: application/vnd.pearson.paf.v1.envelope+json;body="application/vnd.pearson.sanvan.v1.activity"
	data source: ../Manza/MC/json/Rev.11.3.1.activity.json
	data content: '{
  "@context": "http://purl.org/pearson/content/v1/ctx/metadata/envelope", 
  ...
	method: POST
	osecret: 897***
	oconsumer: eco***

[OUT] Server response:
{
	"statusCode": "Created (201)",
	"body":[{"guid":"8361b9cf-772a-4787-a50f-cba716a941f4","@context":"http://purl.org/pearson/content/v1/ctx/metadata/MetadataId","@id":"http://repo.paf.cert.pearsoncmg.com/paf-repo/resources/activities/8361b9cf-772a-4787-a50f-cba716a941f4","@type":"Metadata"}]
}
...importing ../Manza/MC/json/Rev.11.3.1.activity.json to PAF was successful
Fri Jan 31 13:59:42 EST 2014
importing ../Manza/MC/json/Rev.11.3.2.activity.json to PAF...
Tool to make signed request to PAF (ver 0.3c (2013/12/19))
[IN] Parameters:
	url: http://repo.paf.cert.pearsoncmg.com/paf-repo/resources/activities
	header: Content-Type: application/vnd.pearson.paf.v1.envelope+json;body="application/vnd.pearson.sanvan.v1.activity"
	data source: ../Manza/MC/json/Rev.11.3.2.activity.json
	data content: '{
  "@context": "http://purl.org/pearson/content/v1/ctx/metadata/envelope", 
  ...
	method: POST
	osecret: 897***
	oconsumer: eco***

[OUT] Server response:
{
	"statusCode": "Created (201)",
	"body":[{"guid":"b80680d7-3a33-4508-ada6-22e7cbb96e49","@context":"http://purl.org/pearson/content/v1/ctx/metadata/MetadataId","@id":"http://repo.paf.cert.pearsoncmg.com/paf-repo/resources/activities/b80680d7-3a33-4508-ada6-22e7cbb96e49","@type":"Metadata"}]
}
...importing ../Manza/MC/json/Rev.11.3.2.activity.json to PAF was successful
Fri Jan 31 13:59:43 EST 2014
importing ../Manza/MC/json/Rev.11.3.3.activity.json to PAF...
Tool to make signed request to PAF (ver 0.3c (2013/12/19))
[IN] Parameters:
	url: http://repo.paf.cert.pearsoncmg.com/paf-repo/resources/activities
	header: Content-Type: application/vnd.pearson.paf.v1.envelope+json;body="application/vnd.pearson.sanvan.v1.activity"
	data source: ../Manza/MC/json/Rev.11.3.3.activity.json
	data content: '{
  "@context": "http://purl.org/pearson/content/v1/ctx/metadata/envelope", 
  ...
	method: POST
	osecret: 897***
	oconsumer: eco***

[OUT] Server response:
{
	"statusCode": "Created (201)",
	"body":[{"guid":"7adba5a5-051a-43c2-ad75-f119512755e3","@context":"http://purl.org/pearson/content/v1/ctx/metadata/MetadataId","@id":"http://repo.paf.cert.pearsoncmg.com/paf-repo/resources/activities/7adba5a5-051a-43c2-ad75-f119512755e3","@type":"Metadata"}]
}
...importing ../Manza/MC/json/Rev.11.3.3.activity.json to PAF was successful
Fri Jan 31 13:59:44 EST 2014
importing ../Manza/MC/json/Rev.11.3.4.activity.json to PAF...
Tool to make signed request to PAF (ver 0.3c (2013/12/19))
[IN] Parameters:
	url: http://repo.paf.cert.pearsoncmg.com/paf-repo/resources/activities
	header: Content-Type: application/vnd.pearson.paf.v1.envelope+json;body="application/vnd.pearson.sanvan.v1.activity"
	data source: ../Manza/MC/json/Rev.11.3.4.activity.json
	data content: '{
  "@context": "http://purl.org/pearson/content/v1/ctx/metadata/envelope", 
  ...
	method: POST
	osecret: 897***
	oconsumer: eco***

[OUT] Server response:
{
	"statusCode": "Created (201)",
	"body":[{"guid":"0704fd90-9a99-4beb-a6d2-4d7375da6d0e","@context":"http://purl.org/pearson/content/v1/ctx/metadata/MetadataId","@id":"http://repo.paf.cert.pearsoncmg.com/paf-repo/resources/activities/0704fd90-9a99-4beb-a6d2-4d7375da6d0e","@type":"Metadata"}]
}
...importing ../Manza/MC/json/Rev.11.3.4.activity.json to PAF was successful
Fri Jan 31 13:59:45 EST 2014
importing ../Manza/MC/json/Rev.11.3.5.activity.json to PAF...
Tool to make signed request to PAF (ver 0.3c (2013/12/19))
[IN] Parameters:
	url: http://repo.paf.cert.pearsoncmg.com/paf-repo/resources/activities
	header: Content-Type: application/vnd.pearson.paf.v1.envelope+json;body="application/vnd.pearson.sanvan.v1.activity"
	data source: ../Manza/MC/json/Rev.11.3.5.activity.json
	data content: '{
  "@context": "http://purl.org/pearson/content/v1/ctx/metadata/envelope", 
  ...
	method: POST
	osecret: 897***
	oconsumer: eco***

[OUT] Server response:
{
	"statusCode": "Created (201)",
	"body":[{"guid":"3f997d8c-e1fb-4de6-80cb-8dfceb324df2","@context":"http://purl.org/pearson/content/v1/ctx/metadata/MetadataId","@id":"http://repo.paf.cert.pearsoncmg.com/paf-repo/resources/activities/3f997d8c-e1fb-4de6-80cb-8dfceb324df2","@type":"Metadata"}]
}
...importing ../Manza/MC/json/Rev.11.3.5.activity.json to PAF was successful
Fri Jan 31 13:59:45 EST 2014
importing ../Manza/MC/json/Rev.11.4.1.activity.json to PAF...
Tool to make signed request to PAF (ver 0.3c (2013/12/19))
[IN] Parameters:
	url: http://repo.paf.cert.pearsoncmg.com/paf-repo/resources/activities
	header: Content-Type: application/vnd.pearson.paf.v1.envelope+json;body="application/vnd.pearson.sanvan.v1.activity"
	data source: ../Manza/MC/json/Rev.11.4.1.activity.json
	data content: '{
  "@context": "http://purl.org/pearson/content/v1/ctx/metadata/envelope", 
  ...
	method: POST
	osecret: 897***
	oconsumer: eco***

[OUT] Server response:
{
	"statusCode": "Created (201)",
	"body":[{"guid":"dbf15d2d-a743-4d39-83b3-a867aa3f02b7","@context":"http://purl.org/pearson/content/v1/ctx/metadata/MetadataId","@id":"http://repo.paf.cert.pearsoncmg.com/paf-repo/resources/activities/dbf15d2d-a743-4d39-83b3-a867aa3f02b7","@type":"Metadata"}]
}
...importing ../Manza/MC/json/Rev.11.4.1.activity.json to PAF was successful
Fri Jan 31 13:59:46 EST 2014
importing ../Manza/MC/json/Rev.11.4.2.activity.json to PAF...
Tool to make signed request to PAF (ver 0.3c (2013/12/19))
[IN] Parameters:
	url: http://repo.paf.cert.pearsoncmg.com/paf-repo/resources/activities
	header: Content-Type: application/vnd.pearson.paf.v1.envelope+json;body="application/vnd.pearson.sanvan.v1.activity"
	data source: ../Manza/MC/json/Rev.11.4.2.activity.json
	data content: '{
  "@context": "http://purl.org/pearson/content/v1/ctx/metadata/envelope", 
  ...
	method: POST
	osecret: 897***
	oconsumer: eco***

[OUT] Server response:
{
	"statusCode": "Created (201)",
	"body":[{"guid":"0bd064e9-c57c-4a47-8eb4-aa28df3aa389","@context":"http://purl.org/pearson/content/v1/ctx/metadata/MetadataId","@id":"http://repo.paf.cert.pearsoncmg.com/paf-repo/resources/activities/0bd064e9-c57c-4a47-8eb4-aa28df3aa389","@type":"Metadata"}]
}
...importing ../Manza/MC/json/Rev.11.4.2.activity.json to PAF was successful
Fri Jan 31 13:59:47 EST 2014
importing ../Manza/MC/json/Rev.11.4.3.activity.json to PAF...
Tool to make signed request to PAF (ver 0.3c (2013/12/19))
[IN] Parameters:
	url: http://repo.paf.cert.pearsoncmg.com/paf-repo/resources/activities
	header: Content-Type: application/vnd.pearson.paf.v1.envelope+json;body="application/vnd.pearson.sanvan.v1.activity"
	data source: ../Manza/MC/json/Rev.11.4.3.activity.json
	data content: '{
  "@context": "http://purl.org/pearson/content/v1/ctx/metadata/envelope", 
  ...
	method: POST
	osecret: 897***
	oconsumer: eco***

[OUT] Server response:
{
	"statusCode": "Created (201)",
	"body":[{"guid":"128d33dd-e5c9-48fa-a3ae-d7bf82984ed2","@context":"http://purl.org/pearson/content/v1/ctx/metadata/MetadataId","@id":"http://repo.paf.cert.pearsoncmg.com/paf-repo/resources/activities/128d33dd-e5c9-48fa-a3ae-d7bf82984ed2","@type":"Metadata"}]
}
...importing ../Manza/MC/json/Rev.11.4.3.activity.json to PAF was successful
Fri Jan 31 13:59:48 EST 2014
importing ../Manza/MC/json/Rev.11.4.4.activity.json to PAF...
Tool to make signed request to PAF (ver 0.3c (2013/12/19))
[IN] Parameters:
	url: http://repo.paf.cert.pearsoncmg.com/paf-repo/resources/activities
	header: Content-Type: application/vnd.pearson.paf.v1.envelope+json;body="application/vnd.pearson.sanvan.v1.activity"
	data source: ../Manza/MC/json/Rev.11.4.4.activity.json
	data content: '{
  "@context": "http://purl.org/pearson/content/v1/ctx/metadata/envelope", 
  ...
	method: POST
	osecret: 897***
	oconsumer: eco***

[OUT] Server response:
{
	"statusCode": "Created (201)",
	"body":[{"guid":"14676c1e-51d4-42fa-ad52-ea81388aac3a","@context":"http://purl.org/pearson/content/v1/ctx/metadata/MetadataId","@id":"http://repo.paf.cert.pearsoncmg.com/paf-repo/resources/activities/14676c1e-51d4-42fa-ad52-ea81388aac3a","@type":"Metadata"}]
}
...importing ../Manza/MC/json/Rev.11.4.4.activity.json to PAF was successful
Fri Jan 31 13:59:49 EST 2014
importing ../Manza/MC/json/Rev.11.4.5.activity.json to PAF...
Tool to make signed request to PAF (ver 0.3c (2013/12/19))
[IN] Parameters:
	url: http://repo.paf.cert.pearsoncmg.com/paf-repo/resources/activities
	header: Content-Type: application/vnd.pearson.paf.v1.envelope+json;body="application/vnd.pearson.sanvan.v1.activity"
	data source: ../Manza/MC/json/Rev.11.4.5.activity.json
	data content: '{
  "@context": "http://purl.org/pearson/content/v1/ctx/metadata/envelope", 
  ...
	method: POST
	osecret: 897***
	oconsumer: eco***

[OUT] Server response:
{
	"statusCode": "Created (201)",
	"body":[{"guid":"df25d79f-3714-4e01-899b-c74d208bd515","@context":"http://purl.org/pearson/content/v1/ctx/metadata/MetadataId","@id":"http://repo.paf.cert.pearsoncmg.com/paf-repo/resources/activities/df25d79f-3714-4e01-899b-c74d208bd515","@type":"Metadata"}]
}
...importing ../Manza/MC/json/Rev.11.4.5.activity.json to PAF was successful
Fri Jan 31 13:59:50 EST 2014
importing ../Manza/MC/json/Rev.11.5.1.activity.json to PAF...
Tool to make signed request to PAF (ver 0.3c (2013/12/19))
[IN] Parameters:
	url: http://repo.paf.cert.pearsoncmg.com/paf-repo/resources/activities
	header: Content-Type: application/vnd.pearson.paf.v1.envelope+json;body="application/vnd.pearson.sanvan.v1.activity"
	data source: ../Manza/MC/json/Rev.11.5.1.activity.json
	data content: '{
  "@context": "http://purl.org/pearson/content/v1/ctx/metadata/envelope", 
  ...
	method: POST
	osecret: 897***
	oconsumer: eco***

[OUT] Server response:
{
	"statusCode": "Created (201)",
	"body":[{"guid":"b74ca84a-5fe1-4665-ae0d-07d5c61b149b","@context":"http://purl.org/pearson/content/v1/ctx/metadata/MetadataId","@id":"http://repo.paf.cert.pearsoncmg.com/paf-repo/resources/activities/b74ca84a-5fe1-4665-ae0d-07d5c61b149b","@type":"Metadata"}]
}
...importing ../Manza/MC/json/Rev.11.5.1.activity.json to PAF was successful
Fri Jan 31 13:59:51 EST 2014
importing ../Manza/MC/json/Rev.11.5.2.activity.json to PAF...
Tool to make signed request to PAF (ver 0.3c (2013/12/19))
[IN] Parameters:
	url: http://repo.paf.cert.pearsoncmg.com/paf-repo/resources/activities
	header: Content-Type: application/vnd.pearson.paf.v1.envelope+json;body="application/vnd.pearson.sanvan.v1.activity"
	data source: ../Manza/MC/json/Rev.11.5.2.activity.json
	data content: '{
  "@context": "http://purl.org/pearson/content/v1/ctx/metadata/envelope", 
  ...
	method: POST
	osecret: 897***
	oconsumer: eco***

[OUT] Server response:
{
	"statusCode": "Created (201)",
	"body":[{"guid":"15297d3f-0c3a-4645-8a18-a9a451cad301","@context":"http://purl.org/pearson/content/v1/ctx/metadata/MetadataId","@id":"http://repo.paf.cert.pearsoncmg.com/paf-repo/resources/activities/15297d3f-0c3a-4645-8a18-a9a451cad301","@type":"Metadata"}]
}
...importing ../Manza/MC/json/Rev.11.5.2.activity.json to PAF was successful
Fri Jan 31 13:59:52 EST 2014
importing ../Manza/MC/json/Rev.11.5.3.activity.json to PAF...
Tool to make signed request to PAF (ver 0.3c (2013/12/19))
[IN] Parameters:
	url: http://repo.paf.cert.pearsoncmg.com/paf-repo/resources/activities
	header: Content-Type: application/vnd.pearson.paf.v1.envelope+json;body="application/vnd.pearson.sanvan.v1.activity"
	data source: ../Manza/MC/json/Rev.11.5.3.activity.json
	data content: '{
  "@context": "http://purl.org/pearson/content/v1/ctx/metadata/envelope", 
  ...
	method: POST
	osecret: 897***
	oconsumer: eco***

[OUT] Server response:
{
	"statusCode": "Created (201)",
	"body":[{"guid":"4f73b223-71a0-4345-b4f7-fb3d93d44f7e","@context":"http://purl.org/pearson/content/v1/ctx/metadata/MetadataId","@id":"http://repo.paf.cert.pearsoncmg.com/paf-repo/resources/activities/4f73b223-71a0-4345-b4f7-fb3d93d44f7e","@type":"Metadata"}]
}
...importing ../Manza/MC/json/Rev.11.5.3.activity.json to PAF was successful
Fri Jan 31 13:59:53 EST 2014
importing ../Manza/MC/json/Rev.11.5.4.activity.json to PAF...
Tool to make signed request to PAF (ver 0.3c (2013/12/19))
[IN] Parameters:
	url: http://repo.paf.cert.pearsoncmg.com/paf-repo/resources/activities
	header: Content-Type: application/vnd.pearson.paf.v1.envelope+json;body="application/vnd.pearson.sanvan.v1.activity"
	data source: ../Manza/MC/json/Rev.11.5.4.activity.json
	data content: '{
  "@context": "http://purl.org/pearson/content/v1/ctx/metadata/envelope", 
  ...
	method: POST
	osecret: 897***
	oconsumer: eco***

[OUT] Server response:
{
	"statusCode": "Created (201)",
	"body":[{"guid":"2756fd6e-5d59-432e-964c-94ad0e6a76ef","@context":"http://purl.org/pearson/content/v1/ctx/metadata/MetadataId","@id":"http://repo.paf.cert.pearsoncmg.com/paf-repo/resources/activities/2756fd6e-5d59-432e-964c-94ad0e6a76ef","@type":"Metadata"}]
}
...importing ../Manza/MC/json/Rev.11.5.4.activity.json to PAF was successful
Fri Jan 31 13:59:54 EST 2014
importing ../Manza/MC/json/Rev.11.5.5.activity.json to PAF...
Tool to make signed request to PAF (ver 0.3c (2013/12/19))
[IN] Parameters:
	url: http://repo.paf.cert.pearsoncmg.com/paf-repo/resources/activities
	header: Content-Type: application/vnd.pearson.paf.v1.envelope+json;body="application/vnd.pearson.sanvan.v1.activity"
	data source: ../Manza/MC/json/Rev.11.5.5.activity.json
	data content: '{
  "@context": "http://purl.org/pearson/content/v1/ctx/metadata/envelope", 
  ...
	method: POST
	osecret: 897***
	oconsumer: eco***

[OUT] Server response:
{
	"statusCode": "Created (201)",
	"body":[{"guid":"5b6928d9-abe2-4bf8-831c-c410add66e08","@context":"http://purl.org/pearson/content/v1/ctx/metadata/MetadataId","@id":"http://repo.paf.cert.pearsoncmg.com/paf-repo/resources/activities/5b6928d9-abe2-4bf8-831c-c410add66e08","@type":"Metadata"}]
}
...importing ../Manza/MC/json/Rev.11.5.5.activity.json to PAF was successful
Fri Jan 31 13:59:55 EST 2014
