importing ../Neff/MC/68830_HP_C01.activity.json to PAF...
Tool to make signed request to PAF (ver 0.2b (2013/12/09))
[IN] Parameters:
	url: http://repo.paf.cert.pearsoncmg.com/paf-repo/resources/activities
	header: Content-Type: application/vnd.pearson.paf.v1.envelope+json;body="application/vnd.pearson.sanvan.v1.activity"
	data: ../Neff/MC/68830_HP_C01.activity.json
		 '{
  "body": {
    "containerConfig": [
      {
        "brixConfig": [
        ...'
	method: POST
	osecret: 897***
	oconsumer: eco***

[OUT] Server response:
{
	StatusCode: "Created (201)",
	Body: "[{"guid":"f6858647-ce8a-4133-9865-d0c22a99880c","@context":"http://purl.org/pearson/content/v1/ctx/metadata/MetadataId","@id":"http://repo.paf.cert.pearsoncmg.com/paf-repo/resources/activities/f6858647-ce8a-4133-9865-d0c22a99880c","@type":"Metadata"}]"
}
...done importing ../Neff/MC/68830_HP_C01.activity.json to PAF
importing ../Neff/MC/68830_HP_C02.activity.json to PAF...
Tool to make signed request to PAF (ver 0.2b (2013/12/09))
[IN] Parameters:
	url: http://repo.paf.cert.pearsoncmg.com/paf-repo/resources/activities
	header: Content-Type: application/vnd.pearson.paf.v1.envelope+json;body="application/vnd.pearson.sanvan.v1.activity"
	data: ../Neff/MC/68830_HP_C02.activity.json
		 '{
  "body": {
    "containerConfig": [
      {
        "brixConfig": [
        ...'
	method: POST
	osecret: 897***
	oconsumer: eco***

[OUT] Server response:
{
	StatusCode: "Created (201)",
	Body: "[{"guid":"42a3c4da-e01e-4292-b4bd-9441e43f1acb","@context":"http://purl.org/pearson/content/v1/ctx/metadata/MetadataId","@id":"http://repo.paf.cert.pearsoncmg.com/paf-repo/resources/activities/42a3c4da-e01e-4292-b4bd-9441e43f1acb","@type":"Metadata"}]"
}
...done importing ../Neff/MC/68830_HP_C02.activity.json to PAF
importing ../Neff/MC/68830_HP_C03.activity.json to PAF...
Tool to make signed request to PAF (ver 0.2b (2013/12/09))
[IN] Parameters:
	url: http://repo.paf.cert.pearsoncmg.com/paf-repo/resources/activities
	header: Content-Type: application/vnd.pearson.paf.v1.envelope+json;body="application/vnd.pearson.sanvan.v1.activity"
	data: ../Neff/MC/68830_HP_C03.activity.json
		 '{
  "body": {
    "containerConfig": [
      {
        "brixConfig": [
        ...'
	method: POST
	osecret: 897***
	oconsumer: eco***

[OUT] Server response:
{
	StatusCode: "Created (201)",
	Body: "[{"guid":"d88567b2-22d3-4611-87e7-56c55f60a01f","@context":"http://purl.org/pearson/content/v1/ctx/metadata/MetadataId","@id":"http://repo.paf.cert.pearsoncmg.com/paf-repo/resources/activities/d88567b2-22d3-4611-87e7-56c55f60a01f","@type":"Metadata"}]"
}
...done importing ../Neff/MC/68830_HP_C03.activity.json to PAF
importing ../Neff/MC/68830_HP_C04.activity.json to PAF...
Tool to make signed request to PAF (ver 0.2b (2013/12/09))
[IN] Parameters:
	url: http://repo.paf.cert.pearsoncmg.com/paf-repo/resources/activities
	header: Content-Type: application/vnd.pearson.paf.v1.envelope+json;body="application/vnd.pearson.sanvan.v1.activity"
	data: ../Neff/MC/68830_HP_C04.activity.json
		 '{
  "body": {
    "containerConfig": [
      {
        "brixConfig": [
        ...'
	method: POST
	osecret: 897***
	oconsumer: eco***

[OUT] Server response:
{
	StatusCode: "Created (201)",
	Body: "[{"guid":"e7376113-e5b3-4e58-830c-291428226bc9","@context":"http://purl.org/pearson/content/v1/ctx/metadata/MetadataId","@id":"http://repo.paf.cert.pearsoncmg.com/paf-repo/resources/activities/e7376113-e5b3-4e58-830c-291428226bc9","@type":"Metadata"}]"
}
...done importing ../Neff/MC/68830_HP_C04.activity.json to PAF
importing ../Neff/MC/68830_HP_C05.activity.json to PAF...
Tool to make signed request to PAF (ver 0.2b (2013/12/09))
[IN] Parameters:
	url: http://repo.paf.cert.pearsoncmg.com/paf-repo/resources/activities
	header: Content-Type: application/vnd.pearson.paf.v1.envelope+json;body="application/vnd.pearson.sanvan.v1.activity"
	data: ../Neff/MC/68830_HP_C05.activity.json
		 '{
  "body": {
    "containerConfig": [
      {
        "brixConfig": [
        ...'
	method: POST
	osecret: 897***
	oconsumer: eco***

[OUT] Server response:
{
	StatusCode: "Created (201)",
	Body: "[{"guid":"d1743dce-5742-44c4-93b4-9475683209b8","@context":"http://purl.org/pearson/content/v1/ctx/metadata/MetadataId","@id":"http://repo.paf.cert.pearsoncmg.com/paf-repo/resources/activities/d1743dce-5742-44c4-93b4-9475683209b8","@type":"Metadata"}]"
}
...done importing ../Neff/MC/68830_HP_C05.activity.json to PAF
importing ../Neff/MC/68830_HP_C06.activity.json to PAF...
Tool to make signed request to PAF (ver 0.2b (2013/12/09))
[IN] Parameters:
	url: http://repo.paf.cert.pearsoncmg.com/paf-repo/resources/activities
	header: Content-Type: application/vnd.pearson.paf.v1.envelope+json;body="application/vnd.pearson.sanvan.v1.activity"
	data: ../Neff/MC/68830_HP_C06.activity.json
		 '{
  "body": {
    "containerConfig": [
      {
        "brixConfig": [
        ...'
	method: POST
	osecret: 897***
	oconsumer: eco***

[OUT] Server response:
{
	StatusCode: "Created (201)",
	Body: "[{"guid":"fe98a5b5-342e-43f3-9499-71861f2d86d2","@context":"http://purl.org/pearson/content/v1/ctx/metadata/MetadataId","@id":"http://repo.paf.cert.pearsoncmg.com/paf-repo/resources/activities/fe98a5b5-342e-43f3-9499-71861f2d86d2","@type":"Metadata"}]"
}
...done importing ../Neff/MC/68830_HP_C06.activity.json to PAF
importing ../Neff/MC/68830_HP_C07.activity.json to PAF...
Tool to make signed request to PAF (ver 0.2b (2013/12/09))
[IN] Parameters:
	url: http://repo.paf.cert.pearsoncmg.com/paf-repo/resources/activities
	header: Content-Type: application/vnd.pearson.paf.v1.envelope+json;body="application/vnd.pearson.sanvan.v1.activity"
	data: ../Neff/MC/68830_HP_C07.activity.json
		 '{
  "body": {
    "containerConfig": [
      {
        "brixConfig": [
        ...'
	method: POST
	osecret: 897***
	oconsumer: eco***

[OUT] Server response:
{
	StatusCode: "Created (201)",
	Body: "[{"guid":"fb4f09d0-9ea1-4365-8a3c-ee0f9816e2ac","@context":"http://purl.org/pearson/content/v1/ctx/metadata/MetadataId","@id":"http://repo.paf.cert.pearsoncmg.com/paf-repo/resources/activities/fb4f09d0-9ea1-4365-8a3c-ee0f9816e2ac","@type":"Metadata"}]"
}
...done importing ../Neff/MC/68830_HP_C07.activity.json to PAF
importing ../Neff/MC/68830_HP_C08.activity.json to PAF...
Tool to make signed request to PAF (ver 0.2b (2013/12/09))
[IN] Parameters:
	url: http://repo.paf.cert.pearsoncmg.com/paf-repo/resources/activities
	header: Content-Type: application/vnd.pearson.paf.v1.envelope+json;body="application/vnd.pearson.sanvan.v1.activity"
	data: ../Neff/MC/68830_HP_C08.activity.json
		 '{
  "body": {
    "containerConfig": [
      {
        "brixConfig": [
        ...'
	method: POST
	osecret: 897***
	oconsumer: eco***

[OUT] Server response:
{
	StatusCode: "Created (201)",
	Body: "[{"guid":"71bfc277-743e-418f-9b3e-c3a0d3ffdb5c","@context":"http://purl.org/pearson/content/v1/ctx/metadata/MetadataId","@id":"http://repo.paf.cert.pearsoncmg.com/paf-repo/resources/activities/71bfc277-743e-418f-9b3e-c3a0d3ffdb5c","@type":"Metadata"}]"
}
...done importing ../Neff/MC/68830_HP_C08.activity.json to PAF
importing ../Neff/MC/68830_HP_C09.activity.json to PAF...
Tool to make signed request to PAF (ver 0.2b (2013/12/09))
[IN] Parameters:
	url: http://repo.paf.cert.pearsoncmg.com/paf-repo/resources/activities
	header: Content-Type: application/vnd.pearson.paf.v1.envelope+json;body="application/vnd.pearson.sanvan.v1.activity"
	data: ../Neff/MC/68830_HP_C09.activity.json
		 '{
  "body": {
    "containerConfig": [
      {
        "brixConfig": [
        ...'
	method: POST
	osecret: 897***
	oconsumer: eco***

[OUT] Server response:
{
	StatusCode: "Created (201)",
	Body: "[{"guid":"d345d109-a234-4629-b39a-904c55056bbd","@context":"http://purl.org/pearson/content/v1/ctx/metadata/MetadataId","@id":"http://repo.paf.cert.pearsoncmg.com/paf-repo/resources/activities/d345d109-a234-4629-b39a-904c55056bbd","@type":"Metadata"}]"
}
...done importing ../Neff/MC/68830_HP_C09.activity.json to PAF
importing ../Neff/MC/68830_HP_C10.activity.json to PAF...
Tool to make signed request to PAF (ver 0.2b (2013/12/09))
[IN] Parameters:
	url: http://repo.paf.cert.pearsoncmg.com/paf-repo/resources/activities
	header: Content-Type: application/vnd.pearson.paf.v1.envelope+json;body="application/vnd.pearson.sanvan.v1.activity"
	data: ../Neff/MC/68830_HP_C10.activity.json
		 '{
  "body": {
    "containerConfig": [
      {
        "brixConfig": [
        ...'
	method: POST
	osecret: 897***
	oconsumer: eco***

[OUT] Server response:
{
	StatusCode: "Created (201)",
	Body: "[{"guid":"07a0710e-5149-4b4d-adc1-e0573b7a8426","@context":"http://purl.org/pearson/content/v1/ctx/metadata/MetadataId","@id":"http://repo.paf.cert.pearsoncmg.com/paf-repo/resources/activities/07a0710e-5149-4b4d-adc1-e0573b7a8426","@type":"Metadata"}]"
}
...done importing ../Neff/MC/68830_HP_C10.activity.json to PAF
importing ../Neff/MC/68830_HP_C11.activity.json to PAF...
Tool to make signed request to PAF (ver 0.2b (2013/12/09))
[IN] Parameters:
	url: http://repo.paf.cert.pearsoncmg.com/paf-repo/resources/activities
	header: Content-Type: application/vnd.pearson.paf.v1.envelope+json;body="application/vnd.pearson.sanvan.v1.activity"
	data: ../Neff/MC/68830_HP_C11.activity.json
		 '{
  "body": {
    "containerConfig": [
      {
        "brixConfig": [
        ...'
	method: POST
	osecret: 897***
	oconsumer: eco***

[OUT] Server response:
{
	StatusCode: "Created (201)",
	Body: "[{"guid":"5c2f4bae-e7a7-4fbd-960a-5b96525ac60b","@context":"http://purl.org/pearson/content/v1/ctx/metadata/MetadataId","@id":"http://repo.paf.cert.pearsoncmg.com/paf-repo/resources/activities/5c2f4bae-e7a7-4fbd-960a-5b96525ac60b","@type":"Metadata"}]"
}
...done importing ../Neff/MC/68830_HP_C11.activity.json to PAF
importing ../Neff/MC/68830_HP_C12.activity.json to PAF...
Tool to make signed request to PAF (ver 0.2b (2013/12/09))
[IN] Parameters:
	url: http://repo.paf.cert.pearsoncmg.com/paf-repo/resources/activities
	header: Content-Type: application/vnd.pearson.paf.v1.envelope+json;body="application/vnd.pearson.sanvan.v1.activity"
	data: ../Neff/MC/68830_HP_C12.activity.json
		 '{
  "body": {
    "containerConfig": [
      {
        "brixConfig": [
        ...'
	method: POST
	osecret: 897***
	oconsumer: eco***

[OUT] Server response:
{
	StatusCode: "Created (201)",
	Body: "[{"guid":"afe27a9c-a003-4921-8b44-0d5262767762","@context":"http://purl.org/pearson/content/v1/ctx/metadata/MetadataId","@id":"http://repo.paf.cert.pearsoncmg.com/paf-repo/resources/activities/afe27a9c-a003-4921-8b44-0d5262767762","@type":"Metadata"}]"
}
...done importing ../Neff/MC/68830_HP_C12.activity.json to PAF
importing ../Neff/MC/68830_HP_C13.activity.json to PAF...
Tool to make signed request to PAF (ver 0.2b (2013/12/09))
[IN] Parameters:
	url: http://repo.paf.cert.pearsoncmg.com/paf-repo/resources/activities
	header: Content-Type: application/vnd.pearson.paf.v1.envelope+json;body="application/vnd.pearson.sanvan.v1.activity"
	data: ../Neff/MC/68830_HP_C13.activity.json
		 '{
  "body": {
    "containerConfig": [
      {
        "brixConfig": [
        ...'
	method: POST
	osecret: 897***
	oconsumer: eco***

[OUT] Server response:
{
	StatusCode: "Created (201)",
	Body: "[{"guid":"418cf514-3a5d-49da-bfd6-0578c6933d18","@context":"http://purl.org/pearson/content/v1/ctx/metadata/MetadataId","@id":"http://repo.paf.cert.pearsoncmg.com/paf-repo/resources/activities/418cf514-3a5d-49da-bfd6-0578c6933d18","@type":"Metadata"}]"
}
...done importing ../Neff/MC/68830_HP_C13.activity.json to PAF
importing ../Neff/MC/68830_HP_M01_01.activity.json to PAF...
Tool to make signed request to PAF (ver 0.2b (2013/12/09))
[IN] Parameters:
	url: http://repo.paf.cert.pearsoncmg.com/paf-repo/resources/activities
	header: Content-Type: application/vnd.pearson.paf.v1.envelope+json;body="application/vnd.pearson.sanvan.v1.activity"
	data: ../Neff/MC/68830_HP_M01_01.activity.json
		 '{
  "body": {
    "containerConfig": [
      {
        "brixConfig": [
        ...'
	method: POST
	osecret: 897***
	oconsumer: eco***

[OUT] Server response:
{
	StatusCode: "Created (201)",
	Body: "[{"guid":"c16ad0d6-eb1d-4094-a06e-aec2e726d3dd","@context":"http://purl.org/pearson/content/v1/ctx/metadata/MetadataId","@id":"http://repo.paf.cert.pearsoncmg.com/paf-repo/resources/activities/c16ad0d6-eb1d-4094-a06e-aec2e726d3dd","@type":"Metadata"}]"
}
...done importing ../Neff/MC/68830_HP_M01_01.activity.json to PAF
importing ../Neff/MC/68830_HP_M01_02.activity.json to PAF...
Tool to make signed request to PAF (ver 0.2b (2013/12/09))
[IN] Parameters:
	url: http://repo.paf.cert.pearsoncmg.com/paf-repo/resources/activities
	header: Content-Type: application/vnd.pearson.paf.v1.envelope+json;body="application/vnd.pearson.sanvan.v1.activity"
	data: ../Neff/MC/68830_HP_M01_02.activity.json
		 '{
  "body": {
    "containerConfig": [
      {
        "brixConfig": [
        ...'
	method: POST
	osecret: 897***
	oconsumer: eco***

[OUT] Server response:
{
	StatusCode: "Created (201)",
	Body: "[{"guid":"69ca896b-aedd-4c7b-9381-7f26840b3d89","@context":"http://purl.org/pearson/content/v1/ctx/metadata/MetadataId","@id":"http://repo.paf.cert.pearsoncmg.com/paf-repo/resources/activities/69ca896b-aedd-4c7b-9381-7f26840b3d89","@type":"Metadata"}]"
}
...done importing ../Neff/MC/68830_HP_M01_02.activity.json to PAF
importing ../Neff/MC/68830_HP_M01_03.activity.json to PAF...
Tool to make signed request to PAF (ver 0.2b (2013/12/09))
[IN] Parameters:
	url: http://repo.paf.cert.pearsoncmg.com/paf-repo/resources/activities
	header: Content-Type: application/vnd.pearson.paf.v1.envelope+json;body="application/vnd.pearson.sanvan.v1.activity"
	data: ../Neff/MC/68830_HP_M01_03.activity.json
		 '{
  "body": {
    "containerConfig": [
      {
        "brixConfig": [
        ...'
	method: POST
	osecret: 897***
	oconsumer: eco***

[OUT] Server response:
{
	StatusCode: "Created (201)",
	Body: "[{"guid":"d72055cb-8d20-4302-8f85-62b5b2e489f1","@context":"http://purl.org/pearson/content/v1/ctx/metadata/MetadataId","@id":"http://repo.paf.cert.pearsoncmg.com/paf-repo/resources/activities/d72055cb-8d20-4302-8f85-62b5b2e489f1","@type":"Metadata"}]"
}
...done importing ../Neff/MC/68830_HP_M01_03.activity.json to PAF
importing ../Neff/MC/68830_HP_M01_04.activity.json to PAF...
Tool to make signed request to PAF (ver 0.2b (2013/12/09))
[IN] Parameters:
	url: http://repo.paf.cert.pearsoncmg.com/paf-repo/resources/activities
	header: Content-Type: application/vnd.pearson.paf.v1.envelope+json;body="application/vnd.pearson.sanvan.v1.activity"
	data: ../Neff/MC/68830_HP_M01_04.activity.json
		 '{
  "body": {
    "containerConfig": [
      {
        "brixConfig": [
        ...'
	method: POST
	osecret: 897***
	oconsumer: eco***

[OUT] Server response:
{
	StatusCode: "Created (201)",
	Body: "[{"guid":"52bb0241-dacb-480f-afac-dcc88a840c39","@context":"http://purl.org/pearson/content/v1/ctx/metadata/MetadataId","@id":"http://repo.paf.cert.pearsoncmg.com/paf-repo/resources/activities/52bb0241-dacb-480f-afac-dcc88a840c39","@type":"Metadata"}]"
}
...done importing ../Neff/MC/68830_HP_M01_04.activity.json to PAF
importing ../Neff/MC/68830_HP_M02_01.activity.json to PAF...
Tool to make signed request to PAF (ver 0.2b (2013/12/09))
[IN] Parameters:
	url: http://repo.paf.cert.pearsoncmg.com/paf-repo/resources/activities
	header: Content-Type: application/vnd.pearson.paf.v1.envelope+json;body="application/vnd.pearson.sanvan.v1.activity"
	data: ../Neff/MC/68830_HP_M02_01.activity.json
		 '{
  "body": {
    "containerConfig": [
      {
        "brixConfig": [
        ...'
	method: POST
	osecret: 897***
	oconsumer: eco***

[OUT] Server response:
{
	StatusCode: "Created (201)",
	Body: "[{"guid":"3e966692-fe67-4534-88fa-1c380bb27361","@context":"http://purl.org/pearson/content/v1/ctx/metadata/MetadataId","@id":"http://repo.paf.cert.pearsoncmg.com/paf-repo/resources/activities/3e966692-fe67-4534-88fa-1c380bb27361","@type":"Metadata"}]"
}
...done importing ../Neff/MC/68830_HP_M02_01.activity.json to PAF
importing ../Neff/MC/68830_HP_M02_02.activity.json to PAF...
Tool to make signed request to PAF (ver 0.2b (2013/12/09))
[IN] Parameters:
	url: http://repo.paf.cert.pearsoncmg.com/paf-repo/resources/activities
	header: Content-Type: application/vnd.pearson.paf.v1.envelope+json;body="application/vnd.pearson.sanvan.v1.activity"
	data: ../Neff/MC/68830_HP_M02_02.activity.json
		 '{
  "body": {
    "containerConfig": [
      {
        "brixConfig": [
        ...'
	method: POST
	osecret: 897***
	oconsumer: eco***

[OUT] Server response:
{
	StatusCode: "Created (201)",
	Body: "[{"guid":"d5c7901b-3cfa-4126-b89e-b7329d1b9948","@context":"http://purl.org/pearson/content/v1/ctx/metadata/MetadataId","@id":"http://repo.paf.cert.pearsoncmg.com/paf-repo/resources/activities/d5c7901b-3cfa-4126-b89e-b7329d1b9948","@type":"Metadata"}]"
}
...done importing ../Neff/MC/68830_HP_M02_02.activity.json to PAF
importing ../Neff/MC/68830_HP_M02_03.activity.json to PAF...
Tool to make signed request to PAF (ver 0.2b (2013/12/09))
[IN] Parameters:
	url: http://repo.paf.cert.pearsoncmg.com/paf-repo/resources/activities
	header: Content-Type: application/vnd.pearson.paf.v1.envelope+json;body="application/vnd.pearson.sanvan.v1.activity"
	data: ../Neff/MC/68830_HP_M02_03.activity.json
		 '{
  "body": {
    "containerConfig": [
      {
        "brixConfig": [
        ...'
	method: POST
	osecret: 897***
	oconsumer: eco***

[OUT] Server response:
{
	StatusCode: "Created (201)",
	Body: "[{"guid":"d6a6f3a8-f915-4f30-9ea8-13d8b8152e90","@context":"http://purl.org/pearson/content/v1/ctx/metadata/MetadataId","@id":"http://repo.paf.cert.pearsoncmg.com/paf-repo/resources/activities/d6a6f3a8-f915-4f30-9ea8-13d8b8152e90","@type":"Metadata"}]"
}
...done importing ../Neff/MC/68830_HP_M02_03.activity.json to PAF
importing ../Neff/MC/68830_HP_M03_01.activity.json to PAF...
Tool to make signed request to PAF (ver 0.2b (2013/12/09))
[IN] Parameters:
	url: http://repo.paf.cert.pearsoncmg.com/paf-repo/resources/activities
	header: Content-Type: application/vnd.pearson.paf.v1.envelope+json;body="application/vnd.pearson.sanvan.v1.activity"
	data: ../Neff/MC/68830_HP_M03_01.activity.json
		 '{
  "body": {
    "containerConfig": [
      {
        "brixConfig": [
        ...'
	method: POST
	osecret: 897***
	oconsumer: eco***

[OUT] Server response:
{
	StatusCode: "Created (201)",
	Body: "[{"guid":"38bb94ef-2420-43f7-b112-abc7859fb564","@context":"http://purl.org/pearson/content/v1/ctx/metadata/MetadataId","@id":"http://repo.paf.cert.pearsoncmg.com/paf-repo/resources/activities/38bb94ef-2420-43f7-b112-abc7859fb564","@type":"Metadata"}]"
}
...done importing ../Neff/MC/68830_HP_M03_01.activity.json to PAF
importing ../Neff/MC/68830_HP_M03_02.activity.json to PAF...
Tool to make signed request to PAF (ver 0.2b (2013/12/09))
[IN] Parameters:
	url: http://repo.paf.cert.pearsoncmg.com/paf-repo/resources/activities
	header: Content-Type: application/vnd.pearson.paf.v1.envelope+json;body="application/vnd.pearson.sanvan.v1.activity"
	data: ../Neff/MC/68830_HP_M03_02.activity.json
		 '{
  "body": {
    "containerConfig": [
      {
        "brixConfig": [
        ...'
	method: POST
	osecret: 897***
	oconsumer: eco***

[OUT] Server response:
{
	StatusCode: "Created (201)",
	Body: "[{"guid":"85925475-c6c5-4270-8576-56bef39b9471","@context":"http://purl.org/pearson/content/v1/ctx/metadata/MetadataId","@id":"http://repo.paf.cert.pearsoncmg.com/paf-repo/resources/activities/85925475-c6c5-4270-8576-56bef39b9471","@type":"Metadata"}]"
}
...done importing ../Neff/MC/68830_HP_M03_02.activity.json to PAF
importing ../Neff/MC/68830_HP_M04_01.activity.json to PAF...
Tool to make signed request to PAF (ver 0.2b (2013/12/09))
[IN] Parameters:
	url: http://repo.paf.cert.pearsoncmg.com/paf-repo/resources/activities
	header: Content-Type: application/vnd.pearson.paf.v1.envelope+json;body="application/vnd.pearson.sanvan.v1.activity"
	data: ../Neff/MC/68830_HP_M04_01.activity.json
		 '{
  "body": {
    "containerConfig": [
      {
        "brixConfig": [
        ...'
	method: POST
	osecret: 897***
	oconsumer: eco***

[OUT] Server response:
{
	StatusCode: "Created (201)",
	Body: "[{"guid":"48e66a32-c603-4ca6-a7ed-ed8ce40dda23","@context":"http://purl.org/pearson/content/v1/ctx/metadata/MetadataId","@id":"http://repo.paf.cert.pearsoncmg.com/paf-repo/resources/activities/48e66a32-c603-4ca6-a7ed-ed8ce40dda23","@type":"Metadata"}]"
}
...done importing ../Neff/MC/68830_HP_M04_01.activity.json to PAF
importing ../Neff/MC/68830_HP_M04_02.activity.json to PAF...
Tool to make signed request to PAF (ver 0.2b (2013/12/09))
[IN] Parameters:
	url: http://repo.paf.cert.pearsoncmg.com/paf-repo/resources/activities
	header: Content-Type: application/vnd.pearson.paf.v1.envelope+json;body="application/vnd.pearson.sanvan.v1.activity"
	data: ../Neff/MC/68830_HP_M04_02.activity.json
		 '{
  "body": {
    "containerConfig": [
      {
        "brixConfig": [
        ...'
	method: POST
	osecret: 897***
	oconsumer: eco***

[OUT] Server response:
{
	StatusCode: "Created (201)",
	Body: "[{"guid":"dafe1f29-f68e-414c-8574-8940b42b30a5","@context":"http://purl.org/pearson/content/v1/ctx/metadata/MetadataId","@id":"http://repo.paf.cert.pearsoncmg.com/paf-repo/resources/activities/dafe1f29-f68e-414c-8574-8940b42b30a5","@type":"Metadata"}]"
}
...done importing ../Neff/MC/68830_HP_M04_02.activity.json to PAF
importing ../Neff/MC/68830_HP_M04_03.activity.json to PAF...
Tool to make signed request to PAF (ver 0.2b (2013/12/09))
[IN] Parameters:
	url: http://repo.paf.cert.pearsoncmg.com/paf-repo/resources/activities
	header: Content-Type: application/vnd.pearson.paf.v1.envelope+json;body="application/vnd.pearson.sanvan.v1.activity"
	data: ../Neff/MC/68830_HP_M04_03.activity.json
		 '{
  "body": {
    "containerConfig": [
      {
        "brixConfig": [
        ...'
	method: POST
	osecret: 897***
	oconsumer: eco***

[OUT] Server response:
{
	StatusCode: "Created (201)",
	Body: "[{"guid":"0f64cac9-b788-4213-bc50-f6b7b424b482","@context":"http://purl.org/pearson/content/v1/ctx/metadata/MetadataId","@id":"http://repo.paf.cert.pearsoncmg.com/paf-repo/resources/activities/0f64cac9-b788-4213-bc50-f6b7b424b482","@type":"Metadata"}]"
}
...done importing ../Neff/MC/68830_HP_M04_03.activity.json to PAF
importing ../Neff/MC/68830_HP_M05_01.activity.json to PAF...
Tool to make signed request to PAF (ver 0.2b (2013/12/09))
[IN] Parameters:
	url: http://repo.paf.cert.pearsoncmg.com/paf-repo/resources/activities
	header: Content-Type: application/vnd.pearson.paf.v1.envelope+json;body="application/vnd.pearson.sanvan.v1.activity"
	data: ../Neff/MC/68830_HP_M05_01.activity.json
		 '{
  "body": {
    "containerConfig": [
      {
        "brixConfig": [
        ...'
	method: POST
	osecret: 897***
	oconsumer: eco***

[OUT] Server response:
{
	StatusCode: "Created (201)",
	Body: "[{"guid":"d41c4a96-0446-46ab-aa05-32e641252e5b","@context":"http://purl.org/pearson/content/v1/ctx/metadata/MetadataId","@id":"http://repo.paf.cert.pearsoncmg.com/paf-repo/resources/activities/d41c4a96-0446-46ab-aa05-32e641252e5b","@type":"Metadata"}]"
}
...done importing ../Neff/MC/68830_HP_M05_01.activity.json to PAF
importing ../Neff/MC/68830_HP_M05_02.activity.json to PAF...
Tool to make signed request to PAF (ver 0.2b (2013/12/09))
[IN] Parameters:
	url: http://repo.paf.cert.pearsoncmg.com/paf-repo/resources/activities
	header: Content-Type: application/vnd.pearson.paf.v1.envelope+json;body="application/vnd.pearson.sanvan.v1.activity"
	data: ../Neff/MC/68830_HP_M05_02.activity.json
		 '{
  "body": {
    "containerConfig": [
      {
        "brixConfig": [
        ...'
	method: POST
	osecret: 897***
	oconsumer: eco***

[OUT] Server response:
{
	StatusCode: "Created (201)",
	Body: "[{"guid":"18b93bdc-1ee6-4235-b827-eec221971487","@context":"http://purl.org/pearson/content/v1/ctx/metadata/MetadataId","@id":"http://repo.paf.cert.pearsoncmg.com/paf-repo/resources/activities/18b93bdc-1ee6-4235-b827-eec221971487","@type":"Metadata"}]"
}
...done importing ../Neff/MC/68830_HP_M05_02.activity.json to PAF
importing ../Neff/MC/68830_HP_M05_03.activity.json to PAF...
Tool to make signed request to PAF (ver 0.2b (2013/12/09))
[IN] Parameters:
	url: http://repo.paf.cert.pearsoncmg.com/paf-repo/resources/activities
	header: Content-Type: application/vnd.pearson.paf.v1.envelope+json;body="application/vnd.pearson.sanvan.v1.activity"
	data: ../Neff/MC/68830_HP_M05_03.activity.json
		 '{
  "body": {
    "containerConfig": [
      {
        "brixConfig": [
        ...'
	method: POST
	osecret: 897***
	oconsumer: eco***

[OUT] Server response:
{
	StatusCode: "Created (201)",
	Body: "[{"guid":"4a441b82-d820-4e13-8a0c-bbd6f55b6315","@context":"http://purl.org/pearson/content/v1/ctx/metadata/MetadataId","@id":"http://repo.paf.cert.pearsoncmg.com/paf-repo/resources/activities/4a441b82-d820-4e13-8a0c-bbd6f55b6315","@type":"Metadata"}]"
}
...done importing ../Neff/MC/68830_HP_M05_03.activity.json to PAF
importing ../Neff/MC/68830_HP_M05_04.activity.json to PAF...
Tool to make signed request to PAF (ver 0.2b (2013/12/09))
[IN] Parameters:
	url: http://repo.paf.cert.pearsoncmg.com/paf-repo/resources/activities
	header: Content-Type: application/vnd.pearson.paf.v1.envelope+json;body="application/vnd.pearson.sanvan.v1.activity"
	data: ../Neff/MC/68830_HP_M05_04.activity.json
		 '{
  "body": {
    "containerConfig": [
      {
        "brixConfig": [
        ...'
	method: POST
	osecret: 897***
	oconsumer: eco***

[OUT] Server response:
{
	StatusCode: "Created (201)",
	Body: "[{"guid":"186d5804-c67f-44bf-a160-1ce1afd5e3e8","@context":"http://purl.org/pearson/content/v1/ctx/metadata/MetadataId","@id":"http://repo.paf.cert.pearsoncmg.com/paf-repo/resources/activities/186d5804-c67f-44bf-a160-1ce1afd5e3e8","@type":"Metadata"}]"
}
...done importing ../Neff/MC/68830_HP_M05_04.activity.json to PAF
importing ../Neff/MC/68830_HP_M05_05.activity.json to PAF...
Tool to make signed request to PAF (ver 0.2b (2013/12/09))
[IN] Parameters:
	url: http://repo.paf.cert.pearsoncmg.com/paf-repo/resources/activities
	header: Content-Type: application/vnd.pearson.paf.v1.envelope+json;body="application/vnd.pearson.sanvan.v1.activity"
	data: ../Neff/MC/68830_HP_M05_05.activity.json
		 '{
  "body": {
    "containerConfig": [
      {
        "brixConfig": [
        ...'
	method: POST
	osecret: 897***
	oconsumer: eco***

[OUT] Server response:
{
	StatusCode: "Created (201)",
	Body: "[{"guid":"1ac97fb2-43ff-4f05-a576-191d9ac2c6d2","@context":"http://purl.org/pearson/content/v1/ctx/metadata/MetadataId","@id":"http://repo.paf.cert.pearsoncmg.com/paf-repo/resources/activities/1ac97fb2-43ff-4f05-a576-191d9ac2c6d2","@type":"Metadata"}]"
}
...done importing ../Neff/MC/68830_HP_M05_05.activity.json to PAF
importing ../Neff/MC/68830_HP_M05_06.activity.json to PAF...
Tool to make signed request to PAF (ver 0.2b (2013/12/09))
[IN] Parameters:
	url: http://repo.paf.cert.pearsoncmg.com/paf-repo/resources/activities
	header: Content-Type: application/vnd.pearson.paf.v1.envelope+json;body="application/vnd.pearson.sanvan.v1.activity"
	data: ../Neff/MC/68830_HP_M05_06.activity.json
		 '{
  "body": {
    "containerConfig": [
      {
        "brixConfig": [
        ...'
	method: POST
	osecret: 897***
	oconsumer: eco***

[OUT] Server response:
{
	StatusCode: "Created (201)",
	Body: "[{"guid":"bff4df47-fea7-4f70-9fba-869759140c00","@context":"http://purl.org/pearson/content/v1/ctx/metadata/MetadataId","@id":"http://repo.paf.cert.pearsoncmg.com/paf-repo/resources/activities/bff4df47-fea7-4f70-9fba-869759140c00","@type":"Metadata"}]"
}
...done importing ../Neff/MC/68830_HP_M05_06.activity.json to PAF
importing ../Neff/MC/68830_HP_M06_01.activity.json to PAF...
Tool to make signed request to PAF (ver 0.2b (2013/12/09))
[IN] Parameters:
	url: http://repo.paf.cert.pearsoncmg.com/paf-repo/resources/activities
	header: Content-Type: application/vnd.pearson.paf.v1.envelope+json;body="application/vnd.pearson.sanvan.v1.activity"
	data: ../Neff/MC/68830_HP_M06_01.activity.json
		 '{
  "body": {
    "containerConfig": [
      {
        "brixConfig": [
        ...'
	method: POST
	osecret: 897***
	oconsumer: eco***

[OUT] Server response:
{
	StatusCode: "Created (201)",
	Body: "[{"guid":"7fbc221e-260c-44ee-9f38-5575e0a201cb","@context":"http://purl.org/pearson/content/v1/ctx/metadata/MetadataId","@id":"http://repo.paf.cert.pearsoncmg.com/paf-repo/resources/activities/7fbc221e-260c-44ee-9f38-5575e0a201cb","@type":"Metadata"}]"
}
...done importing ../Neff/MC/68830_HP_M06_01.activity.json to PAF
importing ../Neff/MC/68830_HP_M06_02.activity.json to PAF...
Tool to make signed request to PAF (ver 0.2b (2013/12/09))
[IN] Parameters:
	url: http://repo.paf.cert.pearsoncmg.com/paf-repo/resources/activities
	header: Content-Type: application/vnd.pearson.paf.v1.envelope+json;body="application/vnd.pearson.sanvan.v1.activity"
	data: ../Neff/MC/68830_HP_M06_02.activity.json
		 '{
  "body": {
    "containerConfig": [
      {
        "brixConfig": [
        ...'
	method: POST
	osecret: 897***
	oconsumer: eco***

[OUT] Server response:
{
	StatusCode: "Created (201)",
	Body: "[{"guid":"ce2305b7-2ccb-479d-86d6-0cbe416aae60","@context":"http://purl.org/pearson/content/v1/ctx/metadata/MetadataId","@id":"http://repo.paf.cert.pearsoncmg.com/paf-repo/resources/activities/ce2305b7-2ccb-479d-86d6-0cbe416aae60","@type":"Metadata"}]"
}
...done importing ../Neff/MC/68830_HP_M06_02.activity.json to PAF
importing ../Neff/MC/68830_HP_M06_03.activity.json to PAF...
Tool to make signed request to PAF (ver 0.2b (2013/12/09))
[IN] Parameters:
	url: http://repo.paf.cert.pearsoncmg.com/paf-repo/resources/activities
	header: Content-Type: application/vnd.pearson.paf.v1.envelope+json;body="application/vnd.pearson.sanvan.v1.activity"
	data: ../Neff/MC/68830_HP_M06_03.activity.json
		 '{
  "body": {
    "containerConfig": [
      {
        "brixConfig": [
        ...'
	method: POST
	osecret: 897***
	oconsumer: eco***

[OUT] Server response:
{
	StatusCode: "Created (201)",
	Body: "[{"guid":"1a5096d5-d935-4380-b090-9be61971625a","@context":"http://purl.org/pearson/content/v1/ctx/metadata/MetadataId","@id":"http://repo.paf.cert.pearsoncmg.com/paf-repo/resources/activities/1a5096d5-d935-4380-b090-9be61971625a","@type":"Metadata"}]"
}
...done importing ../Neff/MC/68830_HP_M06_03.activity.json to PAF
importing ../Neff/MC/68830_HP_M06_04.activity.json to PAF...
Tool to make signed request to PAF (ver 0.2b (2013/12/09))
[IN] Parameters:
	url: http://repo.paf.cert.pearsoncmg.com/paf-repo/resources/activities
	header: Content-Type: application/vnd.pearson.paf.v1.envelope+json;body="application/vnd.pearson.sanvan.v1.activity"
	data: ../Neff/MC/68830_HP_M06_04.activity.json
		 '{
  "body": {
    "containerConfig": [
      {
        "brixConfig": [
        ...'
	method: POST
	osecret: 897***
	oconsumer: eco***

[OUT] Server response:
{
	StatusCode: "Created (201)",
	Body: "[{"guid":"3d4cd3ac-14c9-44a5-a5ba-363fb98ff2e2","@context":"http://purl.org/pearson/content/v1/ctx/metadata/MetadataId","@id":"http://repo.paf.cert.pearsoncmg.com/paf-repo/resources/activities/3d4cd3ac-14c9-44a5-a5ba-363fb98ff2e2","@type":"Metadata"}]"
}
...done importing ../Neff/MC/68830_HP_M06_04.activity.json to PAF
importing ../Neff/MC/68830_HP_M06_05.activity.json to PAF...
Tool to make signed request to PAF (ver 0.2b (2013/12/09))
[IN] Parameters:
	url: http://repo.paf.cert.pearsoncmg.com/paf-repo/resources/activities
	header: Content-Type: application/vnd.pearson.paf.v1.envelope+json;body="application/vnd.pearson.sanvan.v1.activity"
	data: ../Neff/MC/68830_HP_M06_05.activity.json
		 '{
  "body": {
    "containerConfig": [
      {
        "brixConfig": [
        ...'
	method: POST
	osecret: 897***
	oconsumer: eco***

[OUT] Server response:
{
	StatusCode: "Created (201)",
	Body: "[{"guid":"dabefbd7-5d3c-4d90-8127-fe7f53af036e","@context":"http://purl.org/pearson/content/v1/ctx/metadata/MetadataId","@id":"http://repo.paf.cert.pearsoncmg.com/paf-repo/resources/activities/dabefbd7-5d3c-4d90-8127-fe7f53af036e","@type":"Metadata"}]"
}
...done importing ../Neff/MC/68830_HP_M06_05.activity.json to PAF
importing ../Neff/MC/68830_HP_M06_06.activity.json to PAF...
Tool to make signed request to PAF (ver 0.2b (2013/12/09))
[IN] Parameters:
	url: http://repo.paf.cert.pearsoncmg.com/paf-repo/resources/activities
	header: Content-Type: application/vnd.pearson.paf.v1.envelope+json;body="application/vnd.pearson.sanvan.v1.activity"
	data: ../Neff/MC/68830_HP_M06_06.activity.json
		 '{
  "body": {
    "containerConfig": [
      {
        "brixConfig": [
        ...'
	method: POST
	osecret: 897***
	oconsumer: eco***

[OUT] Server response:
{
	StatusCode: "Created (201)",
	Body: "[{"guid":"c8b0ea0a-c139-4f27-a816-6071956ea781","@context":"http://purl.org/pearson/content/v1/ctx/metadata/MetadataId","@id":"http://repo.paf.cert.pearsoncmg.com/paf-repo/resources/activities/c8b0ea0a-c139-4f27-a816-6071956ea781","@type":"Metadata"}]"
}
...done importing ../Neff/MC/68830_HP_M06_06.activity.json to PAF
importing ../Neff/MC/68830_HP_M07_01.activity.json to PAF...
Tool to make signed request to PAF (ver 0.2b (2013/12/09))
[IN] Parameters:
	url: http://repo.paf.cert.pearsoncmg.com/paf-repo/resources/activities
	header: Content-Type: application/vnd.pearson.paf.v1.envelope+json;body="application/vnd.pearson.sanvan.v1.activity"
	data: ../Neff/MC/68830_HP_M07_01.activity.json
		 '{
  "body": {
    "containerConfig": [
      {
        "brixConfig": [
        ...'
	method: POST
	osecret: 897***
	oconsumer: eco***

[OUT] Server response:
{
	StatusCode: "Created (201)",
	Body: "[{"guid":"aa24df24-e0d8-4ca1-b138-b85ee319e59c","@context":"http://purl.org/pearson/content/v1/ctx/metadata/MetadataId","@id":"http://repo.paf.cert.pearsoncmg.com/paf-repo/resources/activities/aa24df24-e0d8-4ca1-b138-b85ee319e59c","@type":"Metadata"}]"
}
...done importing ../Neff/MC/68830_HP_M07_01.activity.json to PAF
importing ../Neff/MC/68830_HP_M07_02.activity.json to PAF...
Tool to make signed request to PAF (ver 0.2b (2013/12/09))
[IN] Parameters:
	url: http://repo.paf.cert.pearsoncmg.com/paf-repo/resources/activities
	header: Content-Type: application/vnd.pearson.paf.v1.envelope+json;body="application/vnd.pearson.sanvan.v1.activity"
	data: ../Neff/MC/68830_HP_M07_02.activity.json
		 '{
  "body": {
    "containerConfig": [
      {
        "brixConfig": [
        ...'
	method: POST
	osecret: 897***
	oconsumer: eco***

[OUT] Server response:
{
	StatusCode: "Created (201)",
	Body: "[{"guid":"41e43692-c91e-4e77-87dd-d229c356a3b1","@context":"http://purl.org/pearson/content/v1/ctx/metadata/MetadataId","@id":"http://repo.paf.cert.pearsoncmg.com/paf-repo/resources/activities/41e43692-c91e-4e77-87dd-d229c356a3b1","@type":"Metadata"}]"
}
...done importing ../Neff/MC/68830_HP_M07_02.activity.json to PAF
importing ../Neff/MC/68830_HP_M07_03.activity.json to PAF...
Tool to make signed request to PAF (ver 0.2b (2013/12/09))
[IN] Parameters:
	url: http://repo.paf.cert.pearsoncmg.com/paf-repo/resources/activities
	header: Content-Type: application/vnd.pearson.paf.v1.envelope+json;body="application/vnd.pearson.sanvan.v1.activity"
	data: ../Neff/MC/68830_HP_M07_03.activity.json
		 '{
  "body": {
    "containerConfig": [
      {
        "brixConfig": [
        ...'
	method: POST
	osecret: 897***
	oconsumer: eco***

[OUT] Server response:
{
	StatusCode: "Created (201)",
	Body: "[{"guid":"d2d45b94-9503-48dd-936d-601045e29e89","@context":"http://purl.org/pearson/content/v1/ctx/metadata/MetadataId","@id":"http://repo.paf.cert.pearsoncmg.com/paf-repo/resources/activities/d2d45b94-9503-48dd-936d-601045e29e89","@type":"Metadata"}]"
}
...done importing ../Neff/MC/68830_HP_M07_03.activity.json to PAF
importing ../Neff/MC/68830_HP_M07_04.activity.json to PAF...
Tool to make signed request to PAF (ver 0.2b (2013/12/09))
[IN] Parameters:
	url: http://repo.paf.cert.pearsoncmg.com/paf-repo/resources/activities
	header: Content-Type: application/vnd.pearson.paf.v1.envelope+json;body="application/vnd.pearson.sanvan.v1.activity"
	data: ../Neff/MC/68830_HP_M07_04.activity.json
		 '{
  "body": {
    "containerConfig": [
      {
        "brixConfig": [
        ...'
	method: POST
	osecret: 897***
	oconsumer: eco***

[OUT] Server response:
{
	StatusCode: "Created (201)",
	Body: "[{"guid":"87c917f1-efb4-4d2e-85e2-efb9065c5481","@context":"http://purl.org/pearson/content/v1/ctx/metadata/MetadataId","@id":"http://repo.paf.cert.pearsoncmg.com/paf-repo/resources/activities/87c917f1-efb4-4d2e-85e2-efb9065c5481","@type":"Metadata"}]"
}
...done importing ../Neff/MC/68830_HP_M07_04.activity.json to PAF
importing ../Neff/MC/68830_HP_M07_05.activity.json to PAF...
Tool to make signed request to PAF (ver 0.2b (2013/12/09))
[IN] Parameters:
	url: http://repo.paf.cert.pearsoncmg.com/paf-repo/resources/activities
	header: Content-Type: application/vnd.pearson.paf.v1.envelope+json;body="application/vnd.pearson.sanvan.v1.activity"
	data: ../Neff/MC/68830_HP_M07_05.activity.json
		 '{
  "body": {
    "containerConfig": [
      {
        "brixConfig": [
        ...'
	method: POST
	osecret: 897***
	oconsumer: eco***

[OUT] Server response:
{
	StatusCode: "Created (201)",
	Body: "[{"guid":"f1e98f65-2a70-4890-9ad0-79bac8c5e4c9","@context":"http://purl.org/pearson/content/v1/ctx/metadata/MetadataId","@id":"http://repo.paf.cert.pearsoncmg.com/paf-repo/resources/activities/f1e98f65-2a70-4890-9ad0-79bac8c5e4c9","@type":"Metadata"}]"
}
...done importing ../Neff/MC/68830_HP_M07_05.activity.json to PAF
