Mon Jan 13 16:31:02 EST 2014
importing ../Neff/MC/json/68830_EU_M07_01.activity.json to PAF...
Tool to make signed request to PAF (ver 0.3c (2013/12/19))
[IN] Parameters:
	url: http://repo.paf.pearsoncmg.com/paf-repo/resources/activities
	header: Content-Type: application/vnd.pearson.paf.v1.envelope+json;body="application/vnd.pearson.sanvan.v1.activity"
	data source: ../Neff/MC/json/68830_EU_M07_01.activity.json
	data content: '{
  "body": {
    "containerConfig": [
      {
        "brixConfig": [
        ...
	method: POST
	osecret: 897***
	oconsumer: eco***

[OUT] Server response:
{
	"statusCode": "Created (201)",
	"body":[{"guid":"da3ce037-98ef-4923-bf26-714bf6d2b93f","@context":"http://purl.org/pearson/content/v1/ctx/metadata/MetadataId","@id":"http://repo.paf.pearsoncmg.com/paf-repo/resources/activities/da3ce037-98ef-4923-bf26-714bf6d2b93f","@type":"Metadata"}]
}
...importing ../Neff/MC/json/68830_EU_M07_01.activity.json to PAF was successful
Mon Jan 13 16:31:03 EST 2014
importing ../Neff/MC/json/68830_EU_M07_02.activity.json to PAF...
Tool to make signed request to PAF (ver 0.3c (2013/12/19))
[IN] Parameters:
	url: http://repo.paf.pearsoncmg.com/paf-repo/resources/activities
	header: Content-Type: application/vnd.pearson.paf.v1.envelope+json;body="application/vnd.pearson.sanvan.v1.activity"
	data source: ../Neff/MC/json/68830_EU_M07_02.activity.json
	data content: '{
  "body": {
    "containerConfig": [
      {
        "brixConfig": [
        ...
	method: POST
	osecret: 897***
	oconsumer: eco***

[OUT] Server response:
{
	"statusCode": "Created (201)",
	"body":[{"guid":"d7250812-bf6f-4cc0-bad9-9c126af38000","@context":"http://purl.org/pearson/content/v1/ctx/metadata/MetadataId","@id":"http://repo.paf.pearsoncmg.com/paf-repo/resources/activities/d7250812-bf6f-4cc0-bad9-9c126af38000","@type":"Metadata"}]
}
...importing ../Neff/MC/json/68830_EU_M07_02.activity.json to PAF was successful
Mon Jan 13 16:31:04 EST 2014
importing ../Neff/MC/json/68830_EU_M07_03.activity.json to PAF...
Tool to make signed request to PAF (ver 0.3c (2013/12/19))
[IN] Parameters:
	url: http://repo.paf.pearsoncmg.com/paf-repo/resources/activities
	header: Content-Type: application/vnd.pearson.paf.v1.envelope+json;body="application/vnd.pearson.sanvan.v1.activity"
	data source: ../Neff/MC/json/68830_EU_M07_03.activity.json
	data content: '{
  "body": {
    "containerConfig": [
      {
        "brixConfig": [
        ...
	method: POST
	osecret: 897***
	oconsumer: eco***

[OUT] Server response:
{
	"statusCode": "Created (201)",
	"body":[{"guid":"58aaba14-b8f2-4f19-b168-86b5a37a92d2","@context":"http://purl.org/pearson/content/v1/ctx/metadata/MetadataId","@id":"http://repo.paf.pearsoncmg.com/paf-repo/resources/activities/58aaba14-b8f2-4f19-b168-86b5a37a92d2","@type":"Metadata"}]
}
...importing ../Neff/MC/json/68830_EU_M07_03.activity.json to PAF was successful
Mon Jan 13 16:31:15 EST 2014
importing ../Neff/MC/json/68830_EU_M07_04.activity.json to PAF...
Tool to make signed request to PAF (ver 0.3c (2013/12/19))
[IN] Parameters:
	url: http://repo.paf.pearsoncmg.com/paf-repo/resources/activities
	header: Content-Type: application/vnd.pearson.paf.v1.envelope+json;body="application/vnd.pearson.sanvan.v1.activity"
	data source: ../Neff/MC/json/68830_EU_M07_04.activity.json
	data content: '{
  "body": {
    "containerConfig": [
      {
        "brixConfig": [
        ...
	method: POST
	osecret: 897***
	oconsumer: eco***

[OUT] Server response:
{
	"statusCode": "Created (201)",
	"body":[{"guid":"a88d4c24-9e07-49f5-93dd-d19c957c48dd","@context":"http://purl.org/pearson/content/v1/ctx/metadata/MetadataId","@id":"http://repo.paf.pearsoncmg.com/paf-repo/resources/activities/a88d4c24-9e07-49f5-93dd-d19c957c48dd","@type":"Metadata"}]
}
...importing ../Neff/MC/json/68830_EU_M07_04.activity.json to PAF was successful
Mon Jan 13 16:31:20 EST 2014
importing ../Neff/MC/json/68830_EU_M07_05.activity.json to PAF...
Tool to make signed request to PAF (ver 0.3c (2013/12/19))
[IN] Parameters:
	url: http://repo.paf.pearsoncmg.com/paf-repo/resources/activities
	header: Content-Type: application/vnd.pearson.paf.v1.envelope+json;body="application/vnd.pearson.sanvan.v1.activity"
	data source: ../Neff/MC/json/68830_EU_M07_05.activity.json
	data content: '{
  "body": {
    "containerConfig": [
      {
        "brixConfig": [
        ...
	method: POST
	osecret: 897***
	oconsumer: eco***

[OUT] Server response:
{
	"statusCode": "Created (201)",
	"body":[{"guid":"6432a094-626d-4016-bd69-74c149406186","@context":"http://purl.org/pearson/content/v1/ctx/metadata/MetadataId","@id":"http://repo.paf.pearsoncmg.com/paf-repo/resources/activities/6432a094-626d-4016-bd69-74c149406186","@type":"Metadata"}]
}
...importing ../Neff/MC/json/68830_EU_M07_05.activity.json to PAF was successful
Mon Jan 13 16:32:19 EST 2014
Mon Jan 13 16:32:59 EST 2014
importing ../Neff/MC/json/Quiz_7.assignment.json to PAF...
Tool to make signed request to PAF (ver 0.3c (2013/12/19))
[IN] Parameters:
	url: http://repo.paf.pearsoncmg.com/paf-repo/resources/activities
	header: Content-Type: application/vnd.pearson.paf.v1.envelope+json;body="application/vnd.pearson.paf.v1.assignment+json"
	data source: ../Neff/MC/json/Quiz_7.assignment.json
	data content: '{
  "body": {
    "@context": "http://purl.org/pearson/paf/v1/ctx/core/Structur...
	method: POST
	osecret: 897***
	oconsumer: eco***

[OUT] Server response:
{
	"statusCode": "Created (201)",
	"body":[{"guid":"1c15c218-af9c-4f32-9859-42d3418e32ac","@context":"http://purl.org/pearson/content/v1/ctx/metadata/MetadataId","@id":"http://repo.paf.pearsoncmg.com/paf-repo/resources/activities/1c15c218-af9c-4f32-9859-42d3418e32ac","@type":"Metadata"}]
}
...importing ../Neff/MC/json/Quiz_7.assignment.json to PAF was successful
Mon Jan 13 16:33:00 EST 2014
