Thu Jan  9 14:17:35 EST 2014
importing ../Neff/MC/json/68830_HP_M07_01.activity.json to PAF...
Tool to make signed request to PAF (ver 0.3c (2013/12/19))
[IN] Parameters:
	url: http://repo.paf.cert.pearsoncmg.com/paf-repo/resources/activities
	header: Content-Type: application/vnd.pearson.paf.v1.envelope+json;body="application/vnd.pearson.sanvan.v1.activity"
	data source: ../Neff/MC/json/68830_HP_M07_01.activity.json
	data content: '{
  "body": {
    "description": "A Sample Activity containing a single multipl...
	method: POST
	osecret: 897***
	oconsumer: eco***

[OUT] Server response:
{
	"statusCode": "Created (201)",
	"body":[{"guid":"0e5f092c-bd89-45ec-96aa-bdece7eccbf5","@context":"http://purl.org/pearson/content/v1/ctx/metadata/MetadataId","@id":"http://repo.paf.cert.pearsoncmg.com/paf-repo/resources/activities/0e5f092c-bd89-45ec-96aa-bdece7eccbf5","@type":"Metadata"}]
}
...importing ../Neff/MC/json/68830_HP_M07_01.activity.json to PAF was successful
Thu Jan  9 14:17:37 EST 2014
importing ../Neff/MC/json/68830_HP_M07_02.activity.json to PAF...
Tool to make signed request to PAF (ver 0.3c (2013/12/19))
[IN] Parameters:
	url: http://repo.paf.cert.pearsoncmg.com/paf-repo/resources/activities
	header: Content-Type: application/vnd.pearson.paf.v1.envelope+json;body="application/vnd.pearson.sanvan.v1.activity"
	data source: ../Neff/MC/json/68830_HP_M07_02.activity.json
	data content: '{
  "body": {
    "description": "A Sample Activity containing a single multipl...
	method: POST
	osecret: 897***
	oconsumer: eco***

[OUT] Server response:
{
	"statusCode": "Created (201)",
	"body":[{"guid":"e8bfa898-e17a-4852-bcca-9bd1708a2cc6","@context":"http://purl.org/pearson/content/v1/ctx/metadata/MetadataId","@id":"http://repo.paf.cert.pearsoncmg.com/paf-repo/resources/activities/e8bfa898-e17a-4852-bcca-9bd1708a2cc6","@type":"Metadata"}]
}
...importing ../Neff/MC/json/68830_HP_M07_02.activity.json to PAF was successful
Thu Jan  9 14:17:37 EST 2014
importing ../Neff/MC/json/68830_HP_M07_03.activity.json to PAF...
Tool to make signed request to PAF (ver 0.3c (2013/12/19))
[IN] Parameters:
	url: http://repo.paf.cert.pearsoncmg.com/paf-repo/resources/activities
	header: Content-Type: application/vnd.pearson.paf.v1.envelope+json;body="application/vnd.pearson.sanvan.v1.activity"
	data source: ../Neff/MC/json/68830_HP_M07_03.activity.json
	data content: '{
  "body": {
    "description": "A Sample Activity containing a single multipl...
	method: POST
	osecret: 897***
	oconsumer: eco***

[OUT] Server response:
{
	"statusCode": "Created (201)",
	"body":[{"guid":"1c52aeb5-500d-45ea-b8b1-5cba8291dac4","@context":"http://purl.org/pearson/content/v1/ctx/metadata/MetadataId","@id":"http://repo.paf.cert.pearsoncmg.com/paf-repo/resources/activities/1c52aeb5-500d-45ea-b8b1-5cba8291dac4","@type":"Metadata"}]
}
...importing ../Neff/MC/json/68830_HP_M07_03.activity.json to PAF was successful
Thu Jan  9 14:17:38 EST 2014
importing ../Neff/MC/json/68830_HP_M07_04.activity.json to PAF...
Tool to make signed request to PAF (ver 0.3c (2013/12/19))
[IN] Parameters:
	url: http://repo.paf.cert.pearsoncmg.com/paf-repo/resources/activities
	header: Content-Type: application/vnd.pearson.paf.v1.envelope+json;body="application/vnd.pearson.sanvan.v1.activity"
	data source: ../Neff/MC/json/68830_HP_M07_04.activity.json
	data content: '{
  "body": {
    "description": "A Sample Activity containing a single multipl...
	method: POST
	osecret: 897***
	oconsumer: eco***

[OUT] Server response:
{
	"statusCode": "Created (201)",
	"body":[{"guid":"708de386-86ab-4d45-a8be-84a83e6ba56c","@context":"http://purl.org/pearson/content/v1/ctx/metadata/MetadataId","@id":"http://repo.paf.cert.pearsoncmg.com/paf-repo/resources/activities/708de386-86ab-4d45-a8be-84a83e6ba56c","@type":"Metadata"}]
}
...importing ../Neff/MC/json/68830_HP_M07_04.activity.json to PAF was successful
Thu Jan  9 14:17:39 EST 2014
importing ../Neff/MC/json/68830_HP_M07_05.activity.json to PAF...
Tool to make signed request to PAF (ver 0.3c (2013/12/19))
[IN] Parameters:
	url: http://repo.paf.cert.pearsoncmg.com/paf-repo/resources/activities
	header: Content-Type: application/vnd.pearson.paf.v1.envelope+json;body="application/vnd.pearson.sanvan.v1.activity"
	data source: ../Neff/MC/json/68830_HP_M07_05.activity.json
	data content: '{
  "body": {
    "description": "A Sample Activity containing a single multipl...
	method: POST
	osecret: 897***
	oconsumer: eco***

[OUT] Server response:
{
	"statusCode": "Created (201)",
	"body":[{"guid":"afb8a841-c342-4e9c-acd1-dda7d14c5969","@context":"http://purl.org/pearson/content/v1/ctx/metadata/MetadataId","@id":"http://repo.paf.cert.pearsoncmg.com/paf-repo/resources/activities/afb8a841-c342-4e9c-acd1-dda7d14c5969","@type":"Metadata"}]
}
...importing ../Neff/MC/json/68830_HP_M07_05.activity.json to PAF was successful
Thu Jan  9 14:17:40 EST 2014
Thu Jan  9 14:17:54 EST 2014
importing ../Neff/MC/json/Quiz_7.assignment.json to PAF...
Tool to make signed request to PAF (ver 0.3c (2013/12/19))
[IN] Parameters:
	url: http://repo.paf.cert.pearsoncmg.com/paf-repo/resources/activities
	header: Content-Type: application/vnd.pearson.paf.v1.envelope+json;body="application/vnd.pearson.paf.v1.assignment+json"
	data source: ../Neff/MC/json/Quiz_7.assignment.json
	data content: '{
  "body": {
    "@context": "http://purl.org/pearson/paf/v1/ctx/core/Structur...
	method: POST
	osecret: 897***
	oconsumer: eco***

[OUT] Server response:
{
	"statusCode": "Created (201)",
	"body":[{"guid":"1c15c218-af9c-4f32-9859-42d3418e32ac","@context":"http://purl.org/pearson/content/v1/ctx/metadata/MetadataId","@id":"http://repo.paf.cert.pearsoncmg.com/paf-repo/resources/activities/1c15c218-af9c-4f32-9859-42d3418e32ac","@type":"Metadata"}]
}
...importing ../Neff/MC/json/Quiz_7.assignment.json to PAF was successful
Thu Jan  9 14:17:54 EST 2014
