importing ../Neff/MC/Quiz_10.assignment.json to PAF...
Tool to make signed request to PAF (ver 0.2b (2013/12/09))
[IN] Parameters:
	url: http://repo.paf.cert.pearsoncmg.com/paf-repo/resources/activities
	header: Content-Type: application/vnd.pearson.paf.v1.envelope+json;body="application/vnd.pearson.paf.v1.assignment+json"
	data: ../Neff/MC/Quiz_10.assignment.json
		 '{
  "body": {
    "@context": "http://purl.org/pearson/paf/v1/ctx/core/Structur...'
	method: POST
	osecret: 897***
	oconsumer: eco***

[OUT] Server response:
{
	StatusCode: "Created (201)",
	Body: "[{"guid":"2c85c27d-304f-4c7f-85c3-123dcf73ff60","@context":"http://purl.org/pearson/content/v1/ctx/metadata/MetadataId","@id":"http://repo.paf.cert.pearsoncmg.com/paf-repo/resources/activities/2c85c27d-304f-4c7f-85c3-123dcf73ff60","@type":"Metadata"}]"
}
...done importing ../Neff/MC/Quiz_10.assignment.json to PAF
importing ../Neff/MC/Quiz_11.assignment.json to PAF...
Tool to make signed request to PAF (ver 0.2b (2013/12/09))
[IN] Parameters:
	url: http://repo.paf.cert.pearsoncmg.com/paf-repo/resources/activities
	header: Content-Type: application/vnd.pearson.paf.v1.envelope+json;body="application/vnd.pearson.paf.v1.assignment+json"
	data: ../Neff/MC/Quiz_11.assignment.json
		 '{
  "body": {
    "@context": "http://purl.org/pearson/paf/v1/ctx/core/Structur...'
	method: POST
	osecret: 897***
	oconsumer: eco***

[OUT] Server response:
{
	StatusCode: "Created (201)",
	Body: "[{"guid":"84ead914-5834-4fe3-8b41-51a6bf87ac81","@context":"http://purl.org/pearson/content/v1/ctx/metadata/MetadataId","@id":"http://repo.paf.cert.pearsoncmg.com/paf-repo/resources/activities/84ead914-5834-4fe3-8b41-51a6bf87ac81","@type":"Metadata"}]"
}
...done importing ../Neff/MC/Quiz_11.assignment.json to PAF
importing ../Neff/MC/Quiz_12.assignment.json to PAF...
Tool to make signed request to PAF (ver 0.2b (2013/12/09))
[IN] Parameters:
	url: http://repo.paf.cert.pearsoncmg.com/paf-repo/resources/activities
	header: Content-Type: application/vnd.pearson.paf.v1.envelope+json;body="application/vnd.pearson.paf.v1.assignment+json"
	data: ../Neff/MC/Quiz_12.assignment.json
		 '{
  "body": {
    "@context": "http://purl.org/pearson/paf/v1/ctx/core/Structur...'
	method: POST
	osecret: 897***
	oconsumer: eco***

[OUT] Server response:
{
	StatusCode: "Created (201)",
	Body: "[{"guid":"3c5cf349-0f9d-4926-962a-2d3485e7d52b","@context":"http://purl.org/pearson/content/v1/ctx/metadata/MetadataId","@id":"http://repo.paf.cert.pearsoncmg.com/paf-repo/resources/activities/3c5cf349-0f9d-4926-962a-2d3485e7d52b","@type":"Metadata"}]"
}
...done importing ../Neff/MC/Quiz_12.assignment.json to PAF
importing ../Neff/MC/Quiz_13.assignment.json to PAF...
Tool to make signed request to PAF (ver 0.2b (2013/12/09))
[IN] Parameters:
	url: http://repo.paf.cert.pearsoncmg.com/paf-repo/resources/activities
	header: Content-Type: application/vnd.pearson.paf.v1.envelope+json;body="application/vnd.pearson.paf.v1.assignment+json"
	data: ../Neff/MC/Quiz_13.assignment.json
		 '{
  "body": {
    "@context": "http://purl.org/pearson/paf/v1/ctx/core/Structur...'
	method: POST
	osecret: 897***
	oconsumer: eco***

[OUT] Server response:
{
	StatusCode: "Created (201)",
	Body: "[{"guid":"129dab09-87e0-4688-b71a-73ccb11863ff","@context":"http://purl.org/pearson/content/v1/ctx/metadata/MetadataId","@id":"http://repo.paf.cert.pearsoncmg.com/paf-repo/resources/activities/129dab09-87e0-4688-b71a-73ccb11863ff","@type":"Metadata"}]"
}
...done importing ../Neff/MC/Quiz_13.assignment.json to PAF
importing ../Neff/MC/Quiz_14.assignment.json to PAF...
Tool to make signed request to PAF (ver 0.2b (2013/12/09))
[IN] Parameters:
	url: http://repo.paf.cert.pearsoncmg.com/paf-repo/resources/activities
	header: Content-Type: application/vnd.pearson.paf.v1.envelope+json;body="application/vnd.pearson.paf.v1.assignment+json"
	data: ../Neff/MC/Quiz_14.assignment.json
		 '{
  "body": {
    "@context": "http://purl.org/pearson/paf/v1/ctx/core/Structur...'
	method: POST
	osecret: 897***
	oconsumer: eco***

[OUT] Server response:
{
	StatusCode: "Created (201)",
	Body: "[{"guid":"c956bb32-c288-401f-a633-889498500e80","@context":"http://purl.org/pearson/content/v1/ctx/metadata/MetadataId","@id":"http://repo.paf.cert.pearsoncmg.com/paf-repo/resources/activities/c956bb32-c288-401f-a633-889498500e80","@type":"Metadata"}]"
}
...done importing ../Neff/MC/Quiz_14.assignment.json to PAF
importing ../Neff/MC/Quiz_15.assignment.json to PAF...
Tool to make signed request to PAF (ver 0.2b (2013/12/09))
[IN] Parameters:
	url: http://repo.paf.cert.pearsoncmg.com/paf-repo/resources/activities
	header: Content-Type: application/vnd.pearson.paf.v1.envelope+json;body="application/vnd.pearson.paf.v1.assignment+json"
	data: ../Neff/MC/Quiz_15.assignment.json
		 '{
  "body": {
    "@context": "http://purl.org/pearson/paf/v1/ctx/core/Structur...'
	method: POST
	osecret: 897***
	oconsumer: eco***

[OUT] Server response:
{
	StatusCode: "Created (201)",
	Body: "[{"guid":"712011e2-ed53-4f92-9f2e-56fc4632a861","@context":"http://purl.org/pearson/content/v1/ctx/metadata/MetadataId","@id":"http://repo.paf.cert.pearsoncmg.com/paf-repo/resources/activities/712011e2-ed53-4f92-9f2e-56fc4632a861","@type":"Metadata"}]"
}
...done importing ../Neff/MC/Quiz_15.assignment.json to PAF
importing ../Neff/MC/Quiz_16.assignment.json to PAF...
Tool to make signed request to PAF (ver 0.2b (2013/12/09))
[IN] Parameters:
	url: http://repo.paf.cert.pearsoncmg.com/paf-repo/resources/activities
	header: Content-Type: application/vnd.pearson.paf.v1.envelope+json;body="application/vnd.pearson.paf.v1.assignment+json"
	data: ../Neff/MC/Quiz_16.assignment.json
		 '{
  "body": {
    "@context": "http://purl.org/pearson/paf/v1/ctx/core/Structur...'
	method: POST
	osecret: 897***
	oconsumer: eco***

[OUT] Server response:
{
	StatusCode: "Created (201)",
	Body: "[{"guid":"121128cf-5471-4dc4-b71a-3bedc9ebdda2","@context":"http://purl.org/pearson/content/v1/ctx/metadata/MetadataId","@id":"http://repo.paf.cert.pearsoncmg.com/paf-repo/resources/activities/121128cf-5471-4dc4-b71a-3bedc9ebdda2","@type":"Metadata"}]"
}
...done importing ../Neff/MC/Quiz_16.assignment.json to PAF
importing ../Neff/MC/Quiz_17.assignment.json to PAF...
Tool to make signed request to PAF (ver 0.2b (2013/12/09))
[IN] Parameters:
	url: http://repo.paf.cert.pearsoncmg.com/paf-repo/resources/activities
	header: Content-Type: application/vnd.pearson.paf.v1.envelope+json;body="application/vnd.pearson.paf.v1.assignment+json"
	data: ../Neff/MC/Quiz_17.assignment.json
		 '{
  "body": {
    "@context": "http://purl.org/pearson/paf/v1/ctx/core/Structur...'
	method: POST
	osecret: 897***
	oconsumer: eco***

[OUT] Server response:
{
	StatusCode: "Created (201)",
	Body: "[{"guid":"96230a49-af84-4f66-b427-2437c1738354","@context":"http://purl.org/pearson/content/v1/ctx/metadata/MetadataId","@id":"http://repo.paf.cert.pearsoncmg.com/paf-repo/resources/activities/96230a49-af84-4f66-b427-2437c1738354","@type":"Metadata"}]"
}
...done importing ../Neff/MC/Quiz_17.assignment.json to PAF
importing ../Neff/MC/Quiz_18.assignment.json to PAF...
Tool to make signed request to PAF (ver 0.2b (2013/12/09))
[IN] Parameters:
	url: http://repo.paf.cert.pearsoncmg.com/paf-repo/resources/activities
	header: Content-Type: application/vnd.pearson.paf.v1.envelope+json;body="application/vnd.pearson.paf.v1.assignment+json"
	data: ../Neff/MC/Quiz_18.assignment.json
		 '{
  "body": {
    "@context": "http://purl.org/pearson/paf/v1/ctx/core/Structur...'
	method: POST
	osecret: 897***
	oconsumer: eco***

[OUT] Server response:
{
	StatusCode: "Created (201)",
	Body: "[{"guid":"773ff3ff-b2c3-4ebd-8781-2dfefbdda5ca","@context":"http://purl.org/pearson/content/v1/ctx/metadata/MetadataId","@id":"http://repo.paf.cert.pearsoncmg.com/paf-repo/resources/activities/773ff3ff-b2c3-4ebd-8781-2dfefbdda5ca","@type":"Metadata"}]"
}
...done importing ../Neff/MC/Quiz_18.assignment.json to PAF
importing ../Neff/MC/Quiz_19.assignment.json to PAF...
Tool to make signed request to PAF (ver 0.2b (2013/12/09))
[IN] Parameters:
	url: http://repo.paf.cert.pearsoncmg.com/paf-repo/resources/activities
	header: Content-Type: application/vnd.pearson.paf.v1.envelope+json;body="application/vnd.pearson.paf.v1.assignment+json"
	data: ../Neff/MC/Quiz_19.assignment.json
		 '{
  "body": {
    "@context": "http://purl.org/pearson/paf/v1/ctx/core/Structur...'
	method: POST
	osecret: 897***
	oconsumer: eco***

[OUT] Server response:
{
	StatusCode: "Created (201)",
	Body: "[{"guid":"7303d160-0fd0-4b16-a02d-8ab324a8d4dd","@context":"http://purl.org/pearson/content/v1/ctx/metadata/MetadataId","@id":"http://repo.paf.cert.pearsoncmg.com/paf-repo/resources/activities/7303d160-0fd0-4b16-a02d-8ab324a8d4dd","@type":"Metadata"}]"
}
...done importing ../Neff/MC/Quiz_19.assignment.json to PAF
importing ../Neff/MC/Quiz_1.assignment.json to PAF...
Tool to make signed request to PAF (ver 0.2b (2013/12/09))
[IN] Parameters:
	url: http://repo.paf.cert.pearsoncmg.com/paf-repo/resources/activities
	header: Content-Type: application/vnd.pearson.paf.v1.envelope+json;body="application/vnd.pearson.paf.v1.assignment+json"
	data: ../Neff/MC/Quiz_1.assignment.json
		 '{
  "body": {
    "@context": "http://purl.org/pearson/paf/v1/ctx/core/Structur...'
	method: POST
	osecret: 897***
	oconsumer: eco***

[OUT] Server response:
{
	StatusCode: "Created (201)",
	Body: "[{"guid":"041e444c-42ac-45f1-adcd-82689fb809d7","@context":"http://purl.org/pearson/content/v1/ctx/metadata/MetadataId","@id":"http://repo.paf.cert.pearsoncmg.com/paf-repo/resources/activities/041e444c-42ac-45f1-adcd-82689fb809d7","@type":"Metadata"}]"
}
...done importing ../Neff/MC/Quiz_1.assignment.json to PAF
importing ../Neff/MC/Quiz_20.assignment.json to PAF...
Tool to make signed request to PAF (ver 0.2b (2013/12/09))
[IN] Parameters:
	url: http://repo.paf.cert.pearsoncmg.com/paf-repo/resources/activities
	header: Content-Type: application/vnd.pearson.paf.v1.envelope+json;body="application/vnd.pearson.paf.v1.assignment+json"
	data: ../Neff/MC/Quiz_20.assignment.json
		 '{
  "body": {
    "@context": "http://purl.org/pearson/paf/v1/ctx/core/Structur...'
	method: POST
	osecret: 897***
	oconsumer: eco***

[OUT] Server response:
{
	StatusCode: "Created (201)",
	Body: "[{"guid":"5507e7b3-9286-4d85-b02a-ff4559cec246","@context":"http://purl.org/pearson/content/v1/ctx/metadata/MetadataId","@id":"http://repo.paf.cert.pearsoncmg.com/paf-repo/resources/activities/5507e7b3-9286-4d85-b02a-ff4559cec246","@type":"Metadata"}]"
}
...done importing ../Neff/MC/Quiz_20.assignment.json to PAF
importing ../Neff/MC/Quiz_21.assignment.json to PAF...
Tool to make signed request to PAF (ver 0.2b (2013/12/09))
[IN] Parameters:
	url: http://repo.paf.cert.pearsoncmg.com/paf-repo/resources/activities
	header: Content-Type: application/vnd.pearson.paf.v1.envelope+json;body="application/vnd.pearson.paf.v1.assignment+json"
	data: ../Neff/MC/Quiz_21.assignment.json
		 '{
  "body": {
    "@context": "http://purl.org/pearson/paf/v1/ctx/core/Structur...'
	method: POST
	osecret: 897***
	oconsumer: eco***

[OUT] Server response:
{
	StatusCode: "Created (201)",
	Body: "[{"guid":"709f5393-ed47-4575-99e7-fc98684fbac9","@context":"http://purl.org/pearson/content/v1/ctx/metadata/MetadataId","@id":"http://repo.paf.cert.pearsoncmg.com/paf-repo/resources/activities/709f5393-ed47-4575-99e7-fc98684fbac9","@type":"Metadata"}]"
}
...done importing ../Neff/MC/Quiz_21.assignment.json to PAF
importing ../Neff/MC/Quiz_22.assignment.json to PAF...
Tool to make signed request to PAF (ver 0.2b (2013/12/09))
[IN] Parameters:
	url: http://repo.paf.cert.pearsoncmg.com/paf-repo/resources/activities
	header: Content-Type: application/vnd.pearson.paf.v1.envelope+json;body="application/vnd.pearson.paf.v1.assignment+json"
	data: ../Neff/MC/Quiz_22.assignment.json
		 '{
  "body": {
    "@context": "http://purl.org/pearson/paf/v1/ctx/core/Structur...'
	method: POST
	osecret: 897***
	oconsumer: eco***

[OUT] Server response:
{
	StatusCode: "Created (201)",
	Body: "[{"guid":"6ac65a02-dbbb-45c4-8d4f-9c4ae5df7b2f","@context":"http://purl.org/pearson/content/v1/ctx/metadata/MetadataId","@id":"http://repo.paf.cert.pearsoncmg.com/paf-repo/resources/activities/6ac65a02-dbbb-45c4-8d4f-9c4ae5df7b2f","@type":"Metadata"}]"
}
...done importing ../Neff/MC/Quiz_22.assignment.json to PAF
importing ../Neff/MC/Quiz_23.assignment.json to PAF...
Tool to make signed request to PAF (ver 0.2b (2013/12/09))
[IN] Parameters:
	url: http://repo.paf.cert.pearsoncmg.com/paf-repo/resources/activities
	header: Content-Type: application/vnd.pearson.paf.v1.envelope+json;body="application/vnd.pearson.paf.v1.assignment+json"
	data: ../Neff/MC/Quiz_23.assignment.json
		 '{
  "body": {
    "@context": "http://purl.org/pearson/paf/v1/ctx/core/Structur...'
	method: POST
	osecret: 897***
	oconsumer: eco***

[OUT] Server response:
{
	StatusCode: "Created (201)",
	Body: "[{"guid":"75e2173b-40da-4d5e-bbe7-fd87e9ffbbd8","@context":"http://purl.org/pearson/content/v1/ctx/metadata/MetadataId","@id":"http://repo.paf.cert.pearsoncmg.com/paf-repo/resources/activities/75e2173b-40da-4d5e-bbe7-fd87e9ffbbd8","@type":"Metadata"}]"
}
...done importing ../Neff/MC/Quiz_23.assignment.json to PAF
importing ../Neff/MC/Quiz_24.assignment.json to PAF...
Tool to make signed request to PAF (ver 0.2b (2013/12/09))
[IN] Parameters:
	url: http://repo.paf.cert.pearsoncmg.com/paf-repo/resources/activities
	header: Content-Type: application/vnd.pearson.paf.v1.envelope+json;body="application/vnd.pearson.paf.v1.assignment+json"
	data: ../Neff/MC/Quiz_24.assignment.json
		 '{
  "body": {
    "@context": "http://purl.org/pearson/paf/v1/ctx/core/Structur...'
	method: POST
	osecret: 897***
	oconsumer: eco***

[OUT] Server response:
{
	StatusCode: "Created (201)",
	Body: "[{"guid":"987a639e-938a-4dd9-85fe-513e0a58ac74","@context":"http://purl.org/pearson/content/v1/ctx/metadata/MetadataId","@id":"http://repo.paf.cert.pearsoncmg.com/paf-repo/resources/activities/987a639e-938a-4dd9-85fe-513e0a58ac74","@type":"Metadata"}]"
}
...done importing ../Neff/MC/Quiz_24.assignment.json to PAF
importing ../Neff/MC/Quiz_2.assignment.json to PAF...
Tool to make signed request to PAF (ver 0.2b (2013/12/09))
[IN] Parameters:
	url: http://repo.paf.cert.pearsoncmg.com/paf-repo/resources/activities
	header: Content-Type: application/vnd.pearson.paf.v1.envelope+json;body="application/vnd.pearson.paf.v1.assignment+json"
	data: ../Neff/MC/Quiz_2.assignment.json
		 '{
  "body": {
    "@context": "http://purl.org/pearson/paf/v1/ctx/core/Structur...'
	method: POST
	osecret: 897***
	oconsumer: eco***

[OUT] Server response:
{
	StatusCode: "Created (201)",
	Body: "[{"guid":"8f560469-6e1a-480e-b6aa-d69fd2068784","@context":"http://purl.org/pearson/content/v1/ctx/metadata/MetadataId","@id":"http://repo.paf.cert.pearsoncmg.com/paf-repo/resources/activities/8f560469-6e1a-480e-b6aa-d69fd2068784","@type":"Metadata"}]"
}
...done importing ../Neff/MC/Quiz_2.assignment.json to PAF
importing ../Neff/MC/Quiz_3.assignment.json to PAF...
Tool to make signed request to PAF (ver 0.2b (2013/12/09))
[IN] Parameters:
	url: http://repo.paf.cert.pearsoncmg.com/paf-repo/resources/activities
	header: Content-Type: application/vnd.pearson.paf.v1.envelope+json;body="application/vnd.pearson.paf.v1.assignment+json"
	data: ../Neff/MC/Quiz_3.assignment.json
		 '{
  "body": {
    "@context": "http://purl.org/pearson/paf/v1/ctx/core/Structur...'
	method: POST
	osecret: 897***
	oconsumer: eco***

[OUT] Server response:
{
	StatusCode: "Created (201)",
	Body: "[{"guid":"ede9dd2c-bb50-474a-be99-b60fa9e09e78","@context":"http://purl.org/pearson/content/v1/ctx/metadata/MetadataId","@id":"http://repo.paf.cert.pearsoncmg.com/paf-repo/resources/activities/ede9dd2c-bb50-474a-be99-b60fa9e09e78","@type":"Metadata"}]"
}
...done importing ../Neff/MC/Quiz_3.assignment.json to PAF
importing ../Neff/MC/Quiz_4.assignment.json to PAF...
Tool to make signed request to PAF (ver 0.2b (2013/12/09))
[IN] Parameters:
	url: http://repo.paf.cert.pearsoncmg.com/paf-repo/resources/activities
	header: Content-Type: application/vnd.pearson.paf.v1.envelope+json;body="application/vnd.pearson.paf.v1.assignment+json"
	data: ../Neff/MC/Quiz_4.assignment.json
		 '{
  "body": {
    "@context": "http://purl.org/pearson/paf/v1/ctx/core/Structur...'
	method: POST
	osecret: 897***
	oconsumer: eco***

[OUT] Server response:
{
	StatusCode: "Created (201)",
	Body: "[{"guid":"fe4b8150-4cbc-4bff-a16d-80333aa784d5","@context":"http://purl.org/pearson/content/v1/ctx/metadata/MetadataId","@id":"http://repo.paf.cert.pearsoncmg.com/paf-repo/resources/activities/fe4b8150-4cbc-4bff-a16d-80333aa784d5","@type":"Metadata"}]"
}
...done importing ../Neff/MC/Quiz_4.assignment.json to PAF
importing ../Neff/MC/Quiz_5.assignment.json to PAF...
Tool to make signed request to PAF (ver 0.2b (2013/12/09))
[IN] Parameters:
	url: http://repo.paf.cert.pearsoncmg.com/paf-repo/resources/activities
	header: Content-Type: application/vnd.pearson.paf.v1.envelope+json;body="application/vnd.pearson.paf.v1.assignment+json"
	data: ../Neff/MC/Quiz_5.assignment.json
		 '{
  "body": {
    "@context": "http://purl.org/pearson/paf/v1/ctx/core/Structur...'
	method: POST
	osecret: 897***
	oconsumer: eco***

[OUT] Server response:
{
	StatusCode: "Created (201)",
	Body: "[{"guid":"4edf4695-648a-4055-808e-d36870730779","@context":"http://purl.org/pearson/content/v1/ctx/metadata/MetadataId","@id":"http://repo.paf.cert.pearsoncmg.com/paf-repo/resources/activities/4edf4695-648a-4055-808e-d36870730779","@type":"Metadata"}]"
}
...done importing ../Neff/MC/Quiz_5.assignment.json to PAF
importing ../Neff/MC/Quiz_6.assignment.json to PAF...
Tool to make signed request to PAF (ver 0.2b (2013/12/09))
[IN] Parameters:
	url: http://repo.paf.cert.pearsoncmg.com/paf-repo/resources/activities
	header: Content-Type: application/vnd.pearson.paf.v1.envelope+json;body="application/vnd.pearson.paf.v1.assignment+json"
	data: ../Neff/MC/Quiz_6.assignment.json
		 '{
  "body": {
    "@context": "http://purl.org/pearson/paf/v1/ctx/core/Structur...'
	method: POST
	osecret: 897***
	oconsumer: eco***

[OUT] Server response:
{
	StatusCode: "Created (201)",
	Body: "[{"guid":"ae3166cb-b75d-42e2-95fb-e3b029fb455a","@context":"http://purl.org/pearson/content/v1/ctx/metadata/MetadataId","@id":"http://repo.paf.cert.pearsoncmg.com/paf-repo/resources/activities/ae3166cb-b75d-42e2-95fb-e3b029fb455a","@type":"Metadata"}]"
}
...done importing ../Neff/MC/Quiz_6.assignment.json to PAF
importing ../Neff/MC/Quiz_7.assignment.json to PAF...
Tool to make signed request to PAF (ver 0.2b (2013/12/09))
[IN] Parameters:
	url: http://repo.paf.cert.pearsoncmg.com/paf-repo/resources/activities
	header: Content-Type: application/vnd.pearson.paf.v1.envelope+json;body="application/vnd.pearson.paf.v1.assignment+json"
	data: ../Neff/MC/Quiz_7.assignment.json
		 '{
  "body": {
    "@context": "http://purl.org/pearson/paf/v1/ctx/core/Structur...'
	method: POST
	osecret: 897***
	oconsumer: eco***

[OUT] Server response:
{
	StatusCode: "Created (201)",
	Body: "[{"guid":"05df8b1d-6de8-4c33-826e-3abc559e8c9e","@context":"http://purl.org/pearson/content/v1/ctx/metadata/MetadataId","@id":"http://repo.paf.cert.pearsoncmg.com/paf-repo/resources/activities/05df8b1d-6de8-4c33-826e-3abc559e8c9e","@type":"Metadata"}]"
}
...done importing ../Neff/MC/Quiz_7.assignment.json to PAF
importing ../Neff/MC/Quiz_8.assignment.json to PAF...
Tool to make signed request to PAF (ver 0.2b (2013/12/09))
[IN] Parameters:
	url: http://repo.paf.cert.pearsoncmg.com/paf-repo/resources/activities
	header: Content-Type: application/vnd.pearson.paf.v1.envelope+json;body="application/vnd.pearson.paf.v1.assignment+json"
	data: ../Neff/MC/Quiz_8.assignment.json
		 '{
  "body": {
    "@context": "http://purl.org/pearson/paf/v1/ctx/core/Structur...'
	method: POST
	osecret: 897***
	oconsumer: eco***

[OUT] Server response:
{
	StatusCode: "Created (201)",
	Body: "[{"guid":"63eb33a4-8643-4f90-a6e4-36eea2e96ab3","@context":"http://purl.org/pearson/content/v1/ctx/metadata/MetadataId","@id":"http://repo.paf.cert.pearsoncmg.com/paf-repo/resources/activities/63eb33a4-8643-4f90-a6e4-36eea2e96ab3","@type":"Metadata"}]"
}
...done importing ../Neff/MC/Quiz_8.assignment.json to PAF
importing ../Neff/MC/Quiz_9.assignment.json to PAF...
Tool to make signed request to PAF (ver 0.2b (2013/12/09))
[IN] Parameters:
	url: http://repo.paf.cert.pearsoncmg.com/paf-repo/resources/activities
	header: Content-Type: application/vnd.pearson.paf.v1.envelope+json;body="application/vnd.pearson.paf.v1.assignment+json"
	data: ../Neff/MC/Quiz_9.assignment.json
		 '{
  "body": {
    "@context": "http://purl.org/pearson/paf/v1/ctx/core/Structur...'
	method: POST
	osecret: 897***
	oconsumer: eco***

[OUT] Server response:
{
	StatusCode: "Created (201)",
	Body: "[{"guid":"4d89a1e7-c6e8-40fb-b806-9995acc717de","@context":"http://purl.org/pearson/content/v1/ctx/metadata/MetadataId","@id":"http://repo.paf.cert.pearsoncmg.com/paf-repo/resources/activities/4d89a1e7-c6e8-40fb-b806-9995acc717de","@type":"Metadata"}]"
}
...done importing ../Neff/MC/Quiz_9.assignment.json to PAF
