Fri Dec 20 15:21:41 EST 2013
importing ../Neff/Other/jsonProd/Card_20.assignment.json to PAF...
Tool to make signed request to PAF (ver 0.3c (2013/12/19))
[IN] Parameters:
	url: http://repo.paf.pearsoncmg.com/paf-repo/resources/activities
	header: Content-Type: application/vnd.pearson.paf.v1.envelope+json;body="application/vnd.pearson.paf.v1.assignment+json"
	data source: ../Neff/Other/jsonProd/Card_20.assignment.json
	data content: '{
  "@context": "http://purl.org/pearson/content/v1/ctx/metadata/envelope", 
  ...
	method: POST
	osecret: 897***
	oconsumer: eco***

[OUT] Server response:
{
	"statusCode": "Created (201)",
	"body":[{"guid":"04FC773C-4569-43A9-8DF4-4A8F3DBE2585","@context":"http://purl.org/pearson/content/v1/ctx/metadata/MetadataId","@id":"http://repo.paf.pearsoncmg.com/paf-repo/resources/activities/04FC773C-4569-43A9-8DF4-4A8F3DBE2585","@type":"Metadata"}]
}
...importing ../Neff/Other/jsonProd/Card_20.assignment.json to PAF was successful
Fri Dec 20 15:21:42 EST 2013
importing ../Neff/Other/jsonProd/Card_21.assignment.json to PAF...
Tool to make signed request to PAF (ver 0.3c (2013/12/19))
[IN] Parameters:
	url: http://repo.paf.pearsoncmg.com/paf-repo/resources/activities
	header: Content-Type: application/vnd.pearson.paf.v1.envelope+json;body="application/vnd.pearson.paf.v1.assignment+json"
	data source: ../Neff/Other/jsonProd/Card_21.assignment.json
	data content: '{
  "@context": "http://purl.org/pearson/content/v1/ctx/metadata/envelope", 
  ...
	method: POST
	osecret: 897***
	oconsumer: eco***

[OUT] Server response:
{
	"statusCode": "Created (201)",
	"body":[{"guid":"24FF9809-A53E-45CE-9C54-C78BE40EE302","@context":"http://purl.org/pearson/content/v1/ctx/metadata/MetadataId","@id":"http://repo.paf.pearsoncmg.com/paf-repo/resources/activities/24FF9809-A53E-45CE-9C54-C78BE40EE302","@type":"Metadata"}]
}
...importing ../Neff/Other/jsonProd/Card_21.assignment.json to PAF was successful
Fri Dec 20 15:21:43 EST 2013
importing ../Neff/Other/jsonProd/Card_23.assignment.json to PAF...
Tool to make signed request to PAF (ver 0.3c (2013/12/19))
[IN] Parameters:
	url: http://repo.paf.pearsoncmg.com/paf-repo/resources/activities
	header: Content-Type: application/vnd.pearson.paf.v1.envelope+json;body="application/vnd.pearson.paf.v1.assignment+json"
	data source: ../Neff/Other/jsonProd/Card_23.assignment.json
	data content: '{
  "@context": "http://purl.org/pearson/content/v1/ctx/metadata/envelope", 
  ...
	method: POST
	osecret: 897***
	oconsumer: eco***

[OUT] Server response:
{
	"statusCode": "Created (201)",
	"body":[{"guid":"29858221-FEE4-492A-9E49-FB75D2C365D6","@context":"http://purl.org/pearson/content/v1/ctx/metadata/MetadataId","@id":"http://repo.paf.pearsoncmg.com/paf-repo/resources/activities/29858221-FEE4-492A-9E49-FB75D2C365D6","@type":"Metadata"}]
}
...importing ../Neff/Other/jsonProd/Card_23.assignment.json to PAF was successful
Fri Dec 20 15:22:14 EST 2013
importing ../Neff/Other/jsonProd/Card_24.assignment.json to PAF...
Tool to make signed request to PAF (ver 0.3c (2013/12/19))
[IN] Parameters:
	url: http://repo.paf.pearsoncmg.com/paf-repo/resources/activities
	header: Content-Type: application/vnd.pearson.paf.v1.envelope+json;body="application/vnd.pearson.paf.v1.assignment+json"
	data source: ../Neff/Other/jsonProd/Card_24.assignment.json
	data content: '{
  "@context": "http://purl.org/pearson/content/v1/ctx/metadata/envelope", 
  ...
	method: POST
	osecret: 897***
	oconsumer: eco***

[OUT] Server response:
{
	"statusCode": "Created (201)",
	"body":[{"guid":"0065E528-9484-4A02-9864-9011DFD682ED","@context":"http://purl.org/pearson/content/v1/ctx/metadata/MetadataId","@id":"http://repo.paf.pearsoncmg.com/paf-repo/resources/activities/0065E528-9484-4A02-9864-9011DFD682ED","@type":"Metadata"}]
}
...importing ../Neff/Other/jsonProd/Card_24.assignment.json to PAF was successful
Fri Dec 20 15:22:27 EST 2013
importing ../Neff/Other/jsonProd/Card_25.assignment.json to PAF...
Tool to make signed request to PAF (ver 0.3c (2013/12/19))
[IN] Parameters:
	url: http://repo.paf.pearsoncmg.com/paf-repo/resources/activities
	header: Content-Type: application/vnd.pearson.paf.v1.envelope+json;body="application/vnd.pearson.paf.v1.assignment+json"
	data source: ../Neff/Other/jsonProd/Card_25.assignment.json
	data content: '{
  "@context": "http://purl.org/pearson/content/v1/ctx/metadata/envelope", 
  ...
	method: POST
	osecret: 897***
	oconsumer: eco***

[OUT] Server response:
{
	"statusCode": "Created (201)",
	"body":[{"guid":"5D6AFE90-B3FC-4EB9-9EBA-7ADE83D2846E","@context":"http://purl.org/pearson/content/v1/ctx/metadata/MetadataId","@id":"http://repo.paf.pearsoncmg.com/paf-repo/resources/activities/5D6AFE90-B3FC-4EB9-9EBA-7ADE83D2846E","@type":"Metadata"}]
}
...importing ../Neff/Other/jsonProd/Card_25.assignment.json to PAF was successful
Fri Dec 20 15:22:34 EST 2013
