Thu Dec 19 15:59:20 EST 2013
importing ../Neff/Other/json/68830_HP_02_01.activity.json to PAF...
Tool to make signed request to PAF (ver 0.3a (2013/12/13))
[IN] Parameters:
	url: http://repo.paf.cert.pearsoncmg.com/paf-repo/resources/activities
	header: Content-Type: application/vnd.pearson.paf.v1.envelope+json;body="application/vnd.pearson.sanvan.v1.activity"
	data source: ../Neff/Other/json/68830_HP_02_01.activity.json
	data content: '{
  "body": {
    "containerConfig": [
      {
        "brixConfig": [
        ...
	method: POST
	osecret: 897***
	oconsumer: eco***

[OUT] Server response:
{
	"statusCode": "Created (201)",
	"body":[{"guid":"209a8510-829f-479f-8ee4-18a2df858be4","@context":"http://purl.org/pearson/content/v1/ctx/metadata/MetadataId","@id":"http://repo.paf.cert.pearsoncmg.com/paf-repo/resources/activities/209a8510-829f-479f-8ee4-18a2df858be4","@type":"Metadata"}]
}
...importing ../Neff/Other/json/68830_HP_02_01.activity.json to PAF was successful
Thu Dec 19 15:59:23 EST 2013
Thu Dec 19 15:59:49 EST 2013
importing ../Neff/Other/json/68830_HP_02_01.assignment.json to PAF...
Tool to make signed request to PAF (ver 0.3a (2013/12/13))
[IN] Parameters:
	url: http://repo.paf.cert.pearsoncmg.com/paf-repo/resources/activities
	header: Content-Type: application/vnd.pearson.paf.v1.envelope+json;body="application/vnd.pearson.paf.v1.assignment+json"
	data source: ../Neff/Other/json/68830_HP_02_01.assignment.json
	data content: '{
  "body": {
    "@context": "http://purl.org/pearson/paf/v1/ctx/core/Structur...
	method: POST
	osecret: 897***
	oconsumer: eco***

[OUT] Server response:
{
	"statusCode": "Created (201)",
	"body":[{"guid":"0517d26c-51ab-4159-9e2a-493e85927646","@context":"http://purl.org/pearson/content/v1/ctx/metadata/MetadataId","@id":"http://repo.paf.cert.pearsoncmg.com/paf-repo/resources/activities/0517d26c-51ab-4159-9e2a-493e85927646","@type":"Metadata"}]
}
...importing ../Neff/Other/json/68830_HP_02_01.assignment.json to PAF was successful
Thu Dec 19 15:59:50 EST 2013
