PAFAssignment uuid: f4940131-1bba-402c-887a-eb2f8dbe66e6
	chapter: Sensation and Perception
	module: 3.1
	quiz: Session 3.1 Quiz
	activities in assignment: 5
	json filename: Quiz_1.assignment.json
	PAFActivity uuid: 9df79c5b-0125-4845-8f0c-863e6784af7b filename: Marin_Module_3-1_Quiz_1.html
		quiz: Session 3.1 Quiz
		json filename: Marin_Module_3-1_Quiz_1.activity.json
	PAFActivity uuid: ccd52e5e-35c1-4ec1-9a60-20b2ea8e6eda filename: Marin_Module_3-1_Quiz_2.html
		quiz: Session 3.1 Quiz
		json filename: Marin_Module_3-1_Quiz_2.activity.json
	PAFActivity uuid: c5c4a872-ced6-4c75-b869-3b7d13f1643c filename: Marin_Module_3-1_Quiz_3.html
		quiz: Session 3.1 Quiz
		json filename: Marin_Module_3-1_Quiz_3.activity.json
	PAFActivity uuid: 1bb0ff67-4aa7-44e8-8873-e554e1eb01b1 filename: Marin_Module_3-1_Quiz_4.html
		quiz: Session 3.1 Quiz
		json filename: Marin_Module_3-1_Quiz_4.activity.json
	PAFActivity uuid: 19609964-c39f-4a00-9a0a-648307eb7a9e filename: Marin_Module_3-1_Quiz_5.html
		quiz: Session 3.1 Quiz
		json filename: Marin_Module_3-1_Quiz_5.activity.json
PAFAssignment uuid: 519b2fb0-ab4b-4c5c-904d-5e2d2be486a6
	chapter: Sensation and Perception
	module: 3.2
	quiz: Session 3.2 Quiz
	activities in assignment: 5
	json filename: Quiz_2.assignment.json
	PAFActivity uuid: 52323f82-2681-4b51-b6b3-a242d8f1aef7 filename: Marin_Module_3-2_Quiz_1.html
		quiz: Session 3.2 Quiz
		json filename: Marin_Module_3-2_Quiz_1.activity.json
	PAFActivity uuid: c9fa539c-ffb1-464b-9b68-1ed6c2977305 filename: Marin_Module_3-2_Quiz_2.html
		quiz: Session 3.2 Quiz
		json filename: Marin_Module_3-2_Quiz_2.activity.json
	PAFActivity uuid: 19a8cd76-15df-45dd-a0fa-fe7d4a275d59 filename: Marin_Module_3-2_Quiz_3.html
		quiz: Session 3.2 Quiz
		json filename: Marin_Module_3-2_Quiz_3.activity.json
	PAFActivity uuid: 717fe90a-dca7-4b90-ac75-712985f8d326 filename: Marin_Module_3-2_Quiz_4.html
		quiz: Session 3.2 Quiz
		json filename: Marin_Module_3-2_Quiz_4.activity.json
	PAFActivity uuid: 4fbe745e-79f9-45b1-b61c-6918deac7286 filename: Marin_Module_3-2_Quiz_5.html
		quiz: Session 3.2 Quiz
		json filename: Marin_Module_3-2_Quiz_5.activity.json
PAFAssignment uuid: 122eae28-074e-4235-9cba-fa406a62bcb1
	chapter: Sensation and Perception
	module: 3.3
	quiz: Session 3.3 Quiz
	activities in assignment: 5
	json filename: Quiz_3.assignment.json
	PAFActivity uuid: 2de9acc8-9f4e-4a09-8fdf-c50c2ec7e331 filename: Marin_Module_3-3_Quiz_1.html
		quiz: Session 3.3 Quiz
		json filename: Marin_Module_3-3_Quiz_1.activity.json
	PAFActivity uuid: a7dc5cef-a610-4df4-bb07-15b5fcce67f1 filename: Marin_Module_3-3_Quiz_2.html
		quiz: Session 3.3 Quiz
		json filename: Marin_Module_3-3_Quiz_2.activity.json
	PAFActivity uuid: 0322fa04-43ad-422a-be44-886d361decd6 filename: Marin_Module_3-3_Quiz_3.html
		quiz: Session 3.3 Quiz
		json filename: Marin_Module_3-3_Quiz_3.activity.json
	PAFActivity uuid: 58183336-0700-466a-a46c-acb2927e451e filename: Marin_Module_3-3_Quiz_4.html
		quiz: Session 3.3 Quiz
		json filename: Marin_Module_3-3_Quiz_4.activity.json
	PAFActivity uuid: 809188d7-ad4b-4a46-bcf0-aa50292343bd filename: Marin_Module_3-3_Quiz_5.html
		quiz: Session 3.3 Quiz
		json filename: Marin_Module_3-3_Quiz_5.activity.json
PAFAssignment uuid: f14e3415-488d-4fd8-9e8b-38e45b3113d8
	chapter: Sensation and Perception
	module: 3.4
	quiz: Session 3.4 Quiz
	activities in assignment: 5
	json filename: Quiz_4.assignment.json
	PAFActivity uuid: 84fbb0c7-9d24-46c6-a68b-f27849421563 filename: Marin_Module_3-4_Quiz_1.html
		quiz: Session 3.4 Quiz
		json filename: Marin_Module_3-4_Quiz_1.activity.json
	PAFActivity uuid: 41da0a01-72b0-4e30-9812-71bfea1ad743 filename: Marin_Module_3-4_Quiz_2.html
		quiz: Session 3.4 Quiz
		json filename: Marin_Module_3-4_Quiz_2.activity.json
	PAFActivity uuid: fe7d01ed-824e-4937-9519-6b58c68a4ae0 filename: Marin_Module_3-4_Quiz_3.html
		quiz: Session 3.4 Quiz
		json filename: Marin_Module_3-4_Quiz_3.activity.json
	PAFActivity uuid: ecb77f29-d0dd-4f78-becf-ba674ea3e85b filename: Marin_Module_3-4_Quiz_4.html
		quiz: Session 3.4 Quiz
		json filename: Marin_Module_3-4_Quiz_4.activity.json
	PAFActivity uuid: 3336413f-dbce-4b62-943c-80469f42ed5b filename: Marin_Module_3-4_Quiz_5.html
		quiz: Session 3.4 Quiz
		json filename: Marin_Module_3-4_Quiz_5.activity.json
PAFAssignment uuid: ef3af08e-8dba-4e90-b1fa-9f601d5e7232
	chapter: Sensation and Perception
	module: NA
	quiz: Chapter 3 Quiz
	activities in assignment: 25
	json filename: Quiz_5.assignment.json
	PAFActivity uuid: 7033e619-6a16-4718-9b42-75bdefedaf49 filename: Marin_Chapter_3_Quiz_1.html
		quiz: Chapter 3 Quiz
		json filename: Marin_Chapter_3_Quiz_1.activity.json
	PAFActivity uuid: b0149ce0-58e4-41e0-ad08-c1f6306ffe19 filename: Marin_Chapter_3_Quiz_2.html
		quiz: Chapter 3 Quiz
		json filename: Marin_Chapter_3_Quiz_2.activity.json
	PAFActivity uuid: 20f29dc4-4f47-4655-b55e-5dcde1ca36d4 filename: Marin_Chapter_3_Quiz_3.html
		quiz: Chapter 3 Quiz
		json filename: Marin_Chapter_3_Quiz_3.activity.json
	PAFActivity uuid: 571d2ba8-9f09-440d-bac8-a413267f8194 filename: Marin_Chapter_3_Quiz_4.html
		quiz: Chapter 3 Quiz
		json filename: Marin_Chapter_3_Quiz_4.activity.json
	PAFActivity uuid: 708dd0cb-bd88-4d1b-bcbc-10f789b65772 filename: Marin_Chapter_3_Quiz_5.html
		quiz: Chapter 3 Quiz
		json filename: Marin_Chapter_3_Quiz_5.activity.json
	PAFActivity uuid: 3b5d058c-7421-45e7-8c84-201b32d191c1 filename: Marin_Chapter_3_Quiz_6.html
		quiz: Chapter 3 Quiz
		json filename: Marin_Chapter_3_Quiz_6.activity.json
	PAFActivity uuid: e204ef55-ce3e-4cbe-b82d-a8f7567b8884 filename: Marin_Chapter_3_Quiz_7.html
		quiz: Chapter 3 Quiz
		json filename: Marin_Chapter_3_Quiz_7.activity.json
	PAFActivity uuid: fcd2b943-5fc6-4a2a-a868-b659aae92787 filename: Marin_Chapter_3_Quiz_8.html
		quiz: Chapter 3 Quiz
		json filename: Marin_Chapter_3_Quiz_8.activity.json
	PAFActivity uuid: 1cc18964-4c6b-4f03-b195-5ca1c7231519 filename: Marin_Chapter_3_Quiz_9.html
		quiz: Chapter 3 Quiz
		json filename: Marin_Chapter_3_Quiz_9.activity.json
	PAFActivity uuid: fa591698-9eda-404e-88f5-02be86078730 filename: Marin_Chapter_3_Quiz_10.html
		quiz: Chapter 3 Quiz
		json filename: Marin_Chapter_3_Quiz_10.activity.json
	PAFActivity uuid: 4853d87c-8461-491a-9c40-c4a5e59cc8d9 filename: Marin_Chapter_3_Quiz_11.html
		quiz: Chapter 3 Quiz
		json filename: Marin_Chapter_3_Quiz_11.activity.json
	PAFActivity uuid: 8b15c79e-b63f-4a68-94a1-d024fd404f2e filename: Marin_Chapter_3_Quiz_12.html
		quiz: Chapter 3 Quiz
		json filename: Marin_Chapter_3_Quiz_12.activity.json
	PAFActivity uuid: 4d75816c-262a-437a-814a-0498226ca445 filename: Marin_Chapter_3_Quiz_13.html
		quiz: Chapter 3 Quiz
		json filename: Marin_Chapter_3_Quiz_13.activity.json
	PAFActivity uuid: 495a7387-81fb-41db-a532-0feca4fe1a2a filename: Marin_Chapter_3_Quiz_14.html
		quiz: Chapter 3 Quiz
		json filename: Marin_Chapter_3_Quiz_14.activity.json
	PAFActivity uuid: a370b01a-b4a9-4ccd-bd88-9020ba0a641f filename: Marin_Chapter_3_Quiz_15.html
		quiz: Chapter 3 Quiz
		json filename: Marin_Chapter_3_Quiz_15.activity.json
	PAFActivity uuid: 6053b520-2b3f-443f-b44c-83ebf09694a1 filename: Marin_Chapter_3_Quiz_16.html
		quiz: Chapter 3 Quiz
		json filename: Marin_Chapter_3_Quiz_16.activity.json
	PAFActivity uuid: bfd44f4d-11f4-47b1-a75d-cb4957a0682e filename: Marin_Chapter_3_Quiz_17.html
		quiz: Chapter 3 Quiz
		json filename: Marin_Chapter_3_Quiz_17.activity.json
	PAFActivity uuid: 8efe51dd-b9e9-4c89-aaaa-fd577ee117f9 filename: Marin_Chapter_3_Quiz_18.html
		quiz: Chapter 3 Quiz
		json filename: Marin_Chapter_3_Quiz_18.activity.json
	PAFActivity uuid: 837dc7bd-90fb-493c-971a-b1caf7415791 filename: Marin_Chapter_3_Quiz_19.html
		quiz: Chapter 3 Quiz
		json filename: Marin_Chapter_3_Quiz_19.activity.json
	PAFActivity uuid: bc0dcb60-dd26-4744-af05-03c8295587ee filename: Marin_Chapter_3_Quiz_20.html
		quiz: Chapter 3 Quiz
		json filename: Marin_Chapter_3_Quiz_20.activity.json
	PAFActivity uuid: eb4fac5a-e0c8-4590-bae4-8e4dd0373992 filename: Marin_Chapter_3_Quiz_21.html
		quiz: Chapter 3 Quiz
		json filename: Marin_Chapter_3_Quiz_21.activity.json
	PAFActivity uuid: 9b0e2b94-0a52-4ddd-b9c9-a5863298899e filename: Marin_Chapter_3_Quiz_22.html
		quiz: Chapter 3 Quiz
		json filename: Marin_Chapter_3_Quiz_22.activity.json
	PAFActivity uuid: bc9b63d2-8a4f-42eb-857b-85a81afab7ad filename: Marin_Chapter_3_Quiz_23.html
		quiz: Chapter 3 Quiz
		json filename: Marin_Chapter_3_Quiz_23.activity.json
	PAFActivity uuid: fc6b968f-b0ad-469c-acfa-a814894de7e6 filename: Marin_Chapter_3_Quiz_24.html
		quiz: Chapter 3 Quiz
		json filename: Marin_Chapter_3_Quiz_24.activity.json
	PAFActivity uuid: 07e5926e-42df-463a-adcd-4f5447ddd7c4 filename: Marin_Chapter_3_Quiz_25.html
		quiz: Chapter 3 Quiz
		json filename: Marin_Chapter_3_Quiz_25.activity.json
writing  Quiz_1.assignment.json
writing  Marin_Module_3-1_Quiz_1.activity.json
writing  Marin_Module_3-1_Quiz_2.activity.json
writing  Marin_Module_3-1_Quiz_3.activity.json
writing  Marin_Module_3-1_Quiz_4.activity.json
writing  Marin_Module_3-1_Quiz_5.activity.json
writing  Quiz_2.assignment.json
writing  Marin_Module_3-2_Quiz_1.activity.json
writing  Marin_Module_3-2_Quiz_2.activity.json
writing  Marin_Module_3-2_Quiz_3.activity.json
writing  Marin_Module_3-2_Quiz_4.activity.json
writing  Marin_Module_3-2_Quiz_5.activity.json
writing  Quiz_3.assignment.json
writing  Marin_Module_3-3_Quiz_1.activity.json
writing  Marin_Module_3-3_Quiz_2.activity.json
writing  Marin_Module_3-3_Quiz_3.activity.json
writing  Marin_Module_3-3_Quiz_4.activity.json
writing  Marin_Module_3-3_Quiz_5.activity.json
writing  Quiz_4.assignment.json
writing  Marin_Module_3-4_Quiz_1.activity.json
writing  Marin_Module_3-4_Quiz_2.activity.json
writing  Marin_Module_3-4_Quiz_3.activity.json
writing  Marin_Module_3-4_Quiz_4.activity.json
writing  Marin_Module_3-4_Quiz_5.activity.json
writing  Quiz_5.assignment.json
writing  Marin_Chapter_3_Quiz_1.activity.json
writing  Marin_Chapter_3_Quiz_2.activity.json
writing  Marin_Chapter_3_Quiz_3.activity.json
writing  Marin_Chapter_3_Quiz_4.activity.json
writing  Marin_Chapter_3_Quiz_5.activity.json
writing  Marin_Chapter_3_Quiz_6.activity.json
writing  Marin_Chapter_3_Quiz_7.activity.json
writing  Marin_Chapter_3_Quiz_8.activity.json
writing  Marin_Chapter_3_Quiz_9.activity.json
writing  Marin_Chapter_3_Quiz_10.activity.json
writing  Marin_Chapter_3_Quiz_11.activity.json
writing  Marin_Chapter_3_Quiz_12.activity.json
writing  Marin_Chapter_3_Quiz_13.activity.json
writing  Marin_Chapter_3_Quiz_14.activity.json
writing  Marin_Chapter_3_Quiz_15.activity.json
writing  Marin_Chapter_3_Quiz_16.activity.json
writing  Marin_Chapter_3_Quiz_17.activity.json
writing  Marin_Chapter_3_Quiz_18.activity.json
writing  Marin_Chapter_3_Quiz_19.activity.json
writing  Marin_Chapter_3_Quiz_20.activity.json
writing  Marin_Chapter_3_Quiz_21.activity.json
writing  Marin_Chapter_3_Quiz_22.activity.json
writing  Marin_Chapter_3_Quiz_23.activity.json
writing  Marin_Chapter_3_Quiz_24.activity.json
writing  Marin_Chapter_3_Quiz_25.activity.json
