Wed Jan 15 17:03:35 EST 2014
importing ../Marin/MC/json/Quiz_1.assignment.json to PAF...
Tool to make signed request to PAF (ver 0.3c (2013/12/19))
[IN] Parameters:
	url: http://repo.paf.cert.pearsoncmg.com/paf-repo/resources/activities
	header: Content-Type: application/vnd.pearson.paf.v1.envelope+json;body="application/vnd.pearson.paf.v1.assignment+json"
	data source: ../Marin/MC/json/Quiz_1.assignment.json
	data content: '{
  "@context": "http://purl.org/pearson/content/v1/ctx/metadata/envelope", 
  ...
	method: POST
	osecret: 897***
	oconsumer: eco***

[OUT] Server response:
{
	"statusCode": "Created (201)",
	"body":[{"guid":"f4940131-1bba-402c-887a-eb2f8dbe66e6","@context":"http://purl.org/pearson/content/v1/ctx/metadata/MetadataId","@id":"http://repo.paf.cert.pearsoncmg.com/paf-repo/resources/activities/f4940131-1bba-402c-887a-eb2f8dbe66e6","@type":"Metadata"}]
}
...importing ../Marin/MC/json/Quiz_1.assignment.json to PAF was successful
Wed Jan 15 17:03:40 EST 2014
importing ../Marin/MC/json/Quiz_2.assignment.json to PAF...
Tool to make signed request to PAF (ver 0.3c (2013/12/19))
[IN] Parameters:
	url: http://repo.paf.cert.pearsoncmg.com/paf-repo/resources/activities
	header: Content-Type: application/vnd.pearson.paf.v1.envelope+json;body="application/vnd.pearson.paf.v1.assignment+json"
	data source: ../Marin/MC/json/Quiz_2.assignment.json
	data content: '{
  "@context": "http://purl.org/pearson/content/v1/ctx/metadata/envelope", 
  ...
	method: POST
	osecret: 897***
	oconsumer: eco***

[OUT] Server response:
{
	"statusCode": "Created (201)",
	"body":[{"guid":"519b2fb0-ab4b-4c5c-904d-5e2d2be486a6","@context":"http://purl.org/pearson/content/v1/ctx/metadata/MetadataId","@id":"http://repo.paf.cert.pearsoncmg.com/paf-repo/resources/activities/519b2fb0-ab4b-4c5c-904d-5e2d2be486a6","@type":"Metadata"}]
}
...importing ../Marin/MC/json/Quiz_2.assignment.json to PAF was successful
Wed Jan 15 17:03:42 EST 2014
importing ../Marin/MC/json/Quiz_3.assignment.json to PAF...
Tool to make signed request to PAF (ver 0.3c (2013/12/19))
[IN] Parameters:
	url: http://repo.paf.cert.pearsoncmg.com/paf-repo/resources/activities
	header: Content-Type: application/vnd.pearson.paf.v1.envelope+json;body="application/vnd.pearson.paf.v1.assignment+json"
	data source: ../Marin/MC/json/Quiz_3.assignment.json
	data content: '{
  "@context": "http://purl.org/pearson/content/v1/ctx/metadata/envelope", 
  ...
	method: POST
	osecret: 897***
	oconsumer: eco***

[OUT] Server response:
{
	"statusCode": "Created (201)",
	"body":[{"guid":"122eae28-074e-4235-9cba-fa406a62bcb1","@context":"http://purl.org/pearson/content/v1/ctx/metadata/MetadataId","@id":"http://repo.paf.cert.pearsoncmg.com/paf-repo/resources/activities/122eae28-074e-4235-9cba-fa406a62bcb1","@type":"Metadata"}]
}
...importing ../Marin/MC/json/Quiz_3.assignment.json to PAF was successful
Wed Jan 15 17:03:43 EST 2014
importing ../Marin/MC/json/Quiz_4.assignment.json to PAF...
Tool to make signed request to PAF (ver 0.3c (2013/12/19))
[IN] Parameters:
	url: http://repo.paf.cert.pearsoncmg.com/paf-repo/resources/activities
	header: Content-Type: application/vnd.pearson.paf.v1.envelope+json;body="application/vnd.pearson.paf.v1.assignment+json"
	data source: ../Marin/MC/json/Quiz_4.assignment.json
	data content: '{
  "@context": "http://purl.org/pearson/content/v1/ctx/metadata/envelope", 
  ...
	method: POST
	osecret: 897***
	oconsumer: eco***

[OUT] Server response:
{
	"statusCode": "Created (201)",
	"body":[{"guid":"f14e3415-488d-4fd8-9e8b-38e45b3113d8","@context":"http://purl.org/pearson/content/v1/ctx/metadata/MetadataId","@id":"http://repo.paf.cert.pearsoncmg.com/paf-repo/resources/activities/f14e3415-488d-4fd8-9e8b-38e45b3113d8","@type":"Metadata"}]
}
...importing ../Marin/MC/json/Quiz_4.assignment.json to PAF was successful
Wed Jan 15 17:03:44 EST 2014
importing ../Marin/MC/json/Quiz_5.assignment.json to PAF...
Tool to make signed request to PAF (ver 0.3c (2013/12/19))
[IN] Parameters:
	url: http://repo.paf.cert.pearsoncmg.com/paf-repo/resources/activities
	header: Content-Type: application/vnd.pearson.paf.v1.envelope+json;body="application/vnd.pearson.paf.v1.assignment+json"
	data source: ../Marin/MC/json/Quiz_5.assignment.json
	data content: '{
  "@context": "http://purl.org/pearson/content/v1/ctx/metadata/envelope", 
  ...
	method: POST
	osecret: 897***
	oconsumer: eco***

[OUT] Server response:
{
	"statusCode": "Created (201)",
	"body":[{"guid":"ef3af08e-8dba-4e90-b1fa-9f601d5e7232","@context":"http://purl.org/pearson/content/v1/ctx/metadata/MetadataId","@id":"http://repo.paf.cert.pearsoncmg.com/paf-repo/resources/activities/ef3af08e-8dba-4e90-b1fa-9f601d5e7232","@type":"Metadata"}]
}
...importing ../Marin/MC/json/Quiz_5.assignment.json to PAF was successful
Wed Jan 15 17:03:46 EST 2014
Wed Jan 15 17:07:39 EST 2014
importing ../Marin/MC/json/Marin_Chapter_3_Quiz_1.activity.json to PAF...
Tool to make signed request to PAF (ver 0.3c (2013/12/19))
[IN] Parameters:
	url: http://repo.paf.cert.pearsoncmg.com/paf-repo/resources/activities
	header: Content-Type: application/vnd.pearson.paf.v1.envelope+json;body="application/vnd.pearson.sanvan.v1.activity"
	data source: ../Marin/MC/json/Marin_Chapter_3_Quiz_1.activity.json
	data content: '{
  "@context": "http://purl.org/pearson/content/v1/ctx/metadata/envelope", 
  ...
	method: POST
	osecret: 897***
	oconsumer: eco***

[OUT] Server response:
{
	"statusCode": "Created (201)",
	"body":[{"guid":"7033e619-6a16-4718-9b42-75bdefedaf49","@context":"http://purl.org/pearson/content/v1/ctx/metadata/MetadataId","@id":"http://repo.paf.cert.pearsoncmg.com/paf-repo/resources/activities/7033e619-6a16-4718-9b42-75bdefedaf49","@type":"Metadata"}]
}
...importing ../Marin/MC/json/Marin_Chapter_3_Quiz_1.activity.json to PAF was successful
Wed Jan 15 17:07:40 EST 2014
importing ../Marin/MC/json/Marin_Chapter_3_Quiz_10.activity.json to PAF...
Tool to make signed request to PAF (ver 0.3c (2013/12/19))
[IN] Parameters:
	url: http://repo.paf.cert.pearsoncmg.com/paf-repo/resources/activities
	header: Content-Type: application/vnd.pearson.paf.v1.envelope+json;body="application/vnd.pearson.sanvan.v1.activity"
	data source: ../Marin/MC/json/Marin_Chapter_3_Quiz_10.activity.json
	data content: '{
  "@context": "http://purl.org/pearson/content/v1/ctx/metadata/envelope", 
  ...
	method: POST
	osecret: 897***
	oconsumer: eco***

[OUT] Server response:
{
	"statusCode": "Created (201)",
	"body":[{"guid":"fa591698-9eda-404e-88f5-02be86078730","@context":"http://purl.org/pearson/content/v1/ctx/metadata/MetadataId","@id":"http://repo.paf.cert.pearsoncmg.com/paf-repo/resources/activities/fa591698-9eda-404e-88f5-02be86078730","@type":"Metadata"}]
}
...importing ../Marin/MC/json/Marin_Chapter_3_Quiz_10.activity.json to PAF was successful
Wed Jan 15 17:07:41 EST 2014
importing ../Marin/MC/json/Marin_Chapter_3_Quiz_11.activity.json to PAF...
Tool to make signed request to PAF (ver 0.3c (2013/12/19))
[IN] Parameters:
	url: http://repo.paf.cert.pearsoncmg.com/paf-repo/resources/activities
	header: Content-Type: application/vnd.pearson.paf.v1.envelope+json;body="application/vnd.pearson.sanvan.v1.activity"
	data source: ../Marin/MC/json/Marin_Chapter_3_Quiz_11.activity.json
	data content: '{
  "@context": "http://purl.org/pearson/content/v1/ctx/metadata/envelope", 
  ...
	method: POST
	osecret: 897***
	oconsumer: eco***

[OUT] Server response:
{
	"statusCode": "Created (201)",
	"body":[{"guid":"4853d87c-8461-491a-9c40-c4a5e59cc8d9","@context":"http://purl.org/pearson/content/v1/ctx/metadata/MetadataId","@id":"http://repo.paf.cert.pearsoncmg.com/paf-repo/resources/activities/4853d87c-8461-491a-9c40-c4a5e59cc8d9","@type":"Metadata"}]
}
...importing ../Marin/MC/json/Marin_Chapter_3_Quiz_11.activity.json to PAF was successful
Wed Jan 15 17:07:43 EST 2014
importing ../Marin/MC/json/Marin_Chapter_3_Quiz_12.activity.json to PAF...
Tool to make signed request to PAF (ver 0.3c (2013/12/19))
[IN] Parameters:
	url: http://repo.paf.cert.pearsoncmg.com/paf-repo/resources/activities
	header: Content-Type: application/vnd.pearson.paf.v1.envelope+json;body="application/vnd.pearson.sanvan.v1.activity"
	data source: ../Marin/MC/json/Marin_Chapter_3_Quiz_12.activity.json
	data content: '{
  "@context": "http://purl.org/pearson/content/v1/ctx/metadata/envelope", 
  ...
	method: POST
	osecret: 897***
	oconsumer: eco***

[OUT] Server response:
{
	"statusCode": "Created (201)",
	"body":[{"guid":"8b15c79e-b63f-4a68-94a1-d024fd404f2e","@context":"http://purl.org/pearson/content/v1/ctx/metadata/MetadataId","@id":"http://repo.paf.cert.pearsoncmg.com/paf-repo/resources/activities/8b15c79e-b63f-4a68-94a1-d024fd404f2e","@type":"Metadata"}]
}
...importing ../Marin/MC/json/Marin_Chapter_3_Quiz_12.activity.json to PAF was successful
Wed Jan 15 17:07:44 EST 2014
importing ../Marin/MC/json/Marin_Chapter_3_Quiz_13.activity.json to PAF...
Tool to make signed request to PAF (ver 0.3c (2013/12/19))
[IN] Parameters:
	url: http://repo.paf.cert.pearsoncmg.com/paf-repo/resources/activities
	header: Content-Type: application/vnd.pearson.paf.v1.envelope+json;body="application/vnd.pearson.sanvan.v1.activity"
	data source: ../Marin/MC/json/Marin_Chapter_3_Quiz_13.activity.json
	data content: '{
  "@context": "http://purl.org/pearson/content/v1/ctx/metadata/envelope", 
  ...
	method: POST
	osecret: 897***
	oconsumer: eco***

[OUT] Server response:
{
	"statusCode": "Created (201)",
	"body":[{"guid":"4d75816c-262a-437a-814a-0498226ca445","@context":"http://purl.org/pearson/content/v1/ctx/metadata/MetadataId","@id":"http://repo.paf.cert.pearsoncmg.com/paf-repo/resources/activities/4d75816c-262a-437a-814a-0498226ca445","@type":"Metadata"}]
}
...importing ../Marin/MC/json/Marin_Chapter_3_Quiz_13.activity.json to PAF was successful
Wed Jan 15 17:07:45 EST 2014
importing ../Marin/MC/json/Marin_Chapter_3_Quiz_14.activity.json to PAF...
Tool to make signed request to PAF (ver 0.3c (2013/12/19))
[IN] Parameters:
	url: http://repo.paf.cert.pearsoncmg.com/paf-repo/resources/activities
	header: Content-Type: application/vnd.pearson.paf.v1.envelope+json;body="application/vnd.pearson.sanvan.v1.activity"
	data source: ../Marin/MC/json/Marin_Chapter_3_Quiz_14.activity.json
	data content: '{
  "@context": "http://purl.org/pearson/content/v1/ctx/metadata/envelope", 
  ...
	method: POST
	osecret: 897***
	oconsumer: eco***

[OUT] Server response:
{
	"statusCode": "Created (201)",
	"body":[{"guid":"495a7387-81fb-41db-a532-0feca4fe1a2a","@context":"http://purl.org/pearson/content/v1/ctx/metadata/MetadataId","@id":"http://repo.paf.cert.pearsoncmg.com/paf-repo/resources/activities/495a7387-81fb-41db-a532-0feca4fe1a2a","@type":"Metadata"}]
}
...importing ../Marin/MC/json/Marin_Chapter_3_Quiz_14.activity.json to PAF was successful
Wed Jan 15 17:07:46 EST 2014
importing ../Marin/MC/json/Marin_Chapter_3_Quiz_15.activity.json to PAF...
Tool to make signed request to PAF (ver 0.3c (2013/12/19))
[IN] Parameters:
	url: http://repo.paf.cert.pearsoncmg.com/paf-repo/resources/activities
	header: Content-Type: application/vnd.pearson.paf.v1.envelope+json;body="application/vnd.pearson.sanvan.v1.activity"
	data source: ../Marin/MC/json/Marin_Chapter_3_Quiz_15.activity.json
	data content: '{
  "@context": "http://purl.org/pearson/content/v1/ctx/metadata/envelope", 
  ...
	method: POST
	osecret: 897***
	oconsumer: eco***

[OUT] Server response:
{
	"statusCode": "Created (201)",
	"body":[{"guid":"a370b01a-b4a9-4ccd-bd88-9020ba0a641f","@context":"http://purl.org/pearson/content/v1/ctx/metadata/MetadataId","@id":"http://repo.paf.cert.pearsoncmg.com/paf-repo/resources/activities/a370b01a-b4a9-4ccd-bd88-9020ba0a641f","@type":"Metadata"}]
}
...importing ../Marin/MC/json/Marin_Chapter_3_Quiz_15.activity.json to PAF was successful
Wed Jan 15 17:07:47 EST 2014
importing ../Marin/MC/json/Marin_Chapter_3_Quiz_16.activity.json to PAF...
Tool to make signed request to PAF (ver 0.3c (2013/12/19))
[IN] Parameters:
	url: http://repo.paf.cert.pearsoncmg.com/paf-repo/resources/activities
	header: Content-Type: application/vnd.pearson.paf.v1.envelope+json;body="application/vnd.pearson.sanvan.v1.activity"
	data source: ../Marin/MC/json/Marin_Chapter_3_Quiz_16.activity.json
	data content: '{
  "@context": "http://purl.org/pearson/content/v1/ctx/metadata/envelope", 
  ...
	method: POST
	osecret: 897***
	oconsumer: eco***

[OUT] Server response:
{
	"statusCode": "Created (201)",
	"body":[{"guid":"6053b520-2b3f-443f-b44c-83ebf09694a1","@context":"http://purl.org/pearson/content/v1/ctx/metadata/MetadataId","@id":"http://repo.paf.cert.pearsoncmg.com/paf-repo/resources/activities/6053b520-2b3f-443f-b44c-83ebf09694a1","@type":"Metadata"}]
}
...importing ../Marin/MC/json/Marin_Chapter_3_Quiz_16.activity.json to PAF was successful
Wed Jan 15 17:07:48 EST 2014
importing ../Marin/MC/json/Marin_Chapter_3_Quiz_17.activity.json to PAF...
Tool to make signed request to PAF (ver 0.3c (2013/12/19))
[IN] Parameters:
	url: http://repo.paf.cert.pearsoncmg.com/paf-repo/resources/activities
	header: Content-Type: application/vnd.pearson.paf.v1.envelope+json;body="application/vnd.pearson.sanvan.v1.activity"
	data source: ../Marin/MC/json/Marin_Chapter_3_Quiz_17.activity.json
	data content: '{
  "@context": "http://purl.org/pearson/content/v1/ctx/metadata/envelope", 
  ...
	method: POST
	osecret: 897***
	oconsumer: eco***

[OUT] Server response:
{
	"statusCode": "Created (201)",
	"body":[{"guid":"bfd44f4d-11f4-47b1-a75d-cb4957a0682e","@context":"http://purl.org/pearson/content/v1/ctx/metadata/MetadataId","@id":"http://repo.paf.cert.pearsoncmg.com/paf-repo/resources/activities/bfd44f4d-11f4-47b1-a75d-cb4957a0682e","@type":"Metadata"}]
}
...importing ../Marin/MC/json/Marin_Chapter_3_Quiz_17.activity.json to PAF was successful
Wed Jan 15 17:07:50 EST 2014
importing ../Marin/MC/json/Marin_Chapter_3_Quiz_18.activity.json to PAF...
Tool to make signed request to PAF (ver 0.3c (2013/12/19))
[IN] Parameters:
	url: http://repo.paf.cert.pearsoncmg.com/paf-repo/resources/activities
	header: Content-Type: application/vnd.pearson.paf.v1.envelope+json;body="application/vnd.pearson.sanvan.v1.activity"
	data source: ../Marin/MC/json/Marin_Chapter_3_Quiz_18.activity.json
	data content: '{
  "@context": "http://purl.org/pearson/content/v1/ctx/metadata/envelope", 
  ...
	method: POST
	osecret: 897***
	oconsumer: eco***

[OUT] Server response:
{
	"statusCode": "Created (201)",
	"body":[{"guid":"8efe51dd-b9e9-4c89-aaaa-fd577ee117f9","@context":"http://purl.org/pearson/content/v1/ctx/metadata/MetadataId","@id":"http://repo.paf.cert.pearsoncmg.com/paf-repo/resources/activities/8efe51dd-b9e9-4c89-aaaa-fd577ee117f9","@type":"Metadata"}]
}
...importing ../Marin/MC/json/Marin_Chapter_3_Quiz_18.activity.json to PAF was successful
Wed Jan 15 17:07:51 EST 2014
importing ../Marin/MC/json/Marin_Chapter_3_Quiz_19.activity.json to PAF...
Tool to make signed request to PAF (ver 0.3c (2013/12/19))
[IN] Parameters:
	url: http://repo.paf.cert.pearsoncmg.com/paf-repo/resources/activities
	header: Content-Type: application/vnd.pearson.paf.v1.envelope+json;body="application/vnd.pearson.sanvan.v1.activity"
	data source: ../Marin/MC/json/Marin_Chapter_3_Quiz_19.activity.json
	data content: '{
  "@context": "http://purl.org/pearson/content/v1/ctx/metadata/envelope", 
  ...
	method: POST
	osecret: 897***
	oconsumer: eco***

[OUT] Server response:
{
	"statusCode": "Created (201)",
	"body":[{"guid":"837dc7bd-90fb-493c-971a-b1caf7415791","@context":"http://purl.org/pearson/content/v1/ctx/metadata/MetadataId","@id":"http://repo.paf.cert.pearsoncmg.com/paf-repo/resources/activities/837dc7bd-90fb-493c-971a-b1caf7415791","@type":"Metadata"}]
}
...importing ../Marin/MC/json/Marin_Chapter_3_Quiz_19.activity.json to PAF was successful
Wed Jan 15 17:07:52 EST 2014
importing ../Marin/MC/json/Marin_Chapter_3_Quiz_2.activity.json to PAF...
Tool to make signed request to PAF (ver 0.3c (2013/12/19))
[IN] Parameters:
	url: http://repo.paf.cert.pearsoncmg.com/paf-repo/resources/activities
	header: Content-Type: application/vnd.pearson.paf.v1.envelope+json;body="application/vnd.pearson.sanvan.v1.activity"
	data source: ../Marin/MC/json/Marin_Chapter_3_Quiz_2.activity.json
	data content: '{
  "@context": "http://purl.org/pearson/content/v1/ctx/metadata/envelope", 
  ...
	method: POST
	osecret: 897***
	oconsumer: eco***

[OUT] Server response:
{
	"statusCode": "Created (201)",
	"body":[{"guid":"b0149ce0-58e4-41e0-ad08-c1f6306ffe19","@context":"http://purl.org/pearson/content/v1/ctx/metadata/MetadataId","@id":"http://repo.paf.cert.pearsoncmg.com/paf-repo/resources/activities/b0149ce0-58e4-41e0-ad08-c1f6306ffe19","@type":"Metadata"}]
}
...importing ../Marin/MC/json/Marin_Chapter_3_Quiz_2.activity.json to PAF was successful
Wed Jan 15 17:07:53 EST 2014
importing ../Marin/MC/json/Marin_Chapter_3_Quiz_20.activity.json to PAF...
Tool to make signed request to PAF (ver 0.3c (2013/12/19))
[IN] Parameters:
	url: http://repo.paf.cert.pearsoncmg.com/paf-repo/resources/activities
	header: Content-Type: application/vnd.pearson.paf.v1.envelope+json;body="application/vnd.pearson.sanvan.v1.activity"
	data source: ../Marin/MC/json/Marin_Chapter_3_Quiz_20.activity.json
	data content: '{
  "@context": "http://purl.org/pearson/content/v1/ctx/metadata/envelope", 
  ...
	method: POST
	osecret: 897***
	oconsumer: eco***

[OUT] Server response:
{
	"statusCode": "Created (201)",
	"body":[{"guid":"bc0dcb60-dd26-4744-af05-03c8295587ee","@context":"http://purl.org/pearson/content/v1/ctx/metadata/MetadataId","@id":"http://repo.paf.cert.pearsoncmg.com/paf-repo/resources/activities/bc0dcb60-dd26-4744-af05-03c8295587ee","@type":"Metadata"}]
}
...importing ../Marin/MC/json/Marin_Chapter_3_Quiz_20.activity.json to PAF was successful
Wed Jan 15 17:07:55 EST 2014
importing ../Marin/MC/json/Marin_Chapter_3_Quiz_21.activity.json to PAF...
Tool to make signed request to PAF (ver 0.3c (2013/12/19))
[IN] Parameters:
	url: http://repo.paf.cert.pearsoncmg.com/paf-repo/resources/activities
	header: Content-Type: application/vnd.pearson.paf.v1.envelope+json;body="application/vnd.pearson.sanvan.v1.activity"
	data source: ../Marin/MC/json/Marin_Chapter_3_Quiz_21.activity.json
	data content: '{
  "@context": "http://purl.org/pearson/content/v1/ctx/metadata/envelope", 
  ...
	method: POST
	osecret: 897***
	oconsumer: eco***

[OUT] Server response:
{
	"statusCode": "Created (201)",
	"body":[{"guid":"eb4fac5a-e0c8-4590-bae4-8e4dd0373992","@context":"http://purl.org/pearson/content/v1/ctx/metadata/MetadataId","@id":"http://repo.paf.cert.pearsoncmg.com/paf-repo/resources/activities/eb4fac5a-e0c8-4590-bae4-8e4dd0373992","@type":"Metadata"}]
}
...importing ../Marin/MC/json/Marin_Chapter_3_Quiz_21.activity.json to PAF was successful
Wed Jan 15 17:07:56 EST 2014
importing ../Marin/MC/json/Marin_Chapter_3_Quiz_22.activity.json to PAF...
Tool to make signed request to PAF (ver 0.3c (2013/12/19))
[IN] Parameters:
	url: http://repo.paf.cert.pearsoncmg.com/paf-repo/resources/activities
	header: Content-Type: application/vnd.pearson.paf.v1.envelope+json;body="application/vnd.pearson.sanvan.v1.activity"
	data source: ../Marin/MC/json/Marin_Chapter_3_Quiz_22.activity.json
	data content: '{
  "@context": "http://purl.org/pearson/content/v1/ctx/metadata/envelope", 
  ...
	method: POST
	osecret: 897***
	oconsumer: eco***

[OUT] Server response:
{
	"statusCode": "Created (201)",
	"body":[{"guid":"9b0e2b94-0a52-4ddd-b9c9-a5863298899e","@context":"http://purl.org/pearson/content/v1/ctx/metadata/MetadataId","@id":"http://repo.paf.cert.pearsoncmg.com/paf-repo/resources/activities/9b0e2b94-0a52-4ddd-b9c9-a5863298899e","@type":"Metadata"}]
}
...importing ../Marin/MC/json/Marin_Chapter_3_Quiz_22.activity.json to PAF was successful
Wed Jan 15 17:07:57 EST 2014
importing ../Marin/MC/json/Marin_Chapter_3_Quiz_23.activity.json to PAF...
Tool to make signed request to PAF (ver 0.3c (2013/12/19))
[IN] Parameters:
	url: http://repo.paf.cert.pearsoncmg.com/paf-repo/resources/activities
	header: Content-Type: application/vnd.pearson.paf.v1.envelope+json;body="application/vnd.pearson.sanvan.v1.activity"
	data source: ../Marin/MC/json/Marin_Chapter_3_Quiz_23.activity.json
	data content: '{
  "@context": "http://purl.org/pearson/content/v1/ctx/metadata/envelope", 
  ...
	method: POST
	osecret: 897***
	oconsumer: eco***

[OUT] Server response:
{
	"statusCode": "Created (201)",
	"body":[{"guid":"bc9b63d2-8a4f-42eb-857b-85a81afab7ad","@context":"http://purl.org/pearson/content/v1/ctx/metadata/MetadataId","@id":"http://repo.paf.cert.pearsoncmg.com/paf-repo/resources/activities/bc9b63d2-8a4f-42eb-857b-85a81afab7ad","@type":"Metadata"}]
}
...importing ../Marin/MC/json/Marin_Chapter_3_Quiz_23.activity.json to PAF was successful
Wed Jan 15 17:07:58 EST 2014
importing ../Marin/MC/json/Marin_Chapter_3_Quiz_24.activity.json to PAF...
Tool to make signed request to PAF (ver 0.3c (2013/12/19))
[IN] Parameters:
	url: http://repo.paf.cert.pearsoncmg.com/paf-repo/resources/activities
	header: Content-Type: application/vnd.pearson.paf.v1.envelope+json;body="application/vnd.pearson.sanvan.v1.activity"
	data source: ../Marin/MC/json/Marin_Chapter_3_Quiz_24.activity.json
	data content: '{
  "@context": "http://purl.org/pearson/content/v1/ctx/metadata/envelope", 
  ...
	method: POST
	osecret: 897***
	oconsumer: eco***

[OUT] Server response:
{
	"statusCode": "Created (201)",
	"body":[{"guid":"fc6b968f-b0ad-469c-acfa-a814894de7e6","@context":"http://purl.org/pearson/content/v1/ctx/metadata/MetadataId","@id":"http://repo.paf.cert.pearsoncmg.com/paf-repo/resources/activities/fc6b968f-b0ad-469c-acfa-a814894de7e6","@type":"Metadata"}]
}
...importing ../Marin/MC/json/Marin_Chapter_3_Quiz_24.activity.json to PAF was successful
Wed Jan 15 17:07:59 EST 2014
importing ../Marin/MC/json/Marin_Chapter_3_Quiz_25.activity.json to PAF...
Tool to make signed request to PAF (ver 0.3c (2013/12/19))
[IN] Parameters:
	url: http://repo.paf.cert.pearsoncmg.com/paf-repo/resources/activities
	header: Content-Type: application/vnd.pearson.paf.v1.envelope+json;body="application/vnd.pearson.sanvan.v1.activity"
	data source: ../Marin/MC/json/Marin_Chapter_3_Quiz_25.activity.json
	data content: '{
  "@context": "http://purl.org/pearson/content/v1/ctx/metadata/envelope", 
  ...
	method: POST
	osecret: 897***
	oconsumer: eco***

[OUT] Server response:
{
	"statusCode": "Created (201)",
	"body":[{"guid":"07e5926e-42df-463a-adcd-4f5447ddd7c4","@context":"http://purl.org/pearson/content/v1/ctx/metadata/MetadataId","@id":"http://repo.paf.cert.pearsoncmg.com/paf-repo/resources/activities/07e5926e-42df-463a-adcd-4f5447ddd7c4","@type":"Metadata"}]
}
...importing ../Marin/MC/json/Marin_Chapter_3_Quiz_25.activity.json to PAF was successful
Wed Jan 15 17:08:00 EST 2014
importing ../Marin/MC/json/Marin_Chapter_3_Quiz_3.activity.json to PAF...
Tool to make signed request to PAF (ver 0.3c (2013/12/19))
[IN] Parameters:
	url: http://repo.paf.cert.pearsoncmg.com/paf-repo/resources/activities
	header: Content-Type: application/vnd.pearson.paf.v1.envelope+json;body="application/vnd.pearson.sanvan.v1.activity"
	data source: ../Marin/MC/json/Marin_Chapter_3_Quiz_3.activity.json
	data content: '{
  "@context": "http://purl.org/pearson/content/v1/ctx/metadata/envelope", 
  ...
	method: POST
	osecret: 897***
	oconsumer: eco***

[OUT] Server response:
{
	"statusCode": "Created (201)",
	"body":[{"guid":"20f29dc4-4f47-4655-b55e-5dcde1ca36d4","@context":"http://purl.org/pearson/content/v1/ctx/metadata/MetadataId","@id":"http://repo.paf.cert.pearsoncmg.com/paf-repo/resources/activities/20f29dc4-4f47-4655-b55e-5dcde1ca36d4","@type":"Metadata"}]
}
...importing ../Marin/MC/json/Marin_Chapter_3_Quiz_3.activity.json to PAF was successful
Wed Jan 15 17:08:02 EST 2014
importing ../Marin/MC/json/Marin_Chapter_3_Quiz_4.activity.json to PAF...
Tool to make signed request to PAF (ver 0.3c (2013/12/19))
[IN] Parameters:
	url: http://repo.paf.cert.pearsoncmg.com/paf-repo/resources/activities
	header: Content-Type: application/vnd.pearson.paf.v1.envelope+json;body="application/vnd.pearson.sanvan.v1.activity"
	data source: ../Marin/MC/json/Marin_Chapter_3_Quiz_4.activity.json
	data content: '{
  "@context": "http://purl.org/pearson/content/v1/ctx/metadata/envelope", 
  ...
	method: POST
	osecret: 897***
	oconsumer: eco***

[OUT] Server response:
{
	"statusCode": "Created (201)",
	"body":[{"guid":"571d2ba8-9f09-440d-bac8-a413267f8194","@context":"http://purl.org/pearson/content/v1/ctx/metadata/MetadataId","@id":"http://repo.paf.cert.pearsoncmg.com/paf-repo/resources/activities/571d2ba8-9f09-440d-bac8-a413267f8194","@type":"Metadata"}]
}
...importing ../Marin/MC/json/Marin_Chapter_3_Quiz_4.activity.json to PAF was successful
Wed Jan 15 17:08:03 EST 2014
importing ../Marin/MC/json/Marin_Chapter_3_Quiz_5.activity.json to PAF...
Tool to make signed request to PAF (ver 0.3c (2013/12/19))
[IN] Parameters:
	url: http://repo.paf.cert.pearsoncmg.com/paf-repo/resources/activities
	header: Content-Type: application/vnd.pearson.paf.v1.envelope+json;body="application/vnd.pearson.sanvan.v1.activity"
	data source: ../Marin/MC/json/Marin_Chapter_3_Quiz_5.activity.json
	data content: '{
  "@context": "http://purl.org/pearson/content/v1/ctx/metadata/envelope", 
  ...
	method: POST
	osecret: 897***
	oconsumer: eco***

[OUT] Server response:
{
	"statusCode": "Created (201)",
	"body":[{"guid":"708dd0cb-bd88-4d1b-bcbc-10f789b65772","@context":"http://purl.org/pearson/content/v1/ctx/metadata/MetadataId","@id":"http://repo.paf.cert.pearsoncmg.com/paf-repo/resources/activities/708dd0cb-bd88-4d1b-bcbc-10f789b65772","@type":"Metadata"}]
}
...importing ../Marin/MC/json/Marin_Chapter_3_Quiz_5.activity.json to PAF was successful
Wed Jan 15 17:08:04 EST 2014
importing ../Marin/MC/json/Marin_Chapter_3_Quiz_6.activity.json to PAF...
Tool to make signed request to PAF (ver 0.3c (2013/12/19))
[IN] Parameters:
	url: http://repo.paf.cert.pearsoncmg.com/paf-repo/resources/activities
	header: Content-Type: application/vnd.pearson.paf.v1.envelope+json;body="application/vnd.pearson.sanvan.v1.activity"
	data source: ../Marin/MC/json/Marin_Chapter_3_Quiz_6.activity.json
	data content: '{
  "@context": "http://purl.org/pearson/content/v1/ctx/metadata/envelope", 
  ...
	method: POST
	osecret: 897***
	oconsumer: eco***

[OUT] Server response:
{
	"statusCode": "Created (201)",
	"body":[{"guid":"3b5d058c-7421-45e7-8c84-201b32d191c1","@context":"http://purl.org/pearson/content/v1/ctx/metadata/MetadataId","@id":"http://repo.paf.cert.pearsoncmg.com/paf-repo/resources/activities/3b5d058c-7421-45e7-8c84-201b32d191c1","@type":"Metadata"}]
}
...importing ../Marin/MC/json/Marin_Chapter_3_Quiz_6.activity.json to PAF was successful
Wed Jan 15 17:08:05 EST 2014
importing ../Marin/MC/json/Marin_Chapter_3_Quiz_7.activity.json to PAF...
Tool to make signed request to PAF (ver 0.3c (2013/12/19))
[IN] Parameters:
	url: http://repo.paf.cert.pearsoncmg.com/paf-repo/resources/activities
	header: Content-Type: application/vnd.pearson.paf.v1.envelope+json;body="application/vnd.pearson.sanvan.v1.activity"
	data source: ../Marin/MC/json/Marin_Chapter_3_Quiz_7.activity.json
	data content: '{
  "@context": "http://purl.org/pearson/content/v1/ctx/metadata/envelope", 
  ...
	method: POST
	osecret: 897***
	oconsumer: eco***

[OUT] Server response:
{
	"statusCode": "Created (201)",
	"body":[{"guid":"e204ef55-ce3e-4cbe-b82d-a8f7567b8884","@context":"http://purl.org/pearson/content/v1/ctx/metadata/MetadataId","@id":"http://repo.paf.cert.pearsoncmg.com/paf-repo/resources/activities/e204ef55-ce3e-4cbe-b82d-a8f7567b8884","@type":"Metadata"}]
}
...importing ../Marin/MC/json/Marin_Chapter_3_Quiz_7.activity.json to PAF was successful
Wed Jan 15 17:08:07 EST 2014
importing ../Marin/MC/json/Marin_Chapter_3_Quiz_8.activity.json to PAF...
Tool to make signed request to PAF (ver 0.3c (2013/12/19))
[IN] Parameters:
	url: http://repo.paf.cert.pearsoncmg.com/paf-repo/resources/activities
	header: Content-Type: application/vnd.pearson.paf.v1.envelope+json;body="application/vnd.pearson.sanvan.v1.activity"
	data source: ../Marin/MC/json/Marin_Chapter_3_Quiz_8.activity.json
	data content: '{
  "@context": "http://purl.org/pearson/content/v1/ctx/metadata/envelope", 
  ...
	method: POST
	osecret: 897***
	oconsumer: eco***

[OUT] Server response:
{
	"statusCode": "Created (201)",
	"body":[{"guid":"fcd2b943-5fc6-4a2a-a868-b659aae92787","@context":"http://purl.org/pearson/content/v1/ctx/metadata/MetadataId","@id":"http://repo.paf.cert.pearsoncmg.com/paf-repo/resources/activities/fcd2b943-5fc6-4a2a-a868-b659aae92787","@type":"Metadata"}]
}
...importing ../Marin/MC/json/Marin_Chapter_3_Quiz_8.activity.json to PAF was successful
Wed Jan 15 17:08:08 EST 2014
importing ../Marin/MC/json/Marin_Chapter_3_Quiz_9.activity.json to PAF...
Tool to make signed request to PAF (ver 0.3c (2013/12/19))
[IN] Parameters:
	url: http://repo.paf.cert.pearsoncmg.com/paf-repo/resources/activities
	header: Content-Type: application/vnd.pearson.paf.v1.envelope+json;body="application/vnd.pearson.sanvan.v1.activity"
	data source: ../Marin/MC/json/Marin_Chapter_3_Quiz_9.activity.json
	data content: '{
  "@context": "http://purl.org/pearson/content/v1/ctx/metadata/envelope", 
  ...
	method: POST
	osecret: 897***
	oconsumer: eco***

[OUT] Server response:
{
	"statusCode": "Created (201)",
	"body":[{"guid":"1cc18964-4c6b-4f03-b195-5ca1c7231519","@context":"http://purl.org/pearson/content/v1/ctx/metadata/MetadataId","@id":"http://repo.paf.cert.pearsoncmg.com/paf-repo/resources/activities/1cc18964-4c6b-4f03-b195-5ca1c7231519","@type":"Metadata"}]
}
...importing ../Marin/MC/json/Marin_Chapter_3_Quiz_9.activity.json to PAF was successful
Wed Jan 15 17:08:10 EST 2014
importing ../Marin/MC/json/Marin_Module_3-1_Quiz_1.activity.json to PAF...
Tool to make signed request to PAF (ver 0.3c (2013/12/19))
[IN] Parameters:
	url: http://repo.paf.cert.pearsoncmg.com/paf-repo/resources/activities
	header: Content-Type: application/vnd.pearson.paf.v1.envelope+json;body="application/vnd.pearson.sanvan.v1.activity"
	data source: ../Marin/MC/json/Marin_Module_3-1_Quiz_1.activity.json
	data content: '{
  "@context": "http://purl.org/pearson/content/v1/ctx/metadata/envelope", 
  ...
	method: POST
	osecret: 897***
	oconsumer: eco***

[OUT] Server response:
{
	"statusCode": "Created (201)",
	"body":[{"guid":"9df79c5b-0125-4845-8f0c-863e6784af7b","@context":"http://purl.org/pearson/content/v1/ctx/metadata/MetadataId","@id":"http://repo.paf.cert.pearsoncmg.com/paf-repo/resources/activities/9df79c5b-0125-4845-8f0c-863e6784af7b","@type":"Metadata"}]
}
...importing ../Marin/MC/json/Marin_Module_3-1_Quiz_1.activity.json to PAF was successful
Wed Jan 15 17:08:11 EST 2014
importing ../Marin/MC/json/Marin_Module_3-1_Quiz_2.activity.json to PAF...
Tool to make signed request to PAF (ver 0.3c (2013/12/19))
[IN] Parameters:
	url: http://repo.paf.cert.pearsoncmg.com/paf-repo/resources/activities
	header: Content-Type: application/vnd.pearson.paf.v1.envelope+json;body="application/vnd.pearson.sanvan.v1.activity"
	data source: ../Marin/MC/json/Marin_Module_3-1_Quiz_2.activity.json
	data content: '{
  "@context": "http://purl.org/pearson/content/v1/ctx/metadata/envelope", 
  ...
	method: POST
	osecret: 897***
	oconsumer: eco***

[OUT] Server response:
{
	"statusCode": "Created (201)",
	"body":[{"guid":"ccd52e5e-35c1-4ec1-9a60-20b2ea8e6eda","@context":"http://purl.org/pearson/content/v1/ctx/metadata/MetadataId","@id":"http://repo.paf.cert.pearsoncmg.com/paf-repo/resources/activities/ccd52e5e-35c1-4ec1-9a60-20b2ea8e6eda","@type":"Metadata"}]
}
...importing ../Marin/MC/json/Marin_Module_3-1_Quiz_2.activity.json to PAF was successful
Wed Jan 15 17:08:12 EST 2014
importing ../Marin/MC/json/Marin_Module_3-1_Quiz_3.activity.json to PAF...
Tool to make signed request to PAF (ver 0.3c (2013/12/19))
[IN] Parameters:
	url: http://repo.paf.cert.pearsoncmg.com/paf-repo/resources/activities
	header: Content-Type: application/vnd.pearson.paf.v1.envelope+json;body="application/vnd.pearson.sanvan.v1.activity"
	data source: ../Marin/MC/json/Marin_Module_3-1_Quiz_3.activity.json
	data content: '{
  "@context": "http://purl.org/pearson/content/v1/ctx/metadata/envelope", 
  ...
	method: POST
	osecret: 897***
	oconsumer: eco***

[OUT] Server response:
{
	"statusCode": "Created (201)",
	"body":[{"guid":"c5c4a872-ced6-4c75-b869-3b7d13f1643c","@context":"http://purl.org/pearson/content/v1/ctx/metadata/MetadataId","@id":"http://repo.paf.cert.pearsoncmg.com/paf-repo/resources/activities/c5c4a872-ced6-4c75-b869-3b7d13f1643c","@type":"Metadata"}]
}
...importing ../Marin/MC/json/Marin_Module_3-1_Quiz_3.activity.json to PAF was successful
Wed Jan 15 17:08:13 EST 2014
importing ../Marin/MC/json/Marin_Module_3-1_Quiz_4.activity.json to PAF...
Tool to make signed request to PAF (ver 0.3c (2013/12/19))
[IN] Parameters:
	url: http://repo.paf.cert.pearsoncmg.com/paf-repo/resources/activities
	header: Content-Type: application/vnd.pearson.paf.v1.envelope+json;body="application/vnd.pearson.sanvan.v1.activity"
	data source: ../Marin/MC/json/Marin_Module_3-1_Quiz_4.activity.json
	data content: '{
  "@context": "http://purl.org/pearson/content/v1/ctx/metadata/envelope", 
  ...
	method: POST
	osecret: 897***
	oconsumer: eco***

[OUT] Server response:
{
	"statusCode": "Created (201)",
	"body":[{"guid":"1bb0ff67-4aa7-44e8-8873-e554e1eb01b1","@context":"http://purl.org/pearson/content/v1/ctx/metadata/MetadataId","@id":"http://repo.paf.cert.pearsoncmg.com/paf-repo/resources/activities/1bb0ff67-4aa7-44e8-8873-e554e1eb01b1","@type":"Metadata"}]
}
...importing ../Marin/MC/json/Marin_Module_3-1_Quiz_4.activity.json to PAF was successful
Wed Jan 15 17:08:15 EST 2014
importing ../Marin/MC/json/Marin_Module_3-1_Quiz_5.activity.json to PAF...
Tool to make signed request to PAF (ver 0.3c (2013/12/19))
[IN] Parameters:
	url: http://repo.paf.cert.pearsoncmg.com/paf-repo/resources/activities
	header: Content-Type: application/vnd.pearson.paf.v1.envelope+json;body="application/vnd.pearson.sanvan.v1.activity"
	data source: ../Marin/MC/json/Marin_Module_3-1_Quiz_5.activity.json
	data content: '{
  "@context": "http://purl.org/pearson/content/v1/ctx/metadata/envelope", 
  ...
	method: POST
	osecret: 897***
	oconsumer: eco***

[OUT] Server response:
{
	"statusCode": "Created (201)",
	"body":[{"guid":"19609964-c39f-4a00-9a0a-648307eb7a9e","@context":"http://purl.org/pearson/content/v1/ctx/metadata/MetadataId","@id":"http://repo.paf.cert.pearsoncmg.com/paf-repo/resources/activities/19609964-c39f-4a00-9a0a-648307eb7a9e","@type":"Metadata"}]
}
...importing ../Marin/MC/json/Marin_Module_3-1_Quiz_5.activity.json to PAF was successful
Wed Jan 15 17:08:16 EST 2014
importing ../Marin/MC/json/Marin_Module_3-2_Quiz_1.activity.json to PAF...
Tool to make signed request to PAF (ver 0.3c (2013/12/19))
[IN] Parameters:
	url: http://repo.paf.cert.pearsoncmg.com/paf-repo/resources/activities
	header: Content-Type: application/vnd.pearson.paf.v1.envelope+json;body="application/vnd.pearson.sanvan.v1.activity"
	data source: ../Marin/MC/json/Marin_Module_3-2_Quiz_1.activity.json
	data content: '{
  "@context": "http://purl.org/pearson/content/v1/ctx/metadata/envelope", 
  ...
	method: POST
	osecret: 897***
	oconsumer: eco***

[OUT] Server response:
{
	"statusCode": "Created (201)",
	"body":[{"guid":"52323f82-2681-4b51-b6b3-a242d8f1aef7","@context":"http://purl.org/pearson/content/v1/ctx/metadata/MetadataId","@id":"http://repo.paf.cert.pearsoncmg.com/paf-repo/resources/activities/52323f82-2681-4b51-b6b3-a242d8f1aef7","@type":"Metadata"}]
}
...importing ../Marin/MC/json/Marin_Module_3-2_Quiz_1.activity.json to PAF was successful
Wed Jan 15 17:08:17 EST 2014
importing ../Marin/MC/json/Marin_Module_3-2_Quiz_2.activity.json to PAF...
Tool to make signed request to PAF (ver 0.3c (2013/12/19))
[IN] Parameters:
	url: http://repo.paf.cert.pearsoncmg.com/paf-repo/resources/activities
	header: Content-Type: application/vnd.pearson.paf.v1.envelope+json;body="application/vnd.pearson.sanvan.v1.activity"
	data source: ../Marin/MC/json/Marin_Module_3-2_Quiz_2.activity.json
	data content: '{
  "@context": "http://purl.org/pearson/content/v1/ctx/metadata/envelope", 
  ...
	method: POST
	osecret: 897***
	oconsumer: eco***

[OUT] Server response:
{
	"statusCode": "Created (201)",
	"body":[{"guid":"c9fa539c-ffb1-464b-9b68-1ed6c2977305","@context":"http://purl.org/pearson/content/v1/ctx/metadata/MetadataId","@id":"http://repo.paf.cert.pearsoncmg.com/paf-repo/resources/activities/c9fa539c-ffb1-464b-9b68-1ed6c2977305","@type":"Metadata"}]
}
...importing ../Marin/MC/json/Marin_Module_3-2_Quiz_2.activity.json to PAF was successful
Wed Jan 15 17:08:18 EST 2014
importing ../Marin/MC/json/Marin_Module_3-2_Quiz_3.activity.json to PAF...
Tool to make signed request to PAF (ver 0.3c (2013/12/19))
[IN] Parameters:
	url: http://repo.paf.cert.pearsoncmg.com/paf-repo/resources/activities
	header: Content-Type: application/vnd.pearson.paf.v1.envelope+json;body="application/vnd.pearson.sanvan.v1.activity"
	data source: ../Marin/MC/json/Marin_Module_3-2_Quiz_3.activity.json
	data content: '{
  "@context": "http://purl.org/pearson/content/v1/ctx/metadata/envelope", 
  ...
	method: POST
	osecret: 897***
	oconsumer: eco***

[OUT] Server response:
{
	"statusCode": "Created (201)",
	"body":[{"guid":"19a8cd76-15df-45dd-a0fa-fe7d4a275d59","@context":"http://purl.org/pearson/content/v1/ctx/metadata/MetadataId","@id":"http://repo.paf.cert.pearsoncmg.com/paf-repo/resources/activities/19a8cd76-15df-45dd-a0fa-fe7d4a275d59","@type":"Metadata"}]
}
...importing ../Marin/MC/json/Marin_Module_3-2_Quiz_3.activity.json to PAF was successful
Wed Jan 15 17:08:19 EST 2014
importing ../Marin/MC/json/Marin_Module_3-2_Quiz_4.activity.json to PAF...
Tool to make signed request to PAF (ver 0.3c (2013/12/19))
[IN] Parameters:
	url: http://repo.paf.cert.pearsoncmg.com/paf-repo/resources/activities
	header: Content-Type: application/vnd.pearson.paf.v1.envelope+json;body="application/vnd.pearson.sanvan.v1.activity"
	data source: ../Marin/MC/json/Marin_Module_3-2_Quiz_4.activity.json
	data content: '{
  "@context": "http://purl.org/pearson/content/v1/ctx/metadata/envelope", 
  ...
	method: POST
	osecret: 897***
	oconsumer: eco***

[OUT] Server response:
{
	"statusCode": "Created (201)",
	"body":[{"guid":"717fe90a-dca7-4b90-ac75-712985f8d326","@context":"http://purl.org/pearson/content/v1/ctx/metadata/MetadataId","@id":"http://repo.paf.cert.pearsoncmg.com/paf-repo/resources/activities/717fe90a-dca7-4b90-ac75-712985f8d326","@type":"Metadata"}]
}
...importing ../Marin/MC/json/Marin_Module_3-2_Quiz_4.activity.json to PAF was successful
Wed Jan 15 17:08:20 EST 2014
importing ../Marin/MC/json/Marin_Module_3-2_Quiz_5.activity.json to PAF...
Tool to make signed request to PAF (ver 0.3c (2013/12/19))
[IN] Parameters:
	url: http://repo.paf.cert.pearsoncmg.com/paf-repo/resources/activities
	header: Content-Type: application/vnd.pearson.paf.v1.envelope+json;body="application/vnd.pearson.sanvan.v1.activity"
	data source: ../Marin/MC/json/Marin_Module_3-2_Quiz_5.activity.json
	data content: '{
  "@context": "http://purl.org/pearson/content/v1/ctx/metadata/envelope", 
  ...
	method: POST
	osecret: 897***
	oconsumer: eco***

[OUT] Server response:
{
	"statusCode": "Created (201)",
	"body":[{"guid":"4fbe745e-79f9-45b1-b61c-6918deac7286","@context":"http://purl.org/pearson/content/v1/ctx/metadata/MetadataId","@id":"http://repo.paf.cert.pearsoncmg.com/paf-repo/resources/activities/4fbe745e-79f9-45b1-b61c-6918deac7286","@type":"Metadata"}]
}
...importing ../Marin/MC/json/Marin_Module_3-2_Quiz_5.activity.json to PAF was successful
Wed Jan 15 17:08:22 EST 2014
importing ../Marin/MC/json/Marin_Module_3-3_Quiz_1.activity.json to PAF...
Tool to make signed request to PAF (ver 0.3c (2013/12/19))
[IN] Parameters:
	url: http://repo.paf.cert.pearsoncmg.com/paf-repo/resources/activities
	header: Content-Type: application/vnd.pearson.paf.v1.envelope+json;body="application/vnd.pearson.sanvan.v1.activity"
	data source: ../Marin/MC/json/Marin_Module_3-3_Quiz_1.activity.json
	data content: '{
  "@context": "http://purl.org/pearson/content/v1/ctx/metadata/envelope", 
  ...
	method: POST
	osecret: 897***
	oconsumer: eco***

[OUT] Server response:
{
	"statusCode": "Created (201)",
	"body":[{"guid":"2de9acc8-9f4e-4a09-8fdf-c50c2ec7e331","@context":"http://purl.org/pearson/content/v1/ctx/metadata/MetadataId","@id":"http://repo.paf.cert.pearsoncmg.com/paf-repo/resources/activities/2de9acc8-9f4e-4a09-8fdf-c50c2ec7e331","@type":"Metadata"}]
}
...importing ../Marin/MC/json/Marin_Module_3-3_Quiz_1.activity.json to PAF was successful
Wed Jan 15 17:08:23 EST 2014
importing ../Marin/MC/json/Marin_Module_3-3_Quiz_2.activity.json to PAF...
Tool to make signed request to PAF (ver 0.3c (2013/12/19))
[IN] Parameters:
	url: http://repo.paf.cert.pearsoncmg.com/paf-repo/resources/activities
	header: Content-Type: application/vnd.pearson.paf.v1.envelope+json;body="application/vnd.pearson.sanvan.v1.activity"
	data source: ../Marin/MC/json/Marin_Module_3-3_Quiz_2.activity.json
	data content: '{
  "@context": "http://purl.org/pearson/content/v1/ctx/metadata/envelope", 
  ...
	method: POST
	osecret: 897***
	oconsumer: eco***

[OUT] Server response:
{
	"statusCode": "Created (201)",
	"body":[{"guid":"a7dc5cef-a610-4df4-bb07-15b5fcce67f1","@context":"http://purl.org/pearson/content/v1/ctx/metadata/MetadataId","@id":"http://repo.paf.cert.pearsoncmg.com/paf-repo/resources/activities/a7dc5cef-a610-4df4-bb07-15b5fcce67f1","@type":"Metadata"}]
}
...importing ../Marin/MC/json/Marin_Module_3-3_Quiz_2.activity.json to PAF was successful
Wed Jan 15 17:08:24 EST 2014
importing ../Marin/MC/json/Marin_Module_3-3_Quiz_3.activity.json to PAF...
Tool to make signed request to PAF (ver 0.3c (2013/12/19))
[IN] Parameters:
	url: http://repo.paf.cert.pearsoncmg.com/paf-repo/resources/activities
	header: Content-Type: application/vnd.pearson.paf.v1.envelope+json;body="application/vnd.pearson.sanvan.v1.activity"
	data source: ../Marin/MC/json/Marin_Module_3-3_Quiz_3.activity.json
	data content: '{
  "@context": "http://purl.org/pearson/content/v1/ctx/metadata/envelope", 
  ...
	method: POST
	osecret: 897***
	oconsumer: eco***

[OUT] Server response:
{
	"statusCode": "Created (201)",
	"body":[{"guid":"0322fa04-43ad-422a-be44-886d361decd6","@context":"http://purl.org/pearson/content/v1/ctx/metadata/MetadataId","@id":"http://repo.paf.cert.pearsoncmg.com/paf-repo/resources/activities/0322fa04-43ad-422a-be44-886d361decd6","@type":"Metadata"}]
}
...importing ../Marin/MC/json/Marin_Module_3-3_Quiz_3.activity.json to PAF was successful
Wed Jan 15 17:08:25 EST 2014
importing ../Marin/MC/json/Marin_Module_3-3_Quiz_4.activity.json to PAF...
Tool to make signed request to PAF (ver 0.3c (2013/12/19))
[IN] Parameters:
	url: http://repo.paf.cert.pearsoncmg.com/paf-repo/resources/activities
	header: Content-Type: application/vnd.pearson.paf.v1.envelope+json;body="application/vnd.pearson.sanvan.v1.activity"
	data source: ../Marin/MC/json/Marin_Module_3-3_Quiz_4.activity.json
	data content: '{
  "@context": "http://purl.org/pearson/content/v1/ctx/metadata/envelope", 
  ...
	method: POST
	osecret: 897***
	oconsumer: eco***

[OUT] Server response:
{
	"statusCode": "Created (201)",
	"body":[{"guid":"58183336-0700-466a-a46c-acb2927e451e","@context":"http://purl.org/pearson/content/v1/ctx/metadata/MetadataId","@id":"http://repo.paf.cert.pearsoncmg.com/paf-repo/resources/activities/58183336-0700-466a-a46c-acb2927e451e","@type":"Metadata"}]
}
...importing ../Marin/MC/json/Marin_Module_3-3_Quiz_4.activity.json to PAF was successful
Wed Jan 15 17:08:26 EST 2014
importing ../Marin/MC/json/Marin_Module_3-3_Quiz_5.activity.json to PAF...
Tool to make signed request to PAF (ver 0.3c (2013/12/19))
[IN] Parameters:
	url: http://repo.paf.cert.pearsoncmg.com/paf-repo/resources/activities
	header: Content-Type: application/vnd.pearson.paf.v1.envelope+json;body="application/vnd.pearson.sanvan.v1.activity"
	data source: ../Marin/MC/json/Marin_Module_3-3_Quiz_5.activity.json
	data content: '{
  "@context": "http://purl.org/pearson/content/v1/ctx/metadata/envelope", 
  ...
	method: POST
	osecret: 897***
	oconsumer: eco***

[OUT] Server response:
{
	"statusCode": "Created (201)",
	"body":[{"guid":"809188d7-ad4b-4a46-bcf0-aa50292343bd","@context":"http://purl.org/pearson/content/v1/ctx/metadata/MetadataId","@id":"http://repo.paf.cert.pearsoncmg.com/paf-repo/resources/activities/809188d7-ad4b-4a46-bcf0-aa50292343bd","@type":"Metadata"}]
}
...importing ../Marin/MC/json/Marin_Module_3-3_Quiz_5.activity.json to PAF was successful
Wed Jan 15 17:08:27 EST 2014
importing ../Marin/MC/json/Marin_Module_3-4_Quiz_1.activity.json to PAF...
Tool to make signed request to PAF (ver 0.3c (2013/12/19))
[IN] Parameters:
	url: http://repo.paf.cert.pearsoncmg.com/paf-repo/resources/activities
	header: Content-Type: application/vnd.pearson.paf.v1.envelope+json;body="application/vnd.pearson.sanvan.v1.activity"
	data source: ../Marin/MC/json/Marin_Module_3-4_Quiz_1.activity.json
	data content: '{
  "@context": "http://purl.org/pearson/content/v1/ctx/metadata/envelope", 
  ...
	method: POST
	osecret: 897***
	oconsumer: eco***

[OUT] Server response:
{
	"statusCode": "Created (201)",
	"body":[{"guid":"84fbb0c7-9d24-46c6-a68b-f27849421563","@context":"http://purl.org/pearson/content/v1/ctx/metadata/MetadataId","@id":"http://repo.paf.cert.pearsoncmg.com/paf-repo/resources/activities/84fbb0c7-9d24-46c6-a68b-f27849421563","@type":"Metadata"}]
}
...importing ../Marin/MC/json/Marin_Module_3-4_Quiz_1.activity.json to PAF was successful
Wed Jan 15 17:08:29 EST 2014
importing ../Marin/MC/json/Marin_Module_3-4_Quiz_2.activity.json to PAF...
Tool to make signed request to PAF (ver 0.3c (2013/12/19))
[IN] Parameters:
	url: http://repo.paf.cert.pearsoncmg.com/paf-repo/resources/activities
	header: Content-Type: application/vnd.pearson.paf.v1.envelope+json;body="application/vnd.pearson.sanvan.v1.activity"
	data source: ../Marin/MC/json/Marin_Module_3-4_Quiz_2.activity.json
	data content: '{
  "@context": "http://purl.org/pearson/content/v1/ctx/metadata/envelope", 
  ...
	method: POST
	osecret: 897***
	oconsumer: eco***

[OUT] Server response:
{
	"statusCode": "Created (201)",
	"body":[{"guid":"41da0a01-72b0-4e30-9812-71bfea1ad743","@context":"http://purl.org/pearson/content/v1/ctx/metadata/MetadataId","@id":"http://repo.paf.cert.pearsoncmg.com/paf-repo/resources/activities/41da0a01-72b0-4e30-9812-71bfea1ad743","@type":"Metadata"}]
}
...importing ../Marin/MC/json/Marin_Module_3-4_Quiz_2.activity.json to PAF was successful
Wed Jan 15 17:08:30 EST 2014
importing ../Marin/MC/json/Marin_Module_3-4_Quiz_3.activity.json to PAF...
Tool to make signed request to PAF (ver 0.3c (2013/12/19))
[IN] Parameters:
	url: http://repo.paf.cert.pearsoncmg.com/paf-repo/resources/activities
	header: Content-Type: application/vnd.pearson.paf.v1.envelope+json;body="application/vnd.pearson.sanvan.v1.activity"
	data source: ../Marin/MC/json/Marin_Module_3-4_Quiz_3.activity.json
	data content: '{
  "@context": "http://purl.org/pearson/content/v1/ctx/metadata/envelope", 
  ...
	method: POST
	osecret: 897***
	oconsumer: eco***

[OUT] Server response:
{
	"statusCode": "Created (201)",
	"body":[{"guid":"fe7d01ed-824e-4937-9519-6b58c68a4ae0","@context":"http://purl.org/pearson/content/v1/ctx/metadata/MetadataId","@id":"http://repo.paf.cert.pearsoncmg.com/paf-repo/resources/activities/fe7d01ed-824e-4937-9519-6b58c68a4ae0","@type":"Metadata"}]
}
...importing ../Marin/MC/json/Marin_Module_3-4_Quiz_3.activity.json to PAF was successful
Wed Jan 15 17:08:31 EST 2014
importing ../Marin/MC/json/Marin_Module_3-4_Quiz_4.activity.json to PAF...
Tool to make signed request to PAF (ver 0.3c (2013/12/19))
[IN] Parameters:
	url: http://repo.paf.cert.pearsoncmg.com/paf-repo/resources/activities
	header: Content-Type: application/vnd.pearson.paf.v1.envelope+json;body="application/vnd.pearson.sanvan.v1.activity"
	data source: ../Marin/MC/json/Marin_Module_3-4_Quiz_4.activity.json
	data content: '{
  "@context": "http://purl.org/pearson/content/v1/ctx/metadata/envelope", 
  ...
	method: POST
	osecret: 897***
	oconsumer: eco***

[OUT] Server response:
{
	"statusCode": "Created (201)",
	"body":[{"guid":"ecb77f29-d0dd-4f78-becf-ba674ea3e85b","@context":"http://purl.org/pearson/content/v1/ctx/metadata/MetadataId","@id":"http://repo.paf.cert.pearsoncmg.com/paf-repo/resources/activities/ecb77f29-d0dd-4f78-becf-ba674ea3e85b","@type":"Metadata"}]
}
...importing ../Marin/MC/json/Marin_Module_3-4_Quiz_4.activity.json to PAF was successful
Wed Jan 15 17:08:32 EST 2014
importing ../Marin/MC/json/Marin_Module_3-4_Quiz_5.activity.json to PAF...
Tool to make signed request to PAF (ver 0.3c (2013/12/19))
[IN] Parameters:
	url: http://repo.paf.cert.pearsoncmg.com/paf-repo/resources/activities
	header: Content-Type: application/vnd.pearson.paf.v1.envelope+json;body="application/vnd.pearson.sanvan.v1.activity"
	data source: ../Marin/MC/json/Marin_Module_3-4_Quiz_5.activity.json
	data content: '{
  "@context": "http://purl.org/pearson/content/v1/ctx/metadata/envelope", 
  ...
	method: POST
	osecret: 897***
	oconsumer: eco***

[OUT] Server response:
{
	"statusCode": "Created (201)",
	"body":[{"guid":"3336413f-dbce-4b62-943c-80469f42ed5b","@context":"http://purl.org/pearson/content/v1/ctx/metadata/MetadataId","@id":"http://repo.paf.cert.pearsoncmg.com/paf-repo/resources/activities/3336413f-dbce-4b62-943c-80469f42ed5b","@type":"Metadata"}]
}
...importing ../Marin/MC/json/Marin_Module_3-4_Quiz_5.activity.json to PAF was successful
Wed Jan 15 17:08:33 EST 2014
